------Start of DE processing------ = [12/23/20 15:41:29:617 EST]
Exception = java.lang.ClassNotFoundException
Source = com.ibm.ws.webcontainer.servlet.ServletWrapper.loadServlet
probeid = 208
Stack Dump = java.lang.ClassNotFoundException: com.sun.jersey.spi.container.servlet.ServletContainer
	at com.ibm.ws.classloading.internal.UnifiedClassLoader.findClass(UnifiedClassLoader.java:137)
	at com.ibm.ws.classloading.internal.ThreadContextClassLoader.findClass(ThreadContextClassLoader.java:141)
	at java.lang.ClassLoader.loadClass(ClassLoader.java:418)
	at com.ibm.ws.classloading.internal.UnifiedClassLoader.loadClass0(UnifiedClassLoader.java:116)
	at com.ibm.ws.classloading.internal.UnifiedClassLoader$Delegation.loadClass(UnifiedClassLoader.java:85)
	at com.ibm.ws.classloading.internal.UnifiedClassLoader.loadClass(UnifiedClassLoader.java:109)
	at com.ibm.ws.classloading.internal.ThreadContextClassLoader.loadClass(ThreadContextClassLoader.java:157)
	at java.lang.ClassLoader.loadClass(ClassLoader.java:351)
	at com.ibm.ws.webcontainer.servlet.ServletWrapper$1.run(ServletWrapper.java:1514)
	at java.security.AccessController.doPrivileged(Native Method)
	at com.ibm.ws.webcontainer.servlet.ServletWrapper.loadServlet(ServletWrapper.java:1483)
	at com.ibm.ws.webcontainer.servlet.ServletWrapper.loadOnStartupCheck(ServletWrapper.java:1361)
	at com.ibm.ws.webcontainer.webapp.WebApp.doLoadOnStartupActions(WebApp.java:1201)
	at com.ibm.ws.webcontainer.webapp.WebApp.commonInitializationFinally(WebApp.java:1169)
	at com.ibm.ws.webcontainer.webapp.WebApp.initialize(WebApp.java:1067)
	at com.ibm.ws.webcontainer.webapp.WebApp.initialize(WebApp.java:6683)
	at com.ibm.ws.webcontainer.osgi.DynamicVirtualHost.startWebApp(DynamicVirtualHost.java:470)
	at com.ibm.ws.webcontainer.osgi.DynamicVirtualHost.startWebApplication(DynamicVirtualHost.java:465)
	at com.ibm.ws.webcontainer.osgi.WebContainer.startWebApplication(WebContainer.java:1179)
	at com.ibm.ws.webcontainer.osgi.WebContainer.access$100(WebContainer.java:110)
	at com.ibm.ws.webcontainer.osgi.WebContainer$3.run(WebContainer.java:976)
	at com.ibm.ws.threading.internal.ExecutorServiceImpl$RunnableWrapper.run(ExecutorServiceImpl.java:239)
	at java.util.concurrent.Executors$RunnableAdapter.call(Executors.java:511)
	at java.util.concurrent.FutureTask.run(FutureTask.java:266)
	at java.util.concurrent.ThreadPoolExecutor.runWorker(ThreadPoolExecutor.java:1149)
	at java.util.concurrent.ThreadPoolExecutor$Worker.run(ThreadPoolExecutor.java:624)
	at java.lang.Thread.run(Thread.java:748)

Dump of callerThis
Object type = com.ibm.ws.webcontainer.servlet.ServletWrapper$1
  val$className = "com.sun.jersey.spi.container.servlet.ServletContainer"
  val$servletClass = null
  val$loader = class com.ibm.ws.classloading.internal.ThreadContextClassLoader@6ff28413
    tc = class com.ibm.websphere.ras.TraceComponent@67948f50
      strings[0] = "TraceComponent[com.ibm.ws.classloading.internal.ThreadContextClassLoader,class com.ibm.ws.classloading.internal.ThreadContextClassLoader,[ClassLoadingService],com.ibm.ws.classloading.internal.resources.ClassLoadingServiceMessages,null]"
    bundle = class java.util.concurrent.atomic.AtomicReference@37a53c07
      serialVersionUID = -1848883965231344442
      unsafe = class sun.misc.Unsafe@206edaa5
      valueOffset = 12
      value = class org.eclipse.osgi.internal.framework.EquinoxBundle@5a54b618
    key = "WebModule:GraalVMJAXRSDemo#GraalVMJAXRSDemo.war"
    refCount = class java.util.concurrent.atomic.AtomicInteger@77c090b3
      serialVersionUID = 6214790243416807050
      unsafe = class sun.misc.Unsafe@206edaa5
      valueOffset = 12
      value = 2
      serialVersionUID = -8742448824652078965
    appLoader = class com.ibm.ws.classloading.internal.AppClassLoader@3145e834
      tc = class com.ibm.websphere.ras.TraceComponent@1411153f
      disableSharedClassesCache = false
      PARENT_FIRST_SEARCH_ORDER = class java.util.Collections$UnmodifiableRandomAccessList@241b39ef
      packagesDefined = class java.util.Collections$SetFromMap@1d11bf94
      CLASS_LOADING_TRACE_PREFIX = "com.ibm.ws.class.load."
      DEFAULT_PACKAGE = "default.package"
      perPackageClassLoadingTraceComponents = class java.util.concurrent.ConcurrentHashMap@41cd0ab4
      config = class com.ibm.ws.classloading.internal.ClassLoaderConfigurationImpl@797278f7
      privateLibraries = null
      delegateLoaders = class com.ibm.ws.classloading.internal.util.CompositeIterable@4dbf277
      nativeLibraryFiles = class java.util.ArrayList@14a61067
      transformers = class java.util.ArrayList@3d9720ed
      apiAccess = class com.ibm.ws.classloading.internal.GatewayClassLoader@701c3487
      generator = class com.ibm.ws.classloading.internal.ClassGeneratorManager@59f04ca1
      protectionDomains = class java.util.concurrent.ConcurrentHashMap@57484268
      parent = class com.ibm.ws.classloading.internal.GatewayClassLoader@701c3487
      hook = null
      serialVersionUID = 8734164900246230615
      tc = class com.ibm.websphere.ras.TraceComponent@77ecf7f
      smartClassPath = class com.ibm.ws.classloading.internal.ContainerClassLoader$SmartClassPathImpl@c5b5abc
      nativeLibraryContainers = class java.util.ArrayList@285a4678
      redefiner = class com.ibm.ws.classloading.internal.util.ClassRedefiner@302181d1
      jarProtocol = "wsjar:"
      mapCreationQueue = class java.util.concurrent.Executors$FinalizableDelegatedExecutorService@2cce8bd6
      serialVersionUID = 6399598832433768509
      serialVersionUID = 1837293532091806117
      $$$tc$$$ = class com.ibm.websphere.ras.TraceComponent@24cebe
      serialVersionUID = -4586727107834513475
      $$$tc$$$ = class com.ibm.websphere.ras.TraceComponent@43df0ae4
      serialVersionUID = -7709588811276454856
      $$$tc$$$ = class com.ibm.websphere.ras.TraceComponent@e7c2774
      initialized = true
      pdcache = class java.util.HashMap@3900c725
      debug = null
      parent = class com.ibm.ws.classloading.internal.GatewayClassLoader@701c3487
      parallelLockMap = class java.util.concurrent.ConcurrentHashMap@6fd8f403
      package2certs = class java.util.concurrent.ConcurrentHashMap@15cb1606
      nocerts = class java.security.cert.Certificate[0]
      classes = class java.util.Vector@4d83bf52
      defaultDomain = class java.security.ProtectionDomain@72857028
      packages = class java.util.HashMap@5a55fa97
      scl = class sun.misc.Launcher$AppClassLoader@4e0e2f2a
      sclSet = true
      loadedLibraryNames = class java.util.Vector@64f44b2f
      systemNativeLibraries = class java.util.Vector@10ed7b7e
      nativeLibraries = class java.util.Vector@1763acfd
      nativeLibraryContext = class java.util.Stack@25e1096a
      usr_paths = class java.lang.String[5]
      sys_paths = class java.lang.String[1]
      assertionLock = class java.lang.Object@47caf86c
      defaultAssertionStatus = false
      packageAssertionStatus = null
      classAssertionStatus = null
    clSvc = class com.ibm.ws.classloading.internal.ClassLoadingServiceImpl@153a9c4
      tc = class com.ibm.websphere.ras.TraceComponent@7b0f4962
      leakDetectionMap = class java.util.HashMap@156bca10
      appClassLoaders = class java.util.Collections$SetFromMap@69e0e22b
      TCCL_LOCK_WAIT = 15000
      REFERENCE_GENERATORS = "generators"
      bundleContext = class org.eclipse.osgi.internal.framework.BundleContextImpl@2e4c62fc
      aclStore = class com.ibm.ws.classloading.internal.util.CanonicalStore@13ca04ea
      tcclStore = class com.ibm.ws.classloading.internal.util.CanonicalStore@566015ab
      tcclStoreLock = class java.util.concurrent.locks.ReentrantLock@1d106e3d
      digraph = class org.eclipse.equinox.internal.region.StandardRegionDigraph@730f260e
      redefiner = class com.ibm.ws.classloading.internal.util.ClassRedefiner@302181d1
      listener = class com.ibm.ws.classloading.internal.ClassLoadingServiceImpl$1@66ba0733
      classloaders = class java.util.Collections$SynchronizedMap@7845ec5f
      resourceProviders = class com.ibm.ws.classloading.internal.CompositeResourceProvider@72f09a0f
      rememberedBundles = class java.util.concurrent.ConcurrentHashMap@4ee3b289
      collectedBundles = class java.lang.ref.ReferenceQueue@78d6a7f9
      generatorRefs = class com.ibm.wsspi.kernel.service.utils.ConcurrentServiceReferenceSet@2f268ba8
      generatorManager = class com.ibm.ws.classloading.internal.ClassGeneratorManager@59f04ca1
      appExtLibs = class java.util.concurrent.CopyOnWriteArrayList@ad4daec
      globalConfig = class com.ibm.ws.classloading.configuration.GlobalClassloadingConfiguration@47704d20
      metaInfServicesProviders = class java.util.concurrent.ConcurrentHashMap@5c10e5ad
      metaInfServicesRefs = class com.ibm.wsspi.kernel.service.utils.ConcurrentServiceReferenceMap@7de2fca
      protectionDomainMap = class java.util.HashMap@2bf18667
      metadataIdentifierService = class com.ibm.ws.container.service.metadata.internal.MetaDataServiceImpl@646af230
      globalSharedLibrary = class java.util.concurrent.atomic.AtomicReference@6eadc774
      serialVersionUID = 4365026902615131286
    serialVersionUID = 846416563800781557
    tc = class com.ibm.websphere.ras.TraceComponent@4468b587
      strings[0] = "TraceComponent[com.ibm.ws.classloading.internal.UnifiedClassLoader,class com.ibm.ws.classloading.internal.UnifiedClassLoader,[ClassLoadingService],com.ibm.ws.classloading.internal.resources.ClassLoadingServiceMessages,null]"
    followOnClassLoaders = class java.util.ArrayList@41518817
      serialVersionUID = 8683452581122892189
      DEFAULT_CAPACITY = 10
      EMPTY_ELEMENTDATA = class java.lang.Object[0]
      DEFAULTCAPACITY_EMPTY_ELEMENTDATA = class java.lang.Object[0]
      elementData = class java.lang.Object[10]
      size = 1
      MAX_ARRAY_SIZE = 2147483639
      modCount = 1
      MAX_ARRAY_SIZE = 2147483639
    serialVersionUID = 8829649920524275888
    serialVersionUID = -4586727107834513475
    $$$tc$$$ = class com.ibm.websphere.ras.TraceComponent@43df0ae4
      strings[0] = "TraceComponent[com.ibm.ws.classloading.internal.LibertyLoader,class com.ibm.ws.classloading.internal.LibertyLoader,[ClassLoadingService],com.ibm.ws.classloading.internal.resources.ClassLoadingServiceMessages,null]"
    serialVersionUID = -7709588811276454856
    $$$tc$$$ = class com.ibm.websphere.ras.TraceComponent@e7c2774
      strings[0] = "TraceComponent[com.ibm.ws.classloading.LibertyClassLoader,class com.ibm.ws.classloading.LibertyClassLoader,[ClassLoadingService],com.ibm.ws.classloading.internal.resources.ClassLoadingServiceMessages,null]"
    initialized = true
    pdcache = class java.util.HashMap@5f8ad13e
      serialVersionUID = 362498820763181265
      DEFAULT_INITIAL_CAPACITY = 16
      MAXIMUM_CAPACITY = 1073741824
      DEFAULT_LOAD_FACTOR = 0.75
      TREEIFY_THRESHOLD = 8
      UNTREEIFY_THRESHOLD = 6
      MIN_TREEIFY_CAPACITY = 64
      table = null
      entrySet = null
      size = 0
      modCount = 0
      threshold = 16
      loadFactor = 0.75
      keySet = null
      values = null
    debug = null
    parent = class com.ibm.ws.classloading.internal.GatewayClassLoader@281cc475
      config = class com.ibm.ws.classloading.internal.GatewayConfigurationImpl@75d257be
      wiringMonitor = class com.ibm.ws.classloading.internal.GatewayClassLoader$1@30a8b69a
      bundle = class org.eclipse.osgi.internal.framework.EquinoxBundle@5a54b618
      wiring = class org.eclipse.osgi.container.ModuleWiring@1f6983e9
      bundleLoader = class org.eclipse.osgi.internal.loader.EquinoxClassLoader@48320cbc
      resourceProviders = class com.ibm.ws.classloading.internal.CompositeResourceProvider@72f09a0f
      serialVersionUID = -4256474098847905153
      $$$tc$$$ = class com.ibm.websphere.ras.TraceComponent@490ae493
      parent = class sun.misc.Launcher$AppClassLoader@4e0e2f2a
      parallelLockMap = null
      package2certs = class java.util.Hashtable@2f3acda3
      nocerts = class java.security.cert.Certificate[0]
      classes = class java.util.Vector@5ad3b2b8
      defaultDomain = class java.security.ProtectionDomain@97614c0
      packages = class java.util.HashMap@51f9aebe
      scl = class sun.misc.Launcher$AppClassLoader@4e0e2f2a
      sclSet = true
      loadedLibraryNames = class java.util.Vector@64f44b2f
      systemNativeLibraries = class java.util.Vector@10ed7b7e
      nativeLibraries = class java.util.Vector@285736f7
      nativeLibraryContext = class java.util.Stack@25e1096a
      usr_paths = class java.lang.String[5]
      sys_paths = class java.lang.String[1]
      assertionLock = class com.ibm.ws.classloading.internal.GatewayClassLoader@281cc475
      defaultAssertionStatus = false
      packageAssertionStatus = null
      classAssertionStatus = null
    parallelLockMap = class java.util.concurrent.ConcurrentHashMap@2c3c9774
      serialVersionUID = 7249069246763182397
      MAXIMUM_CAPACITY = 1073741824
      DEFAULT_CAPACITY = 16
      MAX_ARRAY_SIZE = 2147483639
      DEFAULT_CONCURRENCY_LEVEL = 16
      LOAD_FACTOR = 0.75
      TREEIFY_THRESHOLD = 8
      UNTREEIFY_THRESHOLD = 6
      MIN_TREEIFY_CAPACITY = 64
      MIN_TRANSFER_STRIDE = 16
      RESIZE_STAMP_BITS = 16
      MAX_RESIZERS = 65535
      RESIZE_STAMP_SHIFT = 16
      MOVED = -1
      TREEBIN = -2
      RESERVED = -3
      HASH_BITS = 2147483647
      NCPU = 12
      serialPersistentFields = class java.io.ObjectStreamField[3]
      table = class java.util.concurrent.ConcurrentHashMap$Node[16]
      nextTable = null
      baseCount = 1
      sizeCtl = 12
      transferIndex = 0
      cellsBusy = 0
      counterCells = null
      keySet = null
      values = null
      entrySet = null
      U = class sun.misc.Unsafe@206edaa5
      SIZECTL = 20
      TRANSFERINDEX = 32
      BASECOUNT = 24
      CELLSBUSY = 36
      CELLVALUE = 144
      ABASE = 16
      ASHIFT = 2
      keySet = null
      values = null
    package2certs = class java.util.concurrent.ConcurrentHashMap@30bd16be
      serialVersionUID = 7249069246763182397
      MAXIMUM_CAPACITY = 1073741824
      DEFAULT_CAPACITY = 16
      MAX_ARRAY_SIZE = 2147483639
      DEFAULT_CONCURRENCY_LEVEL = 16
      LOAD_FACTOR = 0.75
      TREEIFY_THRESHOLD = 8
      UNTREEIFY_THRESHOLD = 6
      MIN_TREEIFY_CAPACITY = 64
      MIN_TRANSFER_STRIDE = 16
      RESIZE_STAMP_BITS = 16
      MAX_RESIZERS = 65535
      RESIZE_STAMP_SHIFT = 16
      MOVED = -1
      TREEBIN = -2
      RESERVED = -3
      HASH_BITS = 2147483647
      NCPU = 12
      serialPersistentFields = class java.io.ObjectStreamField[3]
      table = null
      nextTable = null
      baseCount = 0
      sizeCtl = 0
      transferIndex = 0
      cellsBusy = 0
      counterCells = null
      keySet = null
      values = null
      entrySet = null
      U = class sun.misc.Unsafe@206edaa5
      SIZECTL = 20
      TRANSFERINDEX = 32
      BASECOUNT = 24
      CELLSBUSY = 36
      CELLVALUE = 144
      ABASE = 16
      ASHIFT = 2
      keySet = null
      values = null
    nocerts = class java.security.cert.Certificate[0]
    classes = class java.util.Vector@7de1318e
      elementData = class java.lang.Object[10]
      elementCount = 0
      capacityIncrement = 0
      serialVersionUID = -2767605614048989439
      MAX_ARRAY_SIZE = 2147483639
      modCount = 0
      MAX_ARRAY_SIZE = 2147483639
    defaultDomain = class java.security.ProtectionDomain@74eb1c2d
      codesource = class java.security.CodeSource@f05a920
      classloader = class com.ibm.ws.classloading.internal.ThreadContextClassLoader@6ff28413
      principals = interface java.security.Principal[0]
      permissions = null
      hasAllPerm = false
      staticPermissions = false
      key = class java.security.ProtectionDomain$Key@1768e5a
      debug = null
    packages = class java.util.HashMap@3c24a2f3
      serialVersionUID = 362498820763181265
      DEFAULT_INITIAL_CAPACITY = 16
      MAXIMUM_CAPACITY = 1073741824
      DEFAULT_LOAD_FACTOR = 0.75
      TREEIFY_THRESHOLD = 8
      UNTREEIFY_THRESHOLD = 6
      MIN_TREEIFY_CAPACITY = 64
      table = null
      entrySet = null
      size = 0
      modCount = 0
      threshold = 0
      loadFactor = 0.75
      keySet = null
      values = null
    scl = class sun.misc.Launcher$AppClassLoader@4e0e2f2a
      ucp = class sun.misc.URLClassPath@5c644666
      $assertionsDisabled = true
      ucp = class sun.misc.URLClassPath@5c644666
      acc = class java.security.AccessControlContext@2abf51f
      closeables = class java.util.WeakHashMap@6022e652
      initialized = true
      pdcache = class java.util.HashMap@1e34b2cf
      debug = null
      parent = class sun.misc.Launcher$ExtClassLoader@609d8019
      parallelLockMap = class java.util.concurrent.ConcurrentHashMap@3d438218
      package2certs = class java.util.concurrent.ConcurrentHashMap@4aa4f394
      nocerts = class java.security.cert.Certificate[0]
      classes = class java.util.Vector@713d92c5
      defaultDomain = class java.security.ProtectionDomain@7d2c49b3
      packages = class java.util.HashMap@5cde474c
      scl = class sun.misc.Launcher$AppClassLoader@4e0e2f2a
      sclSet = true
      loadedLibraryNames = class java.util.Vector@64f44b2f
      systemNativeLibraries = class java.util.Vector@10ed7b7e
      nativeLibraries = class java.util.Vector@318b2710
      nativeLibraryContext = class java.util.Stack@25e1096a
      usr_paths = class java.lang.String[5]
      sys_paths = class java.lang.String[1]
      assertionLock = class java.lang.Object@2cbd305e
      defaultAssertionStatus = false
      packageAssertionStatus = null
      classAssertionStatus = null
    sclSet = true
    loadedLibraryNames = class java.util.Vector@64f44b2f
      elementData = class java.lang.Object[10]
      elementCount = 5
      capacityIncrement = 0
      serialVersionUID = -2767605614048989439
      MAX_ARRAY_SIZE = 2147483639
      modCount = 5
      MAX_ARRAY_SIZE = 2147483639
    systemNativeLibraries = class java.util.Vector@10ed7b7e
      elementData = class java.lang.Object[10]
      elementCount = 5
      capacityIncrement = 0
      serialVersionUID = -2767605614048989439
      MAX_ARRAY_SIZE = 2147483639
      modCount = 5
      MAX_ARRAY_SIZE = 2147483639
    nativeLibraries = class java.util.Vector@3ccb173a
      elementData = class java.lang.Object[10]
      elementCount = 0
      capacityIncrement = 0
      serialVersionUID = -2767605614048989439
      MAX_ARRAY_SIZE = 2147483639
      modCount = 0
      MAX_ARRAY_SIZE = 2147483639
    nativeLibraryContext = class java.util.Stack@25e1096a
      serialVersionUID = 1224463164541339165
      elementData = class java.lang.Object[10]
      elementCount = 0
      capacityIncrement = 0
      serialVersionUID = -2767605614048989439
      MAX_ARRAY_SIZE = 2147483639
      modCount = 10
      MAX_ARRAY_SIZE = 2147483639
    usr_paths = class java.lang.String[5]
      String[0] = "/usr/java/packages/lib/amd64"
      String[1] = "/usr/lib64"
      String[2] = "/lib64"
      String[3] = "/lib"
      String[4] = "/usr/lib"
    sys_paths = class java.lang.String[1]
      String[0] = "/home/sseighma/.sdkman/candidates/java/8.0.265-open/jre/lib/amd64"
    assertionLock = class java.lang.Object@7c5194bb
    defaultAssertionStatus = false
    packageAssertionStatus = null
    classAssertionStatus = null
  val$servletName = "jersey"
  this$0 = class com.ibm.ws.webcontainer.osgi.servlet.ServletWrapper@6f332acd
    serialVersionUID = 1
    _mo = null
    serialVersionUID = -4479626085298397598
    notifyInvocationListeners = false
    UNINITIALIZED_STATE = -1
    AVAILABLE_STATE = 0
    UNAVAILABLE_STATE = 1
    UNAVAILABLE_PERMANENTLY_STATE = 2
    collabHelper = class com.ibm.ws.webcontainer.osgi.collaborator.CollaboratorHelperImpl@55f1e6ee
      webAppInvCollabs = class java.util.Collections$UnmodifiableSet@13fdf38d
      securityDomainForApp = null
      logger = class com.ibm.ws.logging.internal.WsLogger@67c853c4
      staticDefaultSecurityCollaborator = class com.ibm.ws.webcontainer.collaborator.WebAppSecurityCollaborator@435a796d
      logger = class com.ibm.ws.logging.internal.WsLogger@245f59cc
      CLASS_NAME = "com.ibm.wsspi.webcontainer.collaborator.CollaboratorHelper"
      webApp = class com.ibm.ws.webcontainer40.osgi.webapp.WebApp40@3b8da20e
      securityCollaborator = null
      nameSpaceCollaborator = class com.ibm.ws.webcontainer.osgi.collaborator.WebAppNameSpaceCollaboratorImpl@254b380f
      transactionCollaborator = class com.ibm.ws.webcontainer.collaborator.WebAppTransactionCollaborator@7300637a
      connectionCollaborator = class com.ibm.ws.webcontainer.collaborator.ConnectionCollaborator@1ac68f0
      allCollabEnum = class java.util.RegularEnumSet@112de8b9
      servlet_23_or_greater = true
      DEFER_SERVLET_REQUEST_LISTENER_DESTROY_ON_ERROR = false
    nServicing = class java.util.concurrent.atomic.AtomicInteger@1ee68d5c
      serialVersionUID = 6214790243416807050
      unsafe = class sun.misc.Unsafe@206edaa5
      valueOffset = 12
      value = 0
      serialVersionUID = -8742448824652078965
    lastAccessTime = 1608756089602
    state = -1
    logger = class com.ibm.ws.logging.internal.WsLogger@545e4a55
      ivCachedResourceBundleName = null
      ivCachedResourceBundle = null
      ivComponent = null
      ivOrganization = null
      ivProduct = null
      ivMinimumLocalizationLevelIntValue = 625
      ivTC = class com.ibm.websphere.ras.TraceComponent@2e1e9324
      loggerRegistrationComponent = class java.lang.ThreadLocal@60a31604
      emptyHandlers = class java.util.logging.Handler[0]
      offValue = 2147483647
      SYSTEM_LOGGER_RB_NAME = "sun.util.logging.resources.logging"
      SYSTEM_BUNDLE = class java.util.logging.Logger$LoggerBundle@5f39eb96
      NO_RESOURCE_BUNDLE = class java.util.logging.Logger$LoggerBundle@1a76eba9
      manager = class com.ibm.ws.kernel.boot.logging.WsLogManager@629dcdd5
      name = "com.ibm.ws.webcontainer.servlet"
      handlers = class java.util.concurrent.CopyOnWriteArrayList@7892b0ec
      loggerBundle = class java.util.logging.Logger$LoggerBundle@68679133
      useParentHandlers = true
      filter = null
      anonymous = false
      catalog = class com.ibm.ws.webcontainer.resources.Messages@45e11435
      catalogName = "com.ibm.ws.webcontainer.resources.Messages"
      catalogLocale = class java.util.Locale@491e9a39
      treeLock = class java.lang.Object@24664626
      parent = class com.ibm.ws.logging.internal.WsLogger@70dcb590
      kids = null
      levelObject = class java.util.logging.Level@3d515702
      levelValue = 800
      callersClassLoaderRef = class java.lang.ref.WeakReference@a3cdc3
      isSystemLogger = false
      GLOBAL_LOGGER_NAME = "global"
      global = class java.util.logging.Logger@2a8a1b56
      $assertionsDisabled = true
    CLASS_NAME = "com.ibm.ws.webcontainer.servlet.ServletWrapper"
    nls = class com.ibm.ejs.ras.TraceNLS@4b370804
      resolver = class com.ibm.ws.logging.internal.TraceNLSResolver@6cbae1f1
      finder = null
      ivBundleName = "com.ibm.ws.webcontainer.resources.Messages"
      caller = class java.lang.Class@37850e74
    servletConfig = class com.ibm.ws.webcontainer.servlet.ServletConfig@112b511a
      logger = class com.ibm.ws.logging.internal.WsLogger@545e4a55
      CLASS_NAME = "com.ibm.ws.webcontainer.servlet.ServletConfig"
      nls = class com.ibm.ejs.ras.TraceNLS@297fcedf
      liberty_nls = class com.ibm.ejs.ras.TraceNLS@7e787f12
      enabled = true
      servletName = "jersey"
      className = "com.sun.jersey.spi.container.servlet.ServletContainer"
      mappings = class java.util.ArrayList@115cb649
      startUpWeight = 1
      DEFAULT_STARTUP = -1
      isCachingEnabled = true
      isStatisticsEnabled = true
      isInternal = false
      metaData = class com.ibm.ws.webcontainer.osgi.metadata.WebComponentMetaDataImpl@2dd4949d
      singleThreadModelServlet = false
      isJsp = false
      webAppConfig = class com.ibm.ws.webcontainer.osgi.webapp.WebAppConfiguration@361bf68b
      servletWrapper = class com.ibm.ws.webcontainer.osgi.servlet.ServletWrapper@6f332acd
      servletClass = null
      servlet = null
      addedToLoadOnStartup = true
      previousWeight = null
      multipartConfig = null
      multipartConfigBaseLocation = null
      runAsRole = null
      servletSecurityElement = null
      declareRolesAnnotation = null
      logger = class com.ibm.ws.logging.internal.WsLogger@545e4a55
      CLASS_NAME = "com.ibm.ws.webcontainer.servlet.TargetConfig"
      initParams = class java.util.HashMap@47b7ce62
      fileName = null
      displayName = null
      name = "jersey"
      description = null
      smallIcon = null
      largeIcon = null
      context = class com.ibm.ws.webcontainer40.facade.ServletContextFacade40@31516c34
      className = null
      asyncSupported = false
      _id = "ServletGeneratedId1"
      _attributes = null
      serialVersionUID = 7511545662945734886
      $$$tc$$$ = class com.ibm.websphere.ras.TraceComponent@756dadac
    context = class com.ibm.ws.webcontainer40.osgi.webapp.WebApp40@3b8da20e
      tc = class com.ibm.websphere.ras.TraceComponent@6530fd55
      servlet40NLS = class com.ibm.ejs.ras.TraceNLS@4bf1bc4b
      CLASS_NAME = "com.ibm.ws.webcontainer40.osgi.webapp.WebApp40"
      defaultSessionTimeout = 30
      tc = class com.ibm.websphere.ras.TraceComponent@37c24290
      CLASS_NAME = "com.ibm.ws.webcontainer31.osgi.webapp.WebApp31"
      servlet31NLS = class com.ibm.ejs.ras.TraceNLS@3ac492af
      validListenerClasses = class java.lang.Class[7]
      wsocServHandler = null
      tc = class com.ibm.websphere.ras.TraceComponent@5bc9c36f
      CLASS_NAME = "com.ibm.ws.webcontainer.osgi.webapp.WebApp"
      metaDataService = class com.ibm.ws.container.service.metadata.internal.MetaDataServiceImpl@646af230
      namespacePopulated = false
      referenceContext = class com.ibm.ws.injectionengine.osgi.internal.OSGiReferenceContextImpl@56cdb8ae
      j2eeNameFactory = class com.ibm.ws.container.service.metadata.internal.J2EENameFactoryImpl@7a2545f8
      moduleLoader = class com.ibm.ws.classloading.internal.AppClassLoader@3145e834
      webAppConfig = class com.ibm.ws.webcontainer.osgi.webapp.WebAppConfiguration@361bf68b
      extensionProcessingDisabled = false
      managedObjectService = class com.ibm.ws.managedobject.internal.ManagedObjectServiceImpl@67ef82ac
      internalServletMetaData = interface com.ibm.wsspi.webcontainer.metadata.WebComponentMetaData[2]
      loginProcessor = null
      logoutProcessor = null
      collabHelper = class com.ibm.ws.webcontainer.osgi.collaborator.CollaboratorHelperImpl@55f1e6ee
      envObject = class com.ibm.ws.util.WSThreadLocal@334a3cad
      orderedLibPaths = class java.util.Collections$UnmodifiableRandomAccessList@1c5226fc
      perm = class com.ibm.websphere.security.WebSphereRuntimePermission@38e5154
      WELCOME_FILE_LIST = "com.ibm.ws.webcontainer.config.WelcomeFileList"
      DIR_BROWSING_MAPPING = "__dirBrowsing__1608756089482"
      FILTER_PROXY_MAPPING = "/__filterProxy__1608756089482"
      logger = class com.ibm.ws.logging.internal.WsLogger@531c8dae
      CLASS_NAME = "com.ibm.ws.webcontainer.webapp.WebApp"
      loader = class com.ibm.ws.classloading.internal.ThreadContextClassLoader@6ff28413
      facade = class com.ibm.ws.webcontainer40.facade.ServletContextFacade40@31516c34
      features = class java.util.ArrayList@3cb9c924
      applicationName = "GraalVMJAXRSDemo"
      config = class com.ibm.ws.webcontainer.osgi.webapp.WebAppConfiguration@361bf68b
      securityEnabledForApp = null
      webExtensionProcessor = class com.ibm.ws.webcontainer.osgi.extension.WebExtensionProcessor@4d4c2b16
      production = true
      isServlet23 = true
      contextPath = "/LibertyProject"
      internalServletList = class [Ljava.lang.String;[2]
      BY_NAME_ONLY = "/_1608756089482_/"
      filterManager = null
      documentRoot = null
      SERVLET_API_VERSION = "Servlet 2.5"
      disableServletAuditLogging = -1
      serverInfo = "IBM WebSphere Liberty/20.0.0.12"
      sessionCtx = class com.ibm.ws.webcontainer31.session.impl.HttpSessionContext31Impl@40805d55
      eventSource = class com.ibm.ws.webcontainer.webapp.WebAppEventSource@1da75bc8
      nls = class com.ibm.ejs.ras.TraceNLS@32025c88
      liberty_nls = class com.ibm.ejs.ras.TraceNLS@1e3ac545
      error_nls = class com.ibm.ejs.ras.TraceNLS@316865a0
      sessionListeners = class java.util.ArrayList@73c0ec2d
      sessionIdListeners = class java.util.ArrayList@538618c1
      sessionAttrListeners = class java.util.ArrayList@1bdeff19
      addedSessionListeners = class java.util.ArrayList@6969cca7
      addedSessionAttrListeners = class java.util.ArrayList@1dbce423
      servletContextListeners = class java.util.ArrayList@7e1fb745
      servletContextLAttrListeners = class java.util.ArrayList@1255b9a8
      servletRequestListeners = class java.util.ArrayList@357e53b1
      servletRequestLAttrListeners = class java.util.ArrayList@4f1924c1
      prependSlashToResource = false
      destroyed = false
      webAppNameSpaceCollab = class com.ibm.ws.webcontainer.osgi.collaborator.WebAppNameSpaceCollaboratorImpl@254b380f
      txCollab = class com.ibm.ws.webcontainer.collaborator.WebAppTransactionCollaborator@7300637a
      sessionActivationListeners = class java.util.ArrayList@4cbf17f8
      sessionBindingListeners = class java.util.ArrayList@73187f3e
      scratchdir = null
      jspClassLoaderLimit = 0
      jspClassLoaderExclusionList = null
      jspClassLoadersMap = null
      jspClassLoaderLimitTrackIF = false
      defaultExtProc = null
      directoryBrowsingServlet = null
      cdiContexts = class java.util.concurrent.ConcurrentHashMap@34bc4937
      moduleConfig = class com.ibm.ws.webcontainer.osgi.container.DeployedModule@32055c4d
      extensionFactories = class java.util.ArrayList@6b19d22
      initialized = false
      lock = class com.ibm.ws.webcontainer.webapp.WebApp$1@36e0f345
      afterServletContextCreated = false
      redirectContextRoot = false
      errorExceptionTypeFirst = false
      initFilterBeforeServletInit = false
      SET_400_SC_ON_TOO_MANY_PARENT_DIRS = false
      sortedServletConfigs = class java.util.ArrayList@60c3e15f
      effectiveMajorVersion = 2
      effectiveMinorVersion = 4
      canAddServletContextListener = true
      withinContextInitOfProgAddListener = false
      lastProgAddListenerInitialized = null
      webInfLibClassloader = null
      metaInfCache = class com.ibm.ws.webcontainer.webapp.WebApp$2@78bc3e3e
      useMetaInfCache = true
      SUN_CONFIGURE_LISTENER_CLASSNAME = "com.sun.faces.config.ConfigureListener"
      MYFACES_LIFECYCLE_LISTENER_CLASSNAME = "org.apache.myfaces.webapp.StartupServletContextListener"
      JSF_IMPL_ENABLED_PARAM = "com.ibm.ws.jsf.JSF_IMPL_ENABLED"
      JSF_IMPL_ENABLED_CUSTOM = "Custom"
      JSF_IMPL_ENABLED_NONE = "None"
      staticDocRoot = class com.ibm.ws.webcontainer.util.DocumentRootUtils@726ef486
      jspDocRoot = class com.ibm.ws.webcontainer.util.DocumentRootUtils@43a55b55
      container = class com.ibm.ws.adaptable.module.internal.AdaptableContainerImpl@7086f8d4
      metaInfResourceFinder = class com.ibm.ws.webcontainer.util.MetaInfResourceFinder@3c139367
      postConstructMethods = class com.ibm.ws.webcontainer.webapp.WebApp$AnnotatedMethods@25470715
      preDestroyMethods = class com.ibm.ws.webcontainer.webapp.WebApp$AnnotatedMethods@20881dff
      OBJ_EMPTY = class java.lang.Object[0]
      CLASS_EMPTY = class java.lang.Class[0]
      DEFAULT_JSP_EXTENSIONS = class java.util.ArrayList@491e8548
      DEFER_SERVLET_REQUEST_LISTENER_DESTROY_ON_ERROR = false
      DO_ACCEPT_PARTIAL = true
      DO_NOT_ACCEPT_PARTIAL = false
      DO_ACCEPT_EXCLUDED = true
      DO_NOT_ACCEPT_EXCLUDED = false
      commands = class java.util.ArrayList@7454722b
      requestMapper = class com.ibm.wsspi.webcontainer.util.URIMapper@14d3eebb
      parent = class com.ibm.ws.webcontainer.osgi.webapp.WebGroup@295a1dac
      name = "GraalVMJAXRSDemo"
      isAlive = true
      subElements = null
      attributes = class java.util.concurrent.ConcurrentHashMap@22dfb51f
      config = null
      serialVersionUID = -8271459000149267764
      $$$tc$$$ = class com.ibm.websphere.ras.TraceComponent@1a4eff05
    target = null
    cacheWrappers = null
    targetLoader = class com.ibm.ws.classloading.internal.ThreadContextClassLoader@6ff28413
    evtSource = class com.ibm.ws.webcontainer.webapp.WebAppEventSource@1da75bc8
      _invocationListeners = class com.ibm.ws.webcontainer.util.EventListeners@4aaf062e
      _servletListeners = class com.ibm.ws.webcontainer.util.EventListeners@5bde7102
      _errorListeners = class com.ibm.ws.webcontainer.util.EventListeners@46eaaf1
      _applicationListeners = class com.ibm.ws.webcontainer.util.EventListeners@2c0973f3
      _filterInvocationListeners = class com.ibm.ws.webcontainer.util.EventListeners@1e258e2a
      _filterListeners = class com.ibm.ws.webcontainer.util.EventListeners@36dbba8d
      _filterErrorListeners = class com.ibm.ws.webcontainer.util.EventListeners@4713b785
    event = null
    unavailableMessage = null
    unavailableUntil = -1
    isSTM = false
    internalServlet = false
    webAppInvocationCollaborators = null
    platformHelper = class com.ibm.ws.webcontainer.PlatformHelper@6e231750
    webAppNameSpaceCollab = class com.ibm.ws.webcontainer.osgi.collaborator.WebAppNameSpaceCollaboratorImpl@254b380f
      cmdai = class com.ibm.ws.threadContext.ComponentMetaDataAccessorImpl@503cfe26
    txCollab = class com.ibm.ws.webcontainer.collaborator.WebAppTransactionCollaborator@7300637a
      logger = class com.ibm.ws.logging.internal.WsLogger@67c853c4
      CLASS_NAME = "com.ibm.ws.webcontainer.collaborator.WebAppTransactionCollaborator"
    suppressServletExceptionLogging = false
    throwExceptionEnum = class java.util.RegularEnumSet@54de0fc9
      serialVersionUID = 3411599620347842686
      elements = 256
      elementType = class java.lang.Class@599b84e7
      universe = class com.ibm.wsspi.webcontainer.collaborator.CollaboratorInvocationEnum[9]
      ZERO_LENGTH_ENUM_ARRAY = class java.lang.Enum[0]
      MAX_ARRAY_SIZE = 2147483639
    discernUnavailableServlet = false
    reInitServletonInitUnavailableException = true
    destroyServletonServiceUnavailableException = false
    servlet23 = true
    PARAMS_HEAD_TRACE = class java.lang.Class[2]
      Class[0] = class java.lang.Class@334395ab
      Class[1] = class java.lang.Class@1d0950a8
    defaultHeadMethodInUse = false
    defaultTraceMethodInUse = false
    checkedForDefaultMethods = null
    defaultTraceRequestBehavior = false
    defaultHeadRequestBehavior = false
    useOriginalRequestState = false
    warningStatusSet = false
    LSTRING_FILE = "javax.servlet.LocalStrings"
    lStrings = class java.util.PropertyResourceBundle@2e2d679d
      lookup = class java.util.HashMap@12045c87
      INITIAL_CACHE_SIZE = 32
      NONEXISTENT_BUNDLE = class java.util.ResourceBundle$1@2315bcae
      cacheList = class java.util.concurrent.ConcurrentHashMap@15d2f389
      referenceQueue = class java.lang.ref.ReferenceQueue@258265d0
      parent = null
      locale = class java.util.Locale@5883ceab
      name = "javax.servlet.LocalStrings"
      expired = false
      cacheKey = class java.util.ResourceBundle$CacheKey@56fde9d9
      keySet = null
      providers = null
      $assertionsDisabled = true
    config = null

