------Start of DE processing------ = [12/23/20 15:52:56:746 EST]
Exception = java.lang.ArrayIndexOutOfBoundsException
Source = com.ibm.ws.webcontainer.servlet.ServletWrapper.init
probeid = 181
Stack Dump = java.lang.ArrayIndexOutOfBoundsException: 883
	at org.objectweb.asm.ClassReader.readClass(Unknown Source)
	at org.objectweb.asm.ClassReader.accept(Unknown Source)
	at org.objectweb.asm.ClassReader.accept(Unknown Source)
	at com.sun.jersey.spi.scanning.AnnotationScannerListener.onProcess(AnnotationScannerListener.java:136)
	at com.sun.jersey.core.spi.scanning.uri.FileSchemeScanner$1.f(FileSchemeScanner.java:86)
	at com.sun.jersey.core.util.Closing.f(Closing.java:71)
	at com.sun.jersey.core.spi.scanning.uri.FileSchemeScanner.scanDirectory(FileSchemeScanner.java:83)
	at com.sun.jersey.core.spi.scanning.uri.FileSchemeScanner.scan(FileSchemeScanner.java:71)
	at com.sun.jersey.core.spi.scanning.PackageNamesScanner.scan(PackageNamesScanner.java:225)
	at com.sun.jersey.core.spi.scanning.PackageNamesScanner.scan(PackageNamesScanner.java:141)
	at com.sun.jersey.api.core.ScanningResourceConfig.init(ScanningResourceConfig.java:80)
	at com.sun.jersey.api.core.PackagesResourceConfig.init(PackagesResourceConfig.java:104)
	at com.sun.jersey.api.core.PackagesResourceConfig.<init>(PackagesResourceConfig.java:78)
	at com.sun.jersey.api.core.PackagesResourceConfig.<init>(PackagesResourceConfig.java:89)
	at com.sun.jersey.spi.container.servlet.WebComponent.createResourceConfig(WebComponent.java:696)
	at com.sun.jersey.spi.container.servlet.WebComponent.createResourceConfig(WebComponent.java:674)
	at com.sun.jersey.spi.container.servlet.WebComponent.init(WebComponent.java:203)
	at com.sun.jersey.spi.container.servlet.ServletContainer.init(ServletContainer.java:374)
	at com.sun.jersey.spi.container.servlet.ServletContainer.init(ServletContainer.java:557)
	at javax.servlet.GenericServlet.init(GenericServlet.java:244)
	at com.ibm.ws.webcontainer.servlet.ServletWrapper.init(ServletWrapper.java:291)
	at com.ibm.ws.webcontainer.servlet.ServletWrapper.loadOnStartupCheck(ServletWrapper.java:1373)
	at com.ibm.ws.webcontainer.webapp.WebApp.doLoadOnStartupActions(WebApp.java:1201)
	at com.ibm.ws.webcontainer.webapp.WebApp.commonInitializationFinally(WebApp.java:1169)
	at com.ibm.ws.webcontainer.webapp.WebApp.initialize(WebApp.java:1067)
	at com.ibm.ws.webcontainer.webapp.WebApp.initialize(WebApp.java:6683)
	at com.ibm.ws.webcontainer.osgi.DynamicVirtualHost.startWebApp(DynamicVirtualHost.java:470)
	at com.ibm.ws.webcontainer.osgi.DynamicVirtualHost.startWebApplication(DynamicVirtualHost.java:465)
	at com.ibm.ws.webcontainer.osgi.WebContainer.startWebApplication(WebContainer.java:1179)
	at com.ibm.ws.webcontainer.osgi.WebContainer.access$100(WebContainer.java:110)
	at com.ibm.ws.webcontainer.osgi.WebContainer$3.run(WebContainer.java:976)
	at com.ibm.ws.threading.internal.ExecutorServiceImpl$RunnableWrapper.run(ExecutorServiceImpl.java:239)
	at java.util.concurrent.Executors$RunnableAdapter.call(Executors.java:511)
	at java.util.concurrent.FutureTask.run(FutureTask.java:266)
	at java.util.concurrent.ThreadPoolExecutor.runWorker(ThreadPoolExecutor.java:1149)
	at java.util.concurrent.ThreadPoolExecutor$Worker.run(ThreadPoolExecutor.java:624)
	at java.lang.Thread.run(Thread.java:748)

Dump of callerThis
Object type = com.ibm.ws.webcontainer.osgi.servlet.ServletWrapper
  serialVersionUID = 1
  _mo = class com.ibm.ws.managedobject.internal.ManagedObjectImpl@3a1717a1
    object = "<sensitive com.sun.jersey.spi.container.servlet.ServletContainer@2c2d271c>"
    serialVersionUID = 316670419635262281
    $$$tc$$$ = class com.ibm.websphere.ras.TraceComponent@26d90ea4
      strings[0] = "TraceComponent[com.ibm.ws.managedobject.internal.ManagedObjectImpl,class com.ibm.ws.managedobject.internal.ManagedObjectImpl,[],null,null]"
  serialVersionUID = -4479626085298397598
  notifyInvocationListeners = false
  UNINITIALIZED_STATE = -1
  AVAILABLE_STATE = 0
  UNAVAILABLE_STATE = 1
  UNAVAILABLE_PERMANENTLY_STATE = 2
  collabHelper = class com.ibm.ws.webcontainer.osgi.collaborator.CollaboratorHelperImpl@2b55e9ad
    webAppInvCollabs = class java.util.Collections$UnmodifiableSet@5b85c1ff
      serialVersionUID = -9215047833775013803
      serialVersionUID = 1820017752578914078
      c = class java.util.concurrent.CopyOnWriteArraySet@10b77469
    securityDomainForApp = null
    logger = class com.ibm.ws.logging.internal.WsLogger@750f0139
    staticDefaultSecurityCollaborator = class com.ibm.ws.webcontainer.collaborator.WebAppSecurityCollaborator@1cf13dd
    logger = class com.ibm.ws.logging.internal.WsLogger@75392f94
      ivCachedResourceBundleName = null
      ivCachedResourceBundle = null
      ivComponent = null
      ivOrganization = null
      ivProduct = null
      ivMinimumLocalizationLevelIntValue = 625
      ivTC = class com.ibm.websphere.ras.TraceComponent@23f6f7df
      loggerRegistrationComponent = class java.lang.ThreadLocal@42f9e8e3
      emptyHandlers = class java.util.logging.Handler[0]
      offValue = 2147483647
      SYSTEM_LOGGER_RB_NAME = "sun.util.logging.resources.logging"
      SYSTEM_BUNDLE = class java.util.logging.Logger$LoggerBundle@16179bba
      NO_RESOURCE_BUNDLE = class java.util.logging.Logger$LoggerBundle@72561a26
      manager = class com.ibm.ws.kernel.boot.logging.WsLogManager@7f655a7f
      name = "com.ibm.wsspi.webcontainer.collaborator"
      handlers = class java.util.concurrent.CopyOnWriteArrayList@2c822fe0
      loggerBundle = class java.util.logging.Logger$LoggerBundle@1a891dff
      useParentHandlers = true
      filter = null
      anonymous = false
      catalog = class com.ibm.ws.webcontainer.resources.Messages@1df85457
      catalogName = "com.ibm.ws.webcontainer.resources.Messages"
      catalogLocale = class java.util.Locale@489b4335
      treeLock = class java.lang.Object@5637251d
      parent = class java.util.logging.Logger@4cd83a0
      kids = null
      levelObject = class java.util.logging.Level@392abf9b
      levelValue = 800
      callersClassLoaderRef = class java.lang.ref.WeakReference@566e6ff2
      isSystemLogger = false
      GLOBAL_LOGGER_NAME = "global"
      global = class java.util.logging.Logger@44ca06c7
      $assertionsDisabled = true
    CLASS_NAME = "com.ibm.wsspi.webcontainer.collaborator.CollaboratorHelper"
    webApp = class com.ibm.ws.webcontainer40.osgi.webapp.WebApp40@11004eaa
    securityCollaborator = class com.ibm.ws.webcontainer.collaborator.WebAppSecurityCollaborator@1cf13dd
    nameSpaceCollaborator = class com.ibm.ws.webcontainer.osgi.collaborator.WebAppNameSpaceCollaboratorImpl@1a88622c
    transactionCollaborator = class com.ibm.ws.webcontainer.collaborator.WebAppTransactionCollaborator@587b16b1
    connectionCollaborator = class com.ibm.ws.webcontainer.collaborator.ConnectionCollaborator@c692f5
    allCollabEnum = class java.util.RegularEnumSet@79ee38cb
      serialVersionUID = 3411599620347842686
      elements = 511
      elementType = class java.lang.Class@1d6ed762
      universe = class com.ibm.wsspi.webcontainer.collaborator.CollaboratorInvocationEnum[9]
      ZERO_LENGTH_ENUM_ARRAY = class java.lang.Enum[0]
      MAX_ARRAY_SIZE = 2147483639
    servlet_23_or_greater = true
    DEFER_SERVLET_REQUEST_LISTENER_DESTROY_ON_ERROR = false
  nServicing = class java.util.concurrent.atomic.AtomicInteger@196546da
    serialVersionUID = 6214790243416807050
    unsafe = class sun.misc.Unsafe@42f59a05
      theUnsafe = class sun.misc.Unsafe@42f59a05
      INVALID_FIELD_OFFSET = -1
      ARRAY_BOOLEAN_BASE_OFFSET = 16
      ARRAY_BYTE_BASE_OFFSET = 16
      ARRAY_SHORT_BASE_OFFSET = 16
      ARRAY_CHAR_BASE_OFFSET = 16
      ARRAY_INT_BASE_OFFSET = 16
      ARRAY_LONG_BASE_OFFSET = 16
      ARRAY_FLOAT_BASE_OFFSET = 16
      ARRAY_DOUBLE_BASE_OFFSET = 16
      ARRAY_OBJECT_BASE_OFFSET = 16
      ARRAY_BOOLEAN_INDEX_SCALE = 1
      ARRAY_BYTE_INDEX_SCALE = 1
      ARRAY_SHORT_INDEX_SCALE = 2
      ARRAY_CHAR_INDEX_SCALE = 2
      ARRAY_INT_INDEX_SCALE = 4
      ARRAY_LONG_INDEX_SCALE = 8
      ARRAY_FLOAT_INDEX_SCALE = 4
      ARRAY_DOUBLE_INDEX_SCALE = 8
      ARRAY_OBJECT_INDEX_SCALE = 4
      ADDRESS_SIZE = 8
    valueOffset = 12
    value = 0
    serialVersionUID = -8742448824652078965
  lastAccessTime = 1608756776575
  state = -1
  logger = class com.ibm.ws.logging.internal.WsLogger@658b037d
    ivCachedResourceBundleName = null
    ivCachedResourceBundle = null
    ivComponent = null
    ivOrganization = null
    ivProduct = null
    ivMinimumLocalizationLevelIntValue = 625
    ivTC = class com.ibm.websphere.ras.TraceComponent@616385d7
      strings[0] = "TraceComponent[com.ibm.ws.webcontainer.servlet,class com.ibm.wsspi.webcontainer.logging.LoggerFactory$1,[com.ibm.ws.webcontainer.servlet],null,null]"
    loggerRegistrationComponent = class java.lang.ThreadLocal@42f9e8e3
      threadLocalHashCode = 661548054
      nextHashCode = class java.util.concurrent.atomic.AtomicInteger@177b6dd6
      HASH_INCREMENT = 1640531527
    emptyHandlers = class java.util.logging.Handler[0]
    offValue = 2147483647
    SYSTEM_LOGGER_RB_NAME = "sun.util.logging.resources.logging"
    SYSTEM_BUNDLE = class java.util.logging.Logger$LoggerBundle@16179bba
      resourceBundleName = "sun.util.logging.resources.logging"
      userBundle = null
    NO_RESOURCE_BUNDLE = class java.util.logging.Logger$LoggerBundle@72561a26
      resourceBundleName = null
      userBundle = null
    manager = class com.ibm.ws.kernel.boot.logging.WsLogManager@7f655a7f
      CONFIGURE_BY_SERVER_PROPERTY_NAME = "java.util.logging.configureByServer"
      CONFIGURE_BY_LOGGING_PROPERTIES_FILE = "java.util.logging.configureByLoggingPropertiesFile"
      configureByServer = true
      configureByLoggingProperties = false
      wsLogger = class java.lang.reflect.Constructor@8852640
      resetEnabled = true
      svBinaryLoggingEnable = false
      manager = class com.ibm.ws.kernel.boot.logging.WsLogManager@7f655a7f
      props = class java.util.Properties@4e32a6f6
      defaultLevel = class java.util.logging.Level@392abf9b
      listenerMap = class java.util.HashMap@27e230f3
      systemContext = class java.util.logging.LogManager$SystemLoggerContext@6f4b569
      userContext = class java.util.logging.LogManager$LoggerContext@5fb3d5f9
      rootLogger = class java.util.logging.LogManager$RootLogger@4edddef
      readPrimordialConfiguration = true
      initializedGlobalHandlers = true
      deathImminent = false
      initializedCalled = true
      initializationDone = true
      contextsMap = null
      loggerRefQueue = class java.lang.ref.ReferenceQueue@323e0029
      MAX_ITERATIONS = 400
      controlPermission = class java.util.logging.LoggingPermission@11c2a4fa
      loggingMXBean = null
      LOGGING_MXBEAN_NAME = "java.util.logging:type=Logging"
      $assertionsDisabled = true
    name = "com.ibm.ws.webcontainer.servlet"
    handlers = class java.util.concurrent.CopyOnWriteArrayList@755d7df6
      serialVersionUID = 8673264195747942595
      lock = class java.util.concurrent.locks.ReentrantLock@633c81ff
      array = class java.lang.Object[0]
      UNSAFE = class sun.misc.Unsafe@42f59a05
      lockOffset = 12
    loggerBundle = class java.util.logging.Logger$LoggerBundle@5fbde2ac
      resourceBundleName = "com.ibm.ws.webcontainer.resources.Messages"
      userBundle = null
    useParentHandlers = true
    filter = null
    anonymous = false
    catalog = class com.ibm.ws.webcontainer.resources.Messages@1df85457
      resources = class [Ljava.lang.Object;[338]
      lookup = class java.util.HashMap@1b3dd321
      INITIAL_CACHE_SIZE = 32
      NONEXISTENT_BUNDLE = class java.util.ResourceBundle$1@5fca2451
      cacheList = class java.util.concurrent.ConcurrentHashMap@2079e0bd
      referenceQueue = class java.lang.ref.ReferenceQueue@669cde0b
      parent = null
      locale = class java.util.Locale@3a9c119b
      name = "com.ibm.ws.webcontainer.resources.Messages"
      expired = false
      cacheKey = class java.util.ResourceBundle$CacheKey@20267f84
      keySet = null
      providers = null
      $assertionsDisabled = true
    catalogName = "com.ibm.ws.webcontainer.resources.Messages"
    catalogLocale = class java.util.Locale@489b4335
      LOCALECACHE = class java.util.Locale$Cache@1c211c8f
      ENGLISH = class java.util.Locale@489b4335
      FRENCH = class java.util.Locale@3f58096
      GERMAN = class java.util.Locale@2e92172e
      ITALIAN = class java.util.Locale@1a0b1124
      JAPANESE = class java.util.Locale@edaa38e
      KOREAN = class java.util.Locale@218473f3
      CHINESE = class java.util.Locale@1f913b8a
      SIMPLIFIED_CHINESE = class java.util.Locale@5dd18b6d
      TRADITIONAL_CHINESE = class java.util.Locale@64c858a
      FRANCE = class java.util.Locale@455655b
      GERMANY = class java.util.Locale@128e5330
      ITALY = class java.util.Locale@435538ef
      JAPAN = class java.util.Locale@21d785da
      KOREA = class java.util.Locale@e875306
      CHINA = class java.util.Locale@5dd18b6d
      PRC = class java.util.Locale@5dd18b6d
      TAIWAN = class java.util.Locale@64c858a
      UK = class java.util.Locale@6ef08635
      US = class java.util.Locale@4884944
      CANADA = class java.util.Locale@196ce55a
      CANADA_FRENCH = class java.util.Locale@2dc79a12
      ROOT = class java.util.Locale@3a9c119b
      PRIVATE_USE_EXTENSION = x
      UNICODE_LOCALE_EXTENSION = u
      serialVersionUID = 9149081749638150636
      DISPLAY_LANGUAGE = 0
      DISPLAY_COUNTRY = 1
      DISPLAY_VARIANT = 2
      DISPLAY_SCRIPT = 3
      baseLocale = class sun.util.locale.BaseLocale@51da2fb9
      localeExtensions = null
      hashCodeValue = 96552631
      defaultLocale = class java.util.Locale@489b4335
      defaultDisplayLocale = null
      defaultFormatLocale = class java.util.Locale@489b4335
      languageTag = "en"
      serialPersistentFields = class java.io.ObjectStreamField[6]
      isoLanguages = null
      isoCountries = null
      $assertionsDisabled = true
    treeLock = class java.lang.Object@5637251d
    parent = class com.ibm.ws.logging.internal.WsLogger@66af15f5
      ivCachedResourceBundleName = "com.ibm.ws.webcontainer.resources.Messages"
      ivCachedResourceBundle = class com.ibm.ws.webcontainer.resources.Messages@1df85457
      ivComponent = null
      ivOrganization = null
      ivProduct = null
      ivMinimumLocalizationLevelIntValue = 625
      ivTC = class com.ibm.websphere.ras.TraceComponent@3e8838a7
      loggerRegistrationComponent = class java.lang.ThreadLocal@42f9e8e3
      emptyHandlers = class java.util.logging.Handler[0]
      offValue = 2147483647
      SYSTEM_LOGGER_RB_NAME = "sun.util.logging.resources.logging"
      SYSTEM_BUNDLE = class java.util.logging.Logger$LoggerBundle@16179bba
      NO_RESOURCE_BUNDLE = class java.util.logging.Logger$LoggerBundle@72561a26
      manager = class com.ibm.ws.kernel.boot.logging.WsLogManager@7f655a7f
      name = "com.ibm.ws.webcontainer"
      handlers = class java.util.concurrent.CopyOnWriteArrayList@36ade09e
      loggerBundle = class java.util.logging.Logger$LoggerBundle@56ef6ba5
      useParentHandlers = true
      filter = null
      anonymous = false
      catalog = class com.ibm.ws.webcontainer.resources.Messages@1df85457
      catalogName = "com.ibm.ws.webcontainer.resources.Messages"
      catalogLocale = class java.util.Locale@489b4335
      treeLock = class java.lang.Object@5637251d
      parent = class java.util.logging.Logger@4cd83a0
      kids = class java.util.ArrayList@7d2f88c1
      levelObject = class java.util.logging.Level@392abf9b
      levelValue = 800
      callersClassLoaderRef = class java.lang.ref.WeakReference@5d2b568f
      isSystemLogger = false
      GLOBAL_LOGGER_NAME = "global"
      global = class java.util.logging.Logger@44ca06c7
      $assertionsDisabled = true
    kids = null
    levelObject = class java.util.logging.Level@392abf9b
      defaultBundle = "sun.util.logging.resources.logging"
      name = "INFO"
      value = 800
      resourceBundleName = "sun.util.logging.resources.logging"
      localizedLevelName = "INFO"
      cachedLocale = class java.util.Locale@489b4335
      OFF = class java.util.logging.Level@578f4e71
      SEVERE = class java.util.logging.Level@4446c15b
      WARNING = class java.util.logging.Level@776a7cf4
      INFO = class java.util.logging.Level@392abf9b
      CONFIG = class java.util.logging.Level@24c9276c
      FINE = class java.util.logging.Level@9181942
      FINER = class java.util.logging.Level@7b264d23
      FINEST = class java.util.logging.Level@5f8f136f
      ALL = class java.util.logging.Level@3210adb5
      serialVersionUID = -8176160795706313070
    levelValue = 800
    callersClassLoaderRef = class java.lang.ref.WeakReference@2bbad160
      referent = class org.eclipse.osgi.internal.loader.EquinoxClassLoader@c16e55
      queue = class java.lang.ref.ReferenceQueue$Null@6d91a225
      next = null
      discovered = null
      lock = class java.lang.ref.Reference$Lock@13d39566
      pending = null
    isSystemLogger = false
    GLOBAL_LOGGER_NAME = "global"
    global = class java.util.logging.Logger@44ca06c7
      emptyHandlers = class java.util.logging.Handler[0]
      offValue = 2147483647
      SYSTEM_LOGGER_RB_NAME = "sun.util.logging.resources.logging"
      SYSTEM_BUNDLE = class java.util.logging.Logger$LoggerBundle@16179bba
      NO_RESOURCE_BUNDLE = class java.util.logging.Logger$LoggerBundle@72561a26
      manager = class com.ibm.ws.kernel.boot.logging.WsLogManager@7f655a7f
      name = "global"
      handlers = class java.util.concurrent.CopyOnWriteArrayList@6c86b998
      loggerBundle = class java.util.logging.Logger$LoggerBundle@72561a26
      useParentHandlers = true
      filter = null
      anonymous = false
      catalog = null
      catalogName = null
      catalogLocale = null
      treeLock = class java.lang.Object@5637251d
      parent = class java.util.logging.Logger@4cd83a0
      kids = null
      levelObject = null
      levelValue = 800
      callersClassLoaderRef = null
      isSystemLogger = true
      GLOBAL_LOGGER_NAME = "global"
      global = class java.util.logging.Logger@44ca06c7
      $assertionsDisabled = true
    $assertionsDisabled = true
  CLASS_NAME = "com.ibm.ws.webcontainer.servlet.ServletWrapper"
  nls = class com.ibm.ejs.ras.TraceNLS@26fc1249
    resolver = class com.ibm.ws.logging.internal.TraceNLSResolver@58838e33
      tc = class com.ibm.websphere.ras.TraceComponent@1e81f4dc
      DEBUG_TRACE_NLS_PROPERTY = "com.ibm.ejs.ras.debugTraceNLSResolver"
      debugTraceNLSResolver = false
      makeNoise = false
      nullKey = "null"
      svNullBundleName = "Resource Bundle name is null, key = {0}"
      svBundleNotLoaded = "Unable to load ResourceBundle {0}"
      svNullKeyMessage = "Null key passed while using ResourceBundle {0}"
      svMalformedMessage = "No message text associated with key {0} in bundle {1}"
    finder = null
    ivBundleName = "com.ibm.ws.webcontainer.resources.Messages"
    caller = class java.lang.Class@297d593c
      ANNOTATION = 8192
      ENUM = 16384
      SYNTHETIC = 4096
      cachedConstructor = null
      newInstanceCallerCache = null
      name = null
      allPermDomain = class java.security.ProtectionDomain@5f86f4bc
      useCaches = true
      reflectionData = class java.lang.ref.SoftReference@2cb4071b
      classRedefinedCount = 0
      genericInfo = null
      serialVersionUID = 3206093459760846163
      serialPersistentFields = class java.io.ObjectStreamField[0]
      reflectionFactory = class sun.reflect.ReflectionFactory@6c8d39d4
      initted = true
      enumConstants = null
      enumConstantDirectory = null
      annotationData = class java.lang.Class$AnnotationData@621e8322
      annotationType = null
      classValueMap = null
  servletConfig = class com.ibm.ws.webcontainer.servlet.ServletConfig@22e08fba
    logger = class com.ibm.ws.logging.internal.WsLogger@658b037d
    CLASS_NAME = "com.ibm.ws.webcontainer.servlet.ServletConfig"
    nls = class com.ibm.ejs.ras.TraceNLS@78a3b7cc
      resolver = class com.ibm.ws.logging.internal.TraceNLSResolver@58838e33
      finder = null
      ivBundleName = "com.ibm.ws.webcontainer.resources.Messages"
      caller = class java.lang.Class@71b37df2
    liberty_nls = class com.ibm.ejs.ras.TraceNLS@6e21c4ec
      resolver = class com.ibm.ws.logging.internal.TraceNLSResolver@58838e33
      finder = null
      ivBundleName = "com.ibm.ws.webcontainer.resources.LShimMessages"
      caller = class java.lang.Class@71b37df2
    enabled = true
    servletName = "jersey"
    className = "com.sun.jersey.spi.container.servlet.ServletContainer"
    mappings = class java.util.ArrayList@724e02ad
      serialVersionUID = 8683452581122892189
      DEFAULT_CAPACITY = 10
      EMPTY_ELEMENTDATA = class java.lang.Object[0]
      DEFAULTCAPACITY_EMPTY_ELEMENTDATA = class java.lang.Object[0]
      elementData = class java.lang.Object[10]
      size = 1
      MAX_ARRAY_SIZE = 2147483639
      modCount = 1
      MAX_ARRAY_SIZE = 2147483639
    startUpWeight = 1
    DEFAULT_STARTUP = -1
    isCachingEnabled = true
    isStatisticsEnabled = true
    isInternal = false
    metaData = class com.ibm.ws.webcontainer.osgi.metadata.WebComponentMetaDataImpl@1878adfb
      j2eeName = class com.ibm.ws.container.service.metadata.internal.J2EENameImpl@33544155
      webModuleMetaData = class com.ibm.ws.webcontainer.osgi.metadata.WebModuleMetaDataImpl@77044e3e
      mBeanServiceReg = null
      tc = class com.ibm.websphere.ras.TraceComponent@6b9faf7d
      NUM_STATIC_SLOTS = 4
      ID_UNINITIALIZED = -1
      id = 2
      metaDataInterface = class java.lang.Class@6f27c14c
      staticSlots = class java.lang.Object[4]
      dynamicSlots = null
    singleThreadModelServlet = false
    isJsp = false
    webAppConfig = class com.ibm.ws.webcontainer.osgi.webapp.WebAppConfiguration@3b8b2aac
    servletWrapper = class com.ibm.ws.webcontainer.osgi.servlet.ServletWrapper@14819377
    servletClass = null
    servlet = null
    addedToLoadOnStartup = true
    previousWeight = null
    multipartConfig = null
    multipartConfigBaseLocation = null
    runAsRole = null
    servletSecurityElement = null
    declareRolesAnnotation = null
    logger = class com.ibm.ws.logging.internal.WsLogger@658b037d
    CLASS_NAME = "com.ibm.ws.webcontainer.servlet.TargetConfig"
    initParams = class java.util.HashMap@1d66d917
      serialVersionUID = 362498820763181265
      DEFAULT_INITIAL_CAPACITY = 16
      MAXIMUM_CAPACITY = 1073741824
      DEFAULT_LOAD_FACTOR = 0.75
      TREEIFY_THRESHOLD = 8
      UNTREEIFY_THRESHOLD = 6
      MIN_TREEIFY_CAPACITY = 64
      table = class java.util.HashMap$Node[16]
      entrySet = null
      size = 1
      modCount = 1
      threshold = 12
      loadFactor = 0.75
      keySet = class java.util.HashMap$KeySet@465d06f3
      values = null
    fileName = null
    displayName = null
    name = "jersey"
    description = null
    smallIcon = null
    largeIcon = null
    context = class com.ibm.ws.webcontainer40.facade.ServletContextFacade40@2ca5c6ba
    className = null
    asyncSupported = false
    _id = "ServletGeneratedId1"
    _attributes = null
    serialVersionUID = 7511545662945734886
    $$$tc$$$ = class com.ibm.websphere.ras.TraceComponent@5489a85a
      strings[0] = "TraceComponent[com.ibm.ws.container.BaseConfiguration,class com.ibm.ws.container.BaseConfiguration,[],null,null]"
  context = class com.ibm.ws.webcontainer40.osgi.webapp.WebApp40@11004eaa
    tc = class com.ibm.websphere.ras.TraceComponent@2a9e08bc
      strings[0] = "TraceComponent[com.ibm.ws.webcontainer40.osgi.webapp.WebApp40,class com.ibm.ws.webcontainer40.osgi.webapp.WebApp40,[webcontainer],com.ibm.ws.webcontainer31.resources.Messages,null]"
    servlet40NLS = class com.ibm.ejs.ras.TraceNLS@4ab9671b
      resolver = class com.ibm.ws.logging.internal.TraceNLSResolver@58838e33
      finder = null
      ivBundleName = "com.ibm.ws.webcontainer40.resources.Messages"
      caller = class java.lang.Class@8909fd5
    CLASS_NAME = "com.ibm.ws.webcontainer40.osgi.webapp.WebApp40"
    defaultSessionTimeout = 30
    tc = class com.ibm.websphere.ras.TraceComponent@1812f79c
      strings[0] = "TraceComponent[com.ibm.ws.webcontainer31.osgi.webapp.WebApp31,class com.ibm.ws.webcontainer31.osgi.webapp.WebApp31,[webcontainer],com.ibm.ws.webcontainer31.resources.Messages,null]"
    CLASS_NAME = "com.ibm.ws.webcontainer31.osgi.webapp.WebApp31"
    servlet31NLS = class com.ibm.ejs.ras.TraceNLS@28c435ad
      resolver = class com.ibm.ws.logging.internal.TraceNLSResolver@58838e33
      finder = null
      ivBundleName = "com.ibm.ws.webcontainer31.resources.Messages"
      caller = class java.lang.Class@29c41e31
    validListenerClasses = class java.lang.Class[7]
      Class[0] = class java.lang.Class@44f85879
      Class[1] = class java.lang.Class@459ba27e
      Class[2] = class java.lang.Class@499bf909
      Class[3] = class java.lang.Class@5f0a748b
      Class[4] = class java.lang.Class@5937d483
      Class[5] = class java.lang.Class@41270589
      Class[6] = class java.lang.Class@5762ff15
    wsocServHandler = null
    tc = class com.ibm.websphere.ras.TraceComponent@63e5a89f
      strings[0] = "TraceComponent[com.ibm.ws.webcontainer.osgi.webapp.WebApp,class com.ibm.ws.webcontainer.osgi.webapp.WebApp,[webcontainer],com.ibm.ws.webcontainer.resources.LShimMessages,null]"
    CLASS_NAME = "com.ibm.ws.webcontainer.osgi.webapp.WebApp"
    metaDataService = class com.ibm.ws.container.service.metadata.internal.MetaDataServiceImpl@7ae371e9
      applicationMetaDataManager = class com.ibm.ws.container.service.metadata.internal.ApplicationMetaDataManager@7fd0b023
      moduleMetaDataManager = class com.ibm.ws.container.service.metadata.internal.ModuleMetaDataManager@6e56b2c1
      componentMetaDataManager = class com.ibm.ws.container.service.metadata.internal.ComponentMetaDataManager@4a9b3e52
      methodMetaDataManager = class com.ibm.ws.container.service.metadata.internal.MethodMetaDataManager@d2f0f2b
      appModuleNameToModuleContainer = class java.util.concurrent.ConcurrentHashMap@7704f705
      jeeNameToComponentMetaData = class java.util.concurrent.ConcurrentHashMap@2c1f839e
      deferredMetaDataFactories = class com.ibm.wsspi.kernel.service.utils.ConcurrentServiceReferenceSet@3f6551e1
      deferredMetaDataInitializers = class com.ibm.wsspi.kernel.service.utils.ConcurrentServiceReferenceMap@4a464771
      serialVersionUID = -2494605732980966097
      $$$tc$$$ = class com.ibm.websphere.ras.TraceComponent@51002af3
    namespacePopulated = false
    referenceContext = class com.ibm.ws.injectionengine.osgi.internal.OSGiReferenceContextImpl@523137e6
      scopeData = class com.ibm.ws.injectionengine.osgi.internal.OSGiInjectionScopeData@170e47cc
      serialVersionUID = 521511923892134915
      $$$tc$$$ = class com.ibm.websphere.ras.TraceComponent@2ebc5252
      CLASS_NAME = "com.ibm.ws.injectionengine.ReferenceContextImpl"
      tc = class com.ibm.websphere.ras.TraceComponent@5ada89eb
      ivInjectionEngine = class com.ibm.ws.injectionengine.osgi.internal.OSGiInjectionEngineImpl@43d1d7a8
      ivProviders = class java.util.ArrayList@1333b8b6
      ivComponentJavaContext = null
      ivComponentNameSpace = null
      ivJavaColonCompEnvMap = class java.util.LinkedHashMap@3647a608
      ivEjbContext10 = class java.util.Properties@761375ea
      ivResourceRefConfigList = null
      isAlreadyProcessed = true
      ivProcessFailure = null
      ivInjectionTargetMap = class java.util.concurrent.ConcurrentHashMap@3bb28017
      svInjTarMapCacheSize = 256
      ivDeclaredInjectionTargets = class java.util.HashMap@35ca69df
      ivProcessedInjectionClasses = class java.util.HashSet@3e36fe88
      svInjClassMapCacheSize = 512
      ivProcessedInjectionBindings = class java.util.ArrayList@53677081
      ivAnyProcessDynamic = false
      ivCheckAppConfig = false
    j2eeNameFactory = class com.ibm.ws.container.service.metadata.internal.J2EENameFactoryImpl@73835a45
      serialVersionUID = 3486344295038028821
      $$$tc$$$ = class com.ibm.websphere.ras.TraceComponent@63b76274
    moduleLoader = class com.ibm.ws.classloading.internal.AppClassLoader@f83cc6
    webAppConfig = class com.ibm.ws.webcontainer.osgi.webapp.WebAppConfiguration@3b8b2aac
      webModuleMetaData = class com.ibm.ws.webcontainer.osgi.metadata.WebModuleMetaDataImpl@77044e3e
      webComponentMetaData = class com.ibm.ws.webcontainer.osgi.metadata.WebComponentMetaDataImpl@7ffefa86
      dVirtualHost = class com.ibm.ws.webcontainer.osgi.DynamicVirtualHost@2d0249da
      orderedLibPaths = class java.util.Collections$UnmodifiableRandomAccessList@5cd6b536
      bundleHeaders = null
      cdiEnabled = false
      CLASS_NAME = "com.ibm.ws.webcontainer.webapp.WebAppConfiguration"
      logger = class com.ibm.ws.logging.internal.WsLogger@273f96fe
      tc = class com.ibm.websphere.ras.TraceComponent@59e2e45c
      nls = class com.ibm.ejs.ras.TraceNLS@1b352a63
      version = 24
      contextRoot = "/GraalVMJAXRSDemo"
      isDefaultContextRootUsed = false
      sessionTimeout = 0
      moduleSessionTimeoutSet = false
      moduleSessionTrackingModeSet = false
      sessionCookieConfig = class com.ibm.ws.session.SessionCookieConfigImpl@4e15f285
      hasProgrammaticCookieConfig = false
      sessionDefaultTrackingModeSet = class java.util.RegularEnumSet@46b70b0b
      sessionManagerConfig = class com.ibm.ws.session.SessionManagerConfig@507f6fde
      displayName = "GraalVM Enterprise and Weblogic demo"
      description = null
      reloadInterval = 0
      distributable = false
      denyUncoveredHttpMethods = false
      reloadingEnabled = false
      serveServletsByClassnameEnabled = null
      defaultErrorPage = null
      additionalClassPath = null
      fileServingEnabled = null
      directoryBrowsingEnabled = null
      autoRequestEncoding = false
      autoResponseEncoding = false
      autoLoadFilters = false
      requestListeners = null
      requestAttributeListeners = null
      sessionListeners = null
      localeMap = null
      moduleName = "GraalVMJAXRSDemo"
      j2eeModuleName = "GraalVMJAXRSDemo.war"
      moduleId = null
      isSyncToThreadEnabled = false
      encodeDispatchedRequestURI = false
      isSystemApp = false
      ardEnabled = false
      ardDispatchType = null
      listeners = class java.util.ArrayList@622b3180
      welcomeFileList = class java.util.ArrayList@3cb669a
      servletMappings = class java.util.HashMap@7ddadabb
      lastIndexBeforeDeclaredFilters = 0
      filterMappings = class java.util.ArrayList@56705b41
      servletInfo = class java.util.concurrent.ConcurrentHashMap@6decc73e
      filterInfo = class java.util.HashMap@354b83af
      mimeMappings = class java.util.HashMap@1e6f88bf
      mimeFilters = null
      isMimeFilteringEnabled = false
      theWebGroup = null
      jspAttributes = class java.util.HashMap@4a117260
      fileServingAttributes = class java.util.HashMap@41cf892b
      invokerAttributes = class java.util.HashMap@28f03c46
      contextParams = class java.util.HashMap@4ab87397
      virtualHost = "default_host"
      exceptionErrorPages = class java.util.HashMap@b7b9ad2
      codeErrorPages = class java.util.HashMap@3640dc47
      tagLibList = null
      precompileJsps = false
      webApp = class com.ibm.ws.webcontainer40.osgi.webapp.WebApp40@11004eaa
      virtualHostList = class java.util.Collections$EmptyList@1f7bc4c5
      appStartupWeight = 0
      moduleStartupWeight = 0
      metaDataComplete = true
      classesToScan = class java.util.ArrayList@16562876
      uriFilterMappingInfos = null
      servletFilterMappingInfos = null
      dynamicServletRegistrationMap = null
      applicationName = "GraalVMJAXRSDemo"
      libBinPathList = null
      webXmlDefinedListeners = class java.util.HashSet@41ac8d64
      allRefs = class java.util.EnumMap@713ec3f2
      allRefBindings = class java.util.EnumMap@30a27cfc
      envEntryValues = class java.util.HashMap@1710e706
      resourceRefConfigList = null
      disallowAllFileServingProp = null
      disallowServeServletsByClassnameProp = null
      disableStaticMappingCache = false
      jspCachedLocations = null
      primedSTSHeader = "NoValue"
      enablemultireadofpostdata = false
      requestEncoding = null
      responseEncoding = null
      NULLSERVLETNAME = "com.ibm.ws.webcontainer.NullServletName"
      _id = "WebAppGeneratedId1"
      _attributes = null
      serialVersionUID = 7511545662945734886
      $$$tc$$$ = class com.ibm.websphere.ras.TraceComponent@5489a85a
    extensionProcessingDisabled = false
    managedObjectService = class com.ibm.ws.managedobject.internal.ManagedObjectServiceImpl@36b8770c
      serialVersionUID = -5207896281925798415
      $$$tc$$$ = class com.ibm.websphere.ras.TraceComponent@416126d3
    internalServletMetaData = interface com.ibm.wsspi.webcontainer.metadata.WebComponentMetaData[2]
      WebComponentMetaData[0] = null
      WebComponentMetaData[1] = null
    loginProcessor = null
    logoutProcessor = null
    collabHelper = class com.ibm.ws.webcontainer.osgi.collaborator.CollaboratorHelperImpl@2b55e9ad
    envObject = class com.ibm.ws.util.WSThreadLocal@518c6ae5
      tc = class com.ibm.ejs.ras.TraceComponent@7950e438
      count = 4
      index = 1
      SUSPECTED_MISUSAGE_THRESHOLD = 200
      threadLocalHashCode = 631722340
      nextHashCode = class java.util.concurrent.atomic.AtomicInteger@177b6dd6
      HASH_INCREMENT = 1640531527
    orderedLibPaths = class java.util.Collections$UnmodifiableRandomAccessList@5cd6b536
      serialVersionUID = -2542308836966382001
      serialVersionUID = -283967356065247728
      list = class java.util.ArrayList@5ea80dd6
      serialVersionUID = 1820017752578914078
      c = class java.util.ArrayList@5ea80dd6
    perm = class com.ibm.websphere.security.WebSphereRuntimePermission@74a0f685
      serialVersionUID = -3306242789188168337
      $$$tc$$$ = class com.ibm.websphere.ras.TraceComponent@2452e4a2
      serialVersionUID = 6279438298436773498
      wildcard = false
      path = "accessServletContext"
      exitVM = false
      serialVersionUID = -5636570222231596674
      name = "accessServletContext"
    WELCOME_FILE_LIST = "com.ibm.ws.webcontainer.config.WelcomeFileList"
    DIR_BROWSING_MAPPING = "__dirBrowsing__1608756776423"
    FILTER_PROXY_MAPPING = "/__filterProxy__1608756776423"
    logger = class com.ibm.ws.logging.internal.WsLogger@273f96fe
      ivCachedResourceBundleName = null
      ivCachedResourceBundle = null
      ivComponent = null
      ivOrganization = null
      ivProduct = null
      ivMinimumLocalizationLevelIntValue = 625
      ivTC = class com.ibm.websphere.ras.TraceComponent@6478190e
      loggerRegistrationComponent = class java.lang.ThreadLocal@42f9e8e3
      emptyHandlers = class java.util.logging.Handler[0]
      offValue = 2147483647
      SYSTEM_LOGGER_RB_NAME = "sun.util.logging.resources.logging"
      SYSTEM_BUNDLE = class java.util.logging.Logger$LoggerBundle@16179bba
      NO_RESOURCE_BUNDLE = class java.util.logging.Logger$LoggerBundle@72561a26
      manager = class com.ibm.ws.kernel.boot.logging.WsLogManager@7f655a7f
      name = "com.ibm.ws.webcontainer.webapp"
      handlers = class java.util.concurrent.CopyOnWriteArrayList@2da6c8b
      loggerBundle = class java.util.logging.Logger$LoggerBundle@5ba3f156
      useParentHandlers = true
      filter = null
      anonymous = false
      catalog = class com.ibm.ws.webcontainer.resources.Messages@1df85457
      catalogName = "com.ibm.ws.webcontainer.resources.Messages"
      catalogLocale = class java.util.Locale@489b4335
      treeLock = class java.lang.Object@5637251d
      parent = class com.ibm.ws.logging.internal.WsLogger@66af15f5
      kids = null
      levelObject = class java.util.logging.Level@392abf9b
      levelValue = 800
      callersClassLoaderRef = class java.lang.ref.WeakReference@3e1f4fa0
      isSystemLogger = false
      GLOBAL_LOGGER_NAME = "global"
      global = class java.util.logging.Logger@44ca06c7
      $assertionsDisabled = true
    CLASS_NAME = "com.ibm.ws.webcontainer.webapp.WebApp"
    loader = class com.ibm.ws.classloading.internal.ThreadContextClassLoader@7d5c26d8
    facade = class com.ibm.ws.webcontainer40.facade.ServletContextFacade40@2ca5c6ba
    features = class java.util.ArrayList@15d61bbe
      serialVersionUID = 8683452581122892189
      DEFAULT_CAPACITY = 10
      EMPTY_ELEMENTDATA = class java.lang.Object[0]
      DEFAULTCAPACITY_EMPTY_ELEMENTDATA = class java.lang.Object[0]
      elementData = class java.lang.Object[0]
      size = 0
      MAX_ARRAY_SIZE = 2147483639
      modCount = 0
      MAX_ARRAY_SIZE = 2147483639
    applicationName = "GraalVMJAXRSDemo"
    config = class com.ibm.ws.webcontainer.osgi.webapp.WebAppConfiguration@3b8b2aac
    securityEnabledForApp = null
    webExtensionProcessor = class com.ibm.ws.webcontainer.osgi.extension.WebExtensionProcessor@7c407337
      webApp = class com.ibm.ws.webcontainer40.osgi.webapp.WebApp40@11004eaa
      extensionContext = class com.ibm.ws.webcontainer40.osgi.webapp.WebApp40@11004eaa
    production = true
    isServlet23 = true
    contextPath = "/GraalVMJAXRSDemo"
    internalServletList = class [Ljava.lang.String;[2]
      String[][0] = class java.lang.String[2]
      String[][1] = class java.lang.String[2]
    BY_NAME_ONLY = "/_1608756776423_/"
    filterManager = null
    documentRoot = null
    SERVLET_API_VERSION = "Servlet 2.5"
    disableServletAuditLogging = -1
    serverInfo = "IBM WebSphere Liberty/20.0.0.12"
    sessionCtx = class com.ibm.ws.webcontainer31.session.impl.HttpSessionContext31Impl@54f45998
      methodClassName = "HttpSessionContextImpl"
      _smc = class com.ibm.ws.session.SessionManagerConfig@507f6fde
      sessionStoreService = null
      _sap = class com.ibm.ws.session.SessionApplicationParameters@7b59bcf0
      _coreHttpSessionManager = class com.ibm.ws.session.SessionManager@2bda03b9
      _coreHttpAppSessionManager = null
      _sam = class com.ibm.ws.webcontainer.session.impl.SessionAffinityManagerImpl@73aba419
      isSIPApplication = false
      sessionAttributeListener = false
      sessionListener = false
      mHttpSessionAttributeListeners = class java.util.ArrayList@4e15f713
      mHttpSessionListeners = class java.util.ArrayList@781d7c1d
      mHttpSessionIdListeners = class java.util.ArrayList@3a16f6c
      mHttpSessionAttributeListenersJ2eeNames = class java.util.ArrayList@2d84986d
      mHttpSessionListenersJ2eeNames = class java.util.ArrayList@4cc85fa1
      mHttpSessionIdListenersJ2eeNames = class java.util.ArrayList@5f262fb1
      mLocalHost = null
      _refCount = 1
      currentThreadSacHashtable = null
      methodClassName = "SessionContext"
      ANONYMOUS_USER = "anonymous"
      wasHttpSessionObserver = class com.ibm.ws.session.WasHttpSessionObserver@5774e136
      wasHttpSessionAttributeObserver = null
      _invalidator = class com.ibm.ws.session.SessionInvalidatorWithThreadPool@5e3a5c45
      _storer = class com.ibm.ws.session.EOSSessionStorer@50813574
      wasHttpAppSessionObserver = null
      mHttpAppSessionListeners = null
      cmvcInfo = "CMVC Version 1.9 6/24/07 11:12:24"
      _loggedVersion = true
      CREATE_CORE_SESSION_MANAGER = 0
      GET_REQUESTED_SESSION_ID = 1
      GET_IHTTP_SESSION = 2
      SESSION_PRE_INVOKE = 3
      SESSION_POST_INVOKE = 4
      STOP = 5
      STOP_LISTENERS = 6
      IS_VALID = 7
      ENCODE_URL = 8
      SHOULD_ENCODE_URL = 9
      IS_PROTOCOL_SWITCH = 10
      GET_LOCAL_HOST = 11
      ADD_HTTP_SESSION_ATTRIBUTE_LISTENER = 12
      ADD_HTTP_SESSION_LISTENER = 13
      GET_SESSION_AFFINITY_CONTEXT = 14
      CHECK_SECURITY = 15
      INVALIDATE = 16
      CHECK_SESSSIONID_IS_RIGHT_LENGTH = 17
      LOCK_SESSION = 18
      UNLOCK_SESSION = 19
      ADD_HTTP_SESSION_ID_LISTENER = 20
      methodNames = class java.lang.String[21]
    eventSource = class com.ibm.ws.webcontainer.webapp.WebAppEventSource@6a85168a
    nls = class com.ibm.ejs.ras.TraceNLS@71dab353
      resolver = class com.ibm.ws.logging.internal.TraceNLSResolver@58838e33
      finder = null
      ivBundleName = "com.ibm.ws.webcontainer.resources.Messages"
      caller = class java.lang.Class@11a4acd
    liberty_nls = class com.ibm.ejs.ras.TraceNLS@e7caf94
      resolver = class com.ibm.ws.logging.internal.TraceNLSResolver@58838e33
      finder = null
      ivBundleName = "com.ibm.ws.webcontainer.resources.LShimMessages"
      caller = class java.lang.Class@11a4acd
    error_nls = class com.ibm.ejs.ras.TraceNLS@3cdea829
      resolver = class com.ibm.ws.logging.internal.TraceNLSResolver@58838e33
      finder = null
      ivBundleName = "com.ibm.ws.webcontainer.resources.ErrorPage"
      caller = class java.lang.Class@11a4acd
    sessionListeners = class java.util.ArrayList@4a100eb3
      serialVersionUID = 8683452581122892189
      DEFAULT_CAPACITY = 10
      EMPTY_ELEMENTDATA = class java.lang.Object[0]
      DEFAULTCAPACITY_EMPTY_ELEMENTDATA = class java.lang.Object[0]
      elementData = class java.lang.Object[0]
      size = 0
      MAX_ARRAY_SIZE = 2147483639
      modCount = 1
      MAX_ARRAY_SIZE = 2147483639
    sessionIdListeners = class java.util.ArrayList@6ef47c89
      serialVersionUID = 8683452581122892189
      DEFAULT_CAPACITY = 10
      EMPTY_ELEMENTDATA = class java.lang.Object[0]
      DEFAULTCAPACITY_EMPTY_ELEMENTDATA = class java.lang.Object[0]
      elementData = class java.lang.Object[0]
      size = 0
      MAX_ARRAY_SIZE = 2147483639
      modCount = 0
      MAX_ARRAY_SIZE = 2147483639
    sessionAttrListeners = class java.util.ArrayList@51f7ecc
      serialVersionUID = 8683452581122892189
      DEFAULT_CAPACITY = 10
      EMPTY_ELEMENTDATA = class java.lang.Object[0]
      DEFAULTCAPACITY_EMPTY_ELEMENTDATA = class java.lang.Object[0]
      elementData = class java.lang.Object[0]
      size = 0
      MAX_ARRAY_SIZE = 2147483639
      modCount = 1
      MAX_ARRAY_SIZE = 2147483639
    addedSessionListeners = class java.util.ArrayList@4c4911a6
      serialVersionUID = 8683452581122892189
      DEFAULT_CAPACITY = 10
      EMPTY_ELEMENTDATA = class java.lang.Object[0]
      DEFAULTCAPACITY_EMPTY_ELEMENTDATA = class java.lang.Object[0]
      elementData = class java.lang.Object[0]
      size = 0
      MAX_ARRAY_SIZE = 2147483639
      modCount = 0
      MAX_ARRAY_SIZE = 2147483639
    addedSessionAttrListeners = class java.util.ArrayList@666eb0a
      serialVersionUID = 8683452581122892189
      DEFAULT_CAPACITY = 10
      EMPTY_ELEMENTDATA = class java.lang.Object[0]
      DEFAULTCAPACITY_EMPTY_ELEMENTDATA = class java.lang.Object[0]
      elementData = class java.lang.Object[0]
      size = 0
      MAX_ARRAY_SIZE = 2147483639
      modCount = 0
      MAX_ARRAY_SIZE = 2147483639
    servletContextListeners = class java.util.ArrayList@4bbbcf7b
      serialVersionUID = 8683452581122892189
      DEFAULT_CAPACITY = 10
      EMPTY_ELEMENTDATA = class java.lang.Object[0]
      DEFAULTCAPACITY_EMPTY_ELEMENTDATA = class java.lang.Object[0]
      elementData = class java.lang.Object[0]
      size = 0
      MAX_ARRAY_SIZE = 2147483639
      modCount = 1
      MAX_ARRAY_SIZE = 2147483639
    servletContextLAttrListeners = class java.util.ArrayList@352c21de
      serialVersionUID = 8683452581122892189
      DEFAULT_CAPACITY = 10
      EMPTY_ELEMENTDATA = class java.lang.Object[0]
      DEFAULTCAPACITY_EMPTY_ELEMENTDATA = class java.lang.Object[0]
      elementData = class java.lang.Object[0]
      size = 0
      MAX_ARRAY_SIZE = 2147483639
      modCount = 1
      MAX_ARRAY_SIZE = 2147483639
    servletRequestListeners = class java.util.ArrayList@31ecd2fc
      serialVersionUID = 8683452581122892189
      DEFAULT_CAPACITY = 10
      EMPTY_ELEMENTDATA = class java.lang.Object[0]
      DEFAULTCAPACITY_EMPTY_ELEMENTDATA = class java.lang.Object[0]
      elementData = class java.lang.Object[0]
      size = 0
      MAX_ARRAY_SIZE = 2147483639
      modCount = 1
      MAX_ARRAY_SIZE = 2147483639
    servletRequestLAttrListeners = class java.util.ArrayList@e34170
      serialVersionUID = 8683452581122892189
      DEFAULT_CAPACITY = 10
      EMPTY_ELEMENTDATA = class java.lang.Object[0]
      DEFAULTCAPACITY_EMPTY_ELEMENTDATA = class java.lang.Object[0]
      elementData = class java.lang.Object[0]
      size = 0
      MAX_ARRAY_SIZE = 2147483639
      modCount = 1
      MAX_ARRAY_SIZE = 2147483639
    prependSlashToResource = false
    destroyed = false
    webAppNameSpaceCollab = class com.ibm.ws.webcontainer.osgi.collaborator.WebAppNameSpaceCollaboratorImpl@1a88622c
    txCollab = class com.ibm.ws.webcontainer.collaborator.WebAppTransactionCollaborator@587b16b1
    sessionActivationListeners = class java.util.ArrayList@15368600
      serialVersionUID = 8683452581122892189
      DEFAULT_CAPACITY = 10
      EMPTY_ELEMENTDATA = class java.lang.Object[0]
      DEFAULTCAPACITY_EMPTY_ELEMENTDATA = class java.lang.Object[0]
      elementData = class java.lang.Object[0]
      size = 0
      MAX_ARRAY_SIZE = 2147483639
      modCount = 1
      MAX_ARRAY_SIZE = 2147483639
    sessionBindingListeners = class java.util.ArrayList@41c067a9
      serialVersionUID = 8683452581122892189
      DEFAULT_CAPACITY = 10
      EMPTY_ELEMENTDATA = class java.lang.Object[0]
      DEFAULTCAPACITY_EMPTY_ELEMENTDATA = class java.lang.Object[0]
      elementData = class java.lang.Object[0]
      size = 0
      MAX_ARRAY_SIZE = 2147483639
      modCount = 1
      MAX_ARRAY_SIZE = 2147483639
    scratchdir = null
    jspClassLoaderLimit = 0
    jspClassLoaderExclusionList = null
    jspClassLoadersMap = null
    jspClassLoaderLimitTrackIF = false
    defaultExtProc = null
    directoryBrowsingServlet = null
    cdiContexts = class java.util.concurrent.ConcurrentHashMap@166c265f
      serialVersionUID = 7249069246763182397
      MAXIMUM_CAPACITY = 1073741824
      DEFAULT_CAPACITY = 16
      MAX_ARRAY_SIZE = 2147483639
      DEFAULT_CONCURRENCY_LEVEL = 16
      LOAD_FACTOR = 0.75
      TREEIFY_THRESHOLD = 8
      UNTREEIFY_THRESHOLD = 6
      MIN_TREEIFY_CAPACITY = 64
      MIN_TRANSFER_STRIDE = 16
      RESIZE_STAMP_BITS = 16
      MAX_RESIZERS = 65535
      RESIZE_STAMP_SHIFT = 16
      MOVED = -1
      TREEBIN = -2
      RESERVED = -3
      HASH_BITS = 2147483647
      NCPU = 12
      serialPersistentFields = class java.io.ObjectStreamField[3]
      table = null
      nextTable = null
      baseCount = 0
      sizeCtl = 0
      transferIndex = 0
      cellsBusy = 0
      counterCells = null
      keySet = null
      values = null
      entrySet = null
      U = class sun.misc.Unsafe@42f59a05
      SIZECTL = 20
      TRANSFERINDEX = 32
      BASECOUNT = 24
      CELLSBUSY = 36
      CELLVALUE = 144
      ABASE = 16
      ASHIFT = 2
      keySet = null
      values = null
    moduleConfig = class com.ibm.ws.webcontainer.osgi.container.DeployedModule@c1e1d23
      tc = class com.ibm.websphere.ras.TraceComponent@2bd228b2
      loader = class com.ibm.ws.classloading.internal.ThreadContextClassLoader@7d5c26d8
      webApp = class com.ibm.ws.webcontainer40.osgi.webapp.WebApp40@11004eaa
      webAppConfig = class com.ibm.ws.webcontainer.osgi.webapp.WebAppConfiguration@3b8b2aac
      contextRootAdded = class com.ibm.ws.threading.internal.NonCancelableResultFuture@16e0f076
      properContextRoot = "/GraalVMJAXRSDemo"
      mappingContextRoot = "/GraalVMJAXRSDemo/*"
      initTaskCount = class java.util.concurrent.atomic.AtomicInteger@235930a9
      initTasksDoneListener = class com.ibm.ws.webcontainer.osgi.WebContainer$2@1f70d780
      serialVersionUID = -2104814060051592457
      $$$tc$$$ = class com.ibm.websphere.ras.TraceComponent@1861b9e9
    extensionFactories = class java.util.ArrayList@2d399c26
      serialVersionUID = 8683452581122892189
      DEFAULT_CAPACITY = 10
      EMPTY_ELEMENTDATA = class java.lang.Object[0]
      DEFAULTCAPACITY_EMPTY_ELEMENTDATA = class java.lang.Object[0]
      elementData = class java.lang.Object[10]
      size = 1
      MAX_ARRAY_SIZE = 2147483639
      modCount = 1
      MAX_ARRAY_SIZE = 2147483639
    initialized = false
    lock = class com.ibm.ws.webcontainer.webapp.WebApp$1@6f864b07
      this$0 = class com.ibm.ws.webcontainer40.osgi.webapp.WebApp40@11004eaa
    afterServletContextCreated = false
    redirectContextRoot = false
    errorExceptionTypeFirst = false
    initFilterBeforeServletInit = false
    SET_400_SC_ON_TOO_MANY_PARENT_DIRS = false
    sortedServletConfigs = class java.util.ArrayList@182fc676
      serialVersionUID = 8683452581122892189
      DEFAULT_CAPACITY = 10
      EMPTY_ELEMENTDATA = class java.lang.Object[0]
      DEFAULTCAPACITY_EMPTY_ELEMENTDATA = class java.lang.Object[0]
      elementData = class java.lang.Object[10]
      size = 1
      MAX_ARRAY_SIZE = 2147483639
      modCount = 1
      MAX_ARRAY_SIZE = 2147483639
    effectiveMajorVersion = 2
    effectiveMinorVersion = 4
    canAddServletContextListener = true
    withinContextInitOfProgAddListener = false
    lastProgAddListenerInitialized = null
    webInfLibClassloader = null
    metaInfCache = class com.ibm.ws.webcontainer.webapp.WebApp$2@64242755
      this$0 = class com.ibm.ws.webcontainer40.osgi.webapp.WebApp40@11004eaa
      serialVersionUID = 3801124242820219131
      head = null
      tail = null
      accessOrder = true
      serialVersionUID = 362498820763181265
      DEFAULT_INITIAL_CAPACITY = 16
      MAXIMUM_CAPACITY = 1073741824
      DEFAULT_LOAD_FACTOR = 0.75
      TREEIFY_THRESHOLD = 8
      UNTREEIFY_THRESHOLD = 6
      MIN_TREEIFY_CAPACITY = 64
      table = null
      entrySet = null
      size = 0
      modCount = 0
      threshold = 32
      loadFactor = 1.0
      keySet = null
      values = null
    useMetaInfCache = true
    SUN_CONFIGURE_LISTENER_CLASSNAME = "com.sun.faces.config.ConfigureListener"
    MYFACES_LIFECYCLE_LISTENER_CLASSNAME = "org.apache.myfaces.webapp.StartupServletContextListener"
    JSF_IMPL_ENABLED_PARAM = "com.ibm.ws.jsf.JSF_IMPL_ENABLED"
    JSF_IMPL_ENABLED_CUSTOM = "Custom"
    JSF_IMPL_ENABLED_NONE = "None"
    staticDocRoot = class com.ibm.ws.webcontainer.util.DocumentRootUtils@51d5f5b
      logger = class com.ibm.ws.logging.internal.WsLogger@54cbce92
      CLASS_NAME = "com.ibm.ws.webcontainer.util.DocumentRootUtils"
      useContentLength = false
      matchedFile = null
      matchedZipFile = null
      matchedEntry = null
      matchedURL = null
      edrRoot = null
      pfedrRoot = null
      ctxt = class com.ibm.ws.webcontainer40.osgi.webapp.WebApp40@11004eaa
      baseDir = null
      edr = null
      pfedr = null
      metaInfRes = null
      searchpfEDR = true
      searchEDR = true
      searchMetaInfRes = true
      matchFromEDR = false
      matchFromMetaInfRes = false
      matchIsADirectory = false
      appConfig = class com.ibm.ws.webcontainer.osgi.webapp.WebAppConfiguration@3b8b2aac
      attributeType = "staticFile"
      STATIC_FILE = "staticFile"
      JSP = "jsp"
      PFEDR = "preFragmentExtendedDocumentRoot"
      EDR = "extendedDocumentRoot"
    jspDocRoot = class com.ibm.ws.webcontainer.util.DocumentRootUtils@589ee28c
      logger = class com.ibm.ws.logging.internal.WsLogger@54cbce92
      CLASS_NAME = "com.ibm.ws.webcontainer.util.DocumentRootUtils"
      useContentLength = false
      matchedFile = null
      matchedZipFile = null
      matchedEntry = null
      matchedURL = null
      edrRoot = null
      pfedrRoot = null
      ctxt = class com.ibm.ws.webcontainer40.osgi.webapp.WebApp40@11004eaa
      baseDir = null
      edr = null
      pfedr = null
      metaInfRes = null
      searchpfEDR = true
      searchEDR = true
      searchMetaInfRes = true
      matchFromEDR = false
      matchFromMetaInfRes = false
      matchIsADirectory = false
      appConfig = class com.ibm.ws.webcontainer.osgi.webapp.WebAppConfiguration@3b8b2aac
      attributeType = "jsp"
      STATIC_FILE = "staticFile"
      JSP = "jsp"
      PFEDR = "preFragmentExtendedDocumentRoot"
      EDR = "extendedDocumentRoot"
    container = class com.ibm.ws.adaptable.module.internal.AdaptableContainerImpl@105c0547
      root = class com.ibm.ws.adaptable.module.internal.AdaptableContainerImpl@105c0547
      rootOverlay = class com.ibm.ws.artifact.overlay.internal.DirectoryBasedOverlayContainerImpl@4b26a56
      factoryHolder = class com.ibm.ws.adaptable.module.internal.AdaptableModuleFactoryImpl@3a770a7f
      delegate = class com.ibm.ws.artifact.overlay.internal.DirectoryBasedOverlayContainerImpl@4b26a56
      notifier = class com.ibm.ws.adaptable.module.internal.NotifierImpl@788a7a50
      serialVersionUID = -5950528200509051684
      $$$tc$$$ = class com.ibm.websphere.ras.TraceComponent@34f4c27
    metaInfResourceFinder = class com.ibm.ws.webcontainer.util.MetaInfResourceFinder@3e64939f
      jarResourceContainers = class java.util.ArrayList@629317eb
      container = class com.ibm.ws.adaptable.module.internal.AdaptableContainerImpl@105c0547
    postConstructMethods = class com.ibm.ws.webcontainer.webapp.WebApp$AnnotatedMethods@7b3f0589
      annotationClass = class java.lang.Class@763eec21
      noOpClassNames = class java.util.HashSet@7b0b70bc
      annotatedMethodNames = class java.util.concurrent.ConcurrentHashMap@320d75ab
      EMPTY_METHODS = class java.lang.reflect.Method[0]
    preDestroyMethods = class com.ibm.ws.webcontainer.webapp.WebApp$AnnotatedMethods@14b76a32
      annotationClass = class java.lang.Class@13bc291f
      noOpClassNames = class java.util.HashSet@50df7a1a
      annotatedMethodNames = class java.util.concurrent.ConcurrentHashMap@1a3ecec
      EMPTY_METHODS = class java.lang.reflect.Method[0]
    OBJ_EMPTY = class java.lang.Object[0]
    CLASS_EMPTY = class java.lang.Class[0]
    DEFAULT_JSP_EXTENSIONS = class java.util.ArrayList@3b1260aa
      serialVersionUID = 8683452581122892189
      DEFAULT_CAPACITY = 10
      EMPTY_ELEMENTDATA = class java.lang.Object[0]
      DEFAULTCAPACITY_EMPTY_ELEMENTDATA = class java.lang.Object[0]
      elementData = class java.lang.Object[10]
      size = 4
      MAX_ARRAY_SIZE = 2147483639
      modCount = 4
      MAX_ARRAY_SIZE = 2147483639
    DEFER_SERVLET_REQUEST_LISTENER_DESTROY_ON_ERROR = false
    DO_ACCEPT_PARTIAL = true
    DO_NOT_ACCEPT_PARTIAL = false
    DO_ACCEPT_EXCLUDED = true
    DO_NOT_ACCEPT_EXCLUDED = false
    commands = class java.util.ArrayList@2260aec6
      serialVersionUID = 8683452581122892189
      DEFAULT_CAPACITY = 10
      EMPTY_ELEMENTDATA = class java.lang.Object[0]
      DEFAULTCAPACITY_EMPTY_ELEMENTDATA = class java.lang.Object[0]
      elementData = class java.lang.Object[3]
      size = 0
      MAX_ARRAY_SIZE = 2147483639
      modCount = 0
      MAX_ARRAY_SIZE = 2147483639
    requestMapper = class com.ibm.wsspi.webcontainer.util.URIMapper@d29a642
      matcher = class com.ibm.wsspi.webcontainer40.util.URIMatcher40@7411f282
    parent = class com.ibm.ws.webcontainer.osgi.webapp.WebGroup@2596807d
      tc = class com.ibm.websphere.ras.TraceComponent@65790f2c
      logger = class com.ibm.ws.logging.internal.WsLogger@273f96fe
      CLASS_NAME = "com.ibm.ws.webcontainer.webapp.WebGroup"
      sessUrlRewritePrefix = ";jsessionid="
      qMark = "?"
      config = class com.ibm.ws.webcontainer.osgi.webapp.WebGroupConfiguration@7c8d7964
      webApp = class com.ibm.ws.webcontainer40.osgi.webapp.WebApp40@11004eaa
      commands = class java.util.ArrayList@54ac8d36
      requestMapper = null
      parent = class com.ibm.ws.webcontainer.osgi.DynamicVirtualHost@2d0249da
      name = "/GraalVMJAXRSDemo/*"
      isAlive = true
      subElements = class java.util.HashMap@3a11edf2
      attributes = null
      config = null
      serialVersionUID = -8271459000149267764
      $$$tc$$$ = class com.ibm.websphere.ras.TraceComponent@12f7437
    name = "GraalVMJAXRSDemo"
    isAlive = true
    subElements = null
    attributes = class java.util.concurrent.ConcurrentHashMap@24d059d3
      serialVersionUID = 7249069246763182397
      MAXIMUM_CAPACITY = 1073741824
      DEFAULT_CAPACITY = 16
      MAX_ARRAY_SIZE = 2147483639
      DEFAULT_CONCURRENCY_LEVEL = 16
      LOAD_FACTOR = 0.75
      TREEIFY_THRESHOLD = 8
      UNTREEIFY_THRESHOLD = 6
      MIN_TREEIFY_CAPACITY = 64
      MIN_TRANSFER_STRIDE = 16
      RESIZE_STAMP_BITS = 16
      MAX_RESIZERS = 65535
      RESIZE_STAMP_SHIFT = 16
      MOVED = -1
      TREEBIN = -2
      RESERVED = -3
      HASH_BITS = 2147483647
      NCPU = 12
      serialPersistentFields = class java.io.ObjectStreamField[3]
      table = class java.util.concurrent.ConcurrentHashMap$Node[16]
      nextTable = null
      baseCount = 9
      sizeCtl = 12
      transferIndex = 0
      cellsBusy = 0
      counterCells = null
      keySet = null
      values = null
      entrySet = null
      U = class sun.misc.Unsafe@42f59a05
      SIZECTL = 20
      TRANSFERINDEX = 32
      BASECOUNT = 24
      CELLSBUSY = 36
      CELLVALUE = 144
      ABASE = 16
      ASHIFT = 2
      keySet = null
      values = null
    config = null
    serialVersionUID = -8271459000149267764
    $$$tc$$$ = class com.ibm.websphere.ras.TraceComponent@12f7437
      strings[0] = "TraceComponent[com.ibm.ws.container.AbstractContainer,class com.ibm.ws.container.AbstractContainer,[],null,null]"
  target = class com.sun.jersey.spi.container.servlet.ServletContainer@2c2d271c
    GLASSFISH_DEFAULT_ERROR_PAGE_RESPONSE = "org.glassfish.web.isDefaultErrorPageEnabled"
    APPLICATION_CONFIG_CLASS = "javax.ws.rs.Application"
    RESOURCE_CONFIG_CLASS = "com.sun.jersey.config.property.resourceConfigClass"
    JSP_TEMPLATES_BASE_PATH = "com.sun.jersey.config.property.JSPTemplatesBasePath"
    PROPERTY_WEB_PAGE_CONTENT_REGEX = "com.sun.jersey.config.property.WebPageContentRegex"
    FEATURE_FILTER_FORWARD_ON_404 = "com.sun.jersey.config.feature.FilterForwardOn404"
    PROPERTY_FILTER_CONTEXT_PATH = "com.sun.jersey.config.feature.FilterContextPath"
    webComponent = class com.sun.jersey.spi.container.servlet.ServletContainer$InternalWebComponent@1d419433
      this$0 = class com.sun.jersey.spi.container.servlet.ServletContainer@2c2d271c
      APPLICATION_CONFIG_CLASS = "javax.ws.rs.Application"
      RESOURCE_CONFIG_CLASS = "com.sun.jersey.config.property.resourceConfigClass"
      JSP_TEMPLATES_BASE_PATH = "com.sun.jersey.config.property.JSPTemplatesBasePath"
      LOGGER = class com.ibm.ws.logging.internal.WsLogger@46fad252
      requestInvoker = class com.sun.jersey.server.impl.ThreadLocalInvoker@683e2ee0
      responseInvoker = class com.sun.jersey.server.impl.ThreadLocalInvoker@6b0da7fd
      config = class com.sun.jersey.spi.container.servlet.WebServletConfig@3df0b947
      resourceConfig = null
      useSetStatusOn404 = false
      application = null
    filterConfig = null
    staticContentPattern = null
    forwardOn404 = false
    app = null
    filterContextPath = null
    METHOD_DELETE = "DELETE"
    METHOD_HEAD = "HEAD"
    METHOD_GET = "GET"
    METHOD_OPTIONS = "OPTIONS"
    METHOD_POST = "POST"
    METHOD_PUT = "PUT"
    METHOD_TRACE = "TRACE"
    HEADER_IFMODSINCE = "If-Modified-Since"
    HEADER_LASTMOD = "Last-Modified"
    LSTRING_FILE = "javax.servlet.http.LocalStrings"
    lStrings = class java.util.PropertyResourceBundle@47bb1db1
      lookup = class java.util.HashMap@1aaa3de3
      INITIAL_CACHE_SIZE = 32
      NONEXISTENT_BUNDLE = class java.util.ResourceBundle$1@5fca2451
      cacheList = class java.util.concurrent.ConcurrentHashMap@2079e0bd
      referenceQueue = class java.lang.ref.ReferenceQueue@669cde0b
      parent = null
      locale = class java.util.Locale@3a9c119b
      name = "javax.servlet.http.LocalStrings"
      expired = false
      cacheKey = class java.util.ResourceBundle$CacheKey@4af95e5b
      keySet = null
      providers = null
      $assertionsDisabled = true
    LSTRING_FILE = "javax.servlet.LocalStrings"
    lStrings = class java.util.PropertyResourceBundle@216c181a
    config = class com.ibm.ws.webcontainer.servlet.ServletConfig@22e08fba
  cacheWrappers = null
  targetLoader = class com.ibm.ws.classloading.internal.ThreadContextClassLoader@7d5c26d8
    tc = class com.ibm.websphere.ras.TraceComponent@74fa8a94
      strings[0] = "TraceComponent[com.ibm.ws.classloading.internal.ThreadContextClassLoader,class com.ibm.ws.classloading.internal.ThreadContextClassLoader,[ClassLoadingService],com.ibm.ws.classloading.internal.resources.ClassLoadingServiceMessages,null]"
    bundle = class java.util.concurrent.atomic.AtomicReference@92f8017
      serialVersionUID = -1848883965231344442
      unsafe = class sun.misc.Unsafe@42f59a05
      valueOffset = 12
      value = class org.eclipse.osgi.internal.framework.EquinoxBundle@556c2b3e
    key = "WebModule:GraalVMJAXRSDemo#GraalVMJAXRSDemo.war"
    refCount = class java.util.concurrent.atomic.AtomicInteger@bbd179e
      serialVersionUID = 6214790243416807050
      unsafe = class sun.misc.Unsafe@42f59a05
      valueOffset = 12
      value = 2
      serialVersionUID = -8742448824652078965
    appLoader = class com.ibm.ws.classloading.internal.AppClassLoader@f83cc6
      tc = class com.ibm.websphere.ras.TraceComponent@36cbcc31
      disableSharedClassesCache = false
      PARENT_FIRST_SEARCH_ORDER = class java.util.Collections$UnmodifiableRandomAccessList@56bc6274
      packagesDefined = class java.util.Collections$SetFromMap@d62b0f9
      CLASS_LOADING_TRACE_PREFIX = "com.ibm.ws.class.load."
      DEFAULT_PACKAGE = "default.package"
      perPackageClassLoadingTraceComponents = class java.util.concurrent.ConcurrentHashMap@56638b01
      config = class com.ibm.ws.classloading.internal.ClassLoaderConfigurationImpl@52086e93
      privateLibraries = null
      delegateLoaders = class com.ibm.ws.classloading.internal.util.CompositeIterable@67920964
      nativeLibraryFiles = class java.util.ArrayList@7fef9817
      transformers = class java.util.ArrayList@359e3f68
      apiAccess = class com.ibm.ws.classloading.internal.GatewayClassLoader@5b12e64e
      generator = class com.ibm.ws.classloading.internal.ClassGeneratorManager@3153e683
      protectionDomains = class java.util.concurrent.ConcurrentHashMap@24f3a3be
      parent = class com.ibm.ws.classloading.internal.GatewayClassLoader@5b12e64e
      hook = null
      serialVersionUID = 8734164900246230615
      tc = class com.ibm.websphere.ras.TraceComponent@3e8aaf53
      smartClassPath = class com.ibm.ws.classloading.internal.ContainerClassLoader$SmartClassPathImpl@53dd476d
      nativeLibraryContainers = class java.util.ArrayList@50714221
      redefiner = class com.ibm.ws.classloading.internal.util.ClassRedefiner@782a432f
      jarProtocol = "wsjar:"
      mapCreationQueue = class java.util.concurrent.Executors$FinalizableDelegatedExecutorService@14504238
      serialVersionUID = 6399598832433768509
      serialVersionUID = 1837293532091806117
      $$$tc$$$ = class com.ibm.websphere.ras.TraceComponent@4b0b6f60
      serialVersionUID = -4586727107834513475
      $$$tc$$$ = class com.ibm.websphere.ras.TraceComponent@67bdb1a7
      serialVersionUID = -7709588811276454856
      $$$tc$$$ = class com.ibm.websphere.ras.TraceComponent@7756aa
      initialized = true
      pdcache = class java.util.HashMap@2d87ed5f
      debug = null
      parent = class com.ibm.ws.classloading.internal.GatewayClassLoader@5b12e64e
      parallelLockMap = class java.util.concurrent.ConcurrentHashMap@14d831ad
      package2certs = class java.util.concurrent.ConcurrentHashMap@4ee2195d
      nocerts = class java.security.cert.Certificate[0]
      classes = class java.util.Vector@58b5d33b
      defaultDomain = class java.security.ProtectionDomain@4aca2067
      packages = class java.util.HashMap@1f4a35ca
      scl = class sun.misc.Launcher$AppClassLoader@4e0e2f2a
      sclSet = true
      loadedLibraryNames = class java.util.Vector@b67ea2a
      systemNativeLibraries = class java.util.Vector@5ec4fc60
      nativeLibraries = class java.util.Vector@413cef8f
      nativeLibraryContext = class java.util.Stack@24a67a3c
      usr_paths = class java.lang.String[5]
      sys_paths = class java.lang.String[1]
      assertionLock = class java.lang.Object@37e6c098
      defaultAssertionStatus = false
      packageAssertionStatus = null
      classAssertionStatus = null
    clSvc = class com.ibm.ws.classloading.internal.ClassLoadingServiceImpl@303f620e
      tc = class com.ibm.websphere.ras.TraceComponent@44b2fd77
      leakDetectionMap = class java.util.HashMap@16b23418
      appClassLoaders = class java.util.Collections$SetFromMap@60ac91f
      TCCL_LOCK_WAIT = 15000
      REFERENCE_GENERATORS = "generators"
      bundleContext = class org.eclipse.osgi.internal.framework.BundleContextImpl@1bf02fe0
      aclStore = class com.ibm.ws.classloading.internal.util.CanonicalStore@2027b514
      tcclStore = class com.ibm.ws.classloading.internal.util.CanonicalStore@32bf50a9
      tcclStoreLock = class java.util.concurrent.locks.ReentrantLock@352ab012
      digraph = class org.eclipse.equinox.internal.region.StandardRegionDigraph@65b8d599
      redefiner = class com.ibm.ws.classloading.internal.util.ClassRedefiner@782a432f
      listener = class com.ibm.ws.classloading.internal.ClassLoadingServiceImpl$1@30d86e9b
      classloaders = class java.util.Collections$SynchronizedMap@5092f2b2
      resourceProviders = class com.ibm.ws.classloading.internal.CompositeResourceProvider@7325f124
      rememberedBundles = class java.util.concurrent.ConcurrentHashMap@593ce754
      collectedBundles = class java.lang.ref.ReferenceQueue@2ae3e65e
      generatorRefs = class com.ibm.wsspi.kernel.service.utils.ConcurrentServiceReferenceSet@6d2396d2
      generatorManager = class com.ibm.ws.classloading.internal.ClassGeneratorManager@3153e683
      appExtLibs = class java.util.concurrent.CopyOnWriteArrayList@f6bb1ba
      globalConfig = class com.ibm.ws.classloading.configuration.GlobalClassloadingConfiguration@3a0f671f
      metaInfServicesProviders = class java.util.concurrent.ConcurrentHashMap@4bebf38a
      metaInfServicesRefs = class com.ibm.wsspi.kernel.service.utils.ConcurrentServiceReferenceMap@65a2638a
      protectionDomainMap = class java.util.HashMap@3796e8e5
      metadataIdentifierService = class com.ibm.ws.container.service.metadata.internal.MetaDataServiceImpl@7ae371e9
      globalSharedLibrary = class java.util.concurrent.atomic.AtomicReference@76e05697
      serialVersionUID = 4365026902615131286
    serialVersionUID = 846416563800781557
    tc = class com.ibm.websphere.ras.TraceComponent@4f3e1714
      strings[0] = "TraceComponent[com.ibm.ws.classloading.internal.UnifiedClassLoader,class com.ibm.ws.classloading.internal.UnifiedClassLoader,[ClassLoadingService],com.ibm.ws.classloading.internal.resources.ClassLoadingServiceMessages,null]"
    followOnClassLoaders = class java.util.ArrayList@190dc2e3
      serialVersionUID = 8683452581122892189
      DEFAULT_CAPACITY = 10
      EMPTY_ELEMENTDATA = class java.lang.Object[0]
      DEFAULTCAPACITY_EMPTY_ELEMENTDATA = class java.lang.Object[0]
      elementData = class java.lang.Object[10]
      size = 1
      MAX_ARRAY_SIZE = 2147483639
      modCount = 1
      MAX_ARRAY_SIZE = 2147483639
    serialVersionUID = 8829649920524275888
    serialVersionUID = -4586727107834513475
    $$$tc$$$ = class com.ibm.websphere.ras.TraceComponent@67bdb1a7
      strings[0] = "TraceComponent[com.ibm.ws.classloading.internal.LibertyLoader,class com.ibm.ws.classloading.internal.LibertyLoader,[ClassLoadingService],com.ibm.ws.classloading.internal.resources.ClassLoadingServiceMessages,null]"
    serialVersionUID = -7709588811276454856
    $$$tc$$$ = class com.ibm.websphere.ras.TraceComponent@7756aa
      strings[0] = "TraceComponent[com.ibm.ws.classloading.LibertyClassLoader,class com.ibm.ws.classloading.LibertyClassLoader,[ClassLoadingService],com.ibm.ws.classloading.internal.resources.ClassLoadingServiceMessages,null]"
    initialized = true
    pdcache = class java.util.HashMap@6cd7d6ed
      serialVersionUID = 362498820763181265
      DEFAULT_INITIAL_CAPACITY = 16
      MAXIMUM_CAPACITY = 1073741824
      DEFAULT_LOAD_FACTOR = 0.75
      TREEIFY_THRESHOLD = 8
      UNTREEIFY_THRESHOLD = 6
      MIN_TREEIFY_CAPACITY = 64
      table = null
      entrySet = null
      size = 0
      modCount = 0
      threshold = 16
      loadFactor = 0.75
      keySet = null
      values = null
    debug = null
    parent = class com.ibm.ws.classloading.internal.GatewayClassLoader@3db5f86a
      config = class com.ibm.ws.classloading.internal.GatewayConfigurationImpl@7b580ce5
      wiringMonitor = class com.ibm.ws.classloading.internal.GatewayClassLoader$1@508f9fac
      bundle = class org.eclipse.osgi.internal.framework.EquinoxBundle@556c2b3e
      wiring = class org.eclipse.osgi.container.ModuleWiring@d1abfdc
      bundleLoader = class org.eclipse.osgi.internal.loader.EquinoxClassLoader@2ed63bc
      resourceProviders = class com.ibm.ws.classloading.internal.CompositeResourceProvider@7325f124
      serialVersionUID = -4256474098847905153
      $$$tc$$$ = class com.ibm.websphere.ras.TraceComponent@15d31b6e
      parent = class sun.misc.Launcher$AppClassLoader@4e0e2f2a
      parallelLockMap = null
      package2certs = class java.util.Hashtable@39696820
      nocerts = class java.security.cert.Certificate[0]
      classes = class java.util.Vector@15b7e25e
      defaultDomain = class java.security.ProtectionDomain@4d8b4b6b
      packages = class java.util.HashMap@249231e5
      scl = class sun.misc.Launcher$AppClassLoader@4e0e2f2a
      sclSet = true
      loadedLibraryNames = class java.util.Vector@b67ea2a
      systemNativeLibraries = class java.util.Vector@5ec4fc60
      nativeLibraries = class java.util.Vector@56c8653f
      nativeLibraryContext = class java.util.Stack@24a67a3c
      usr_paths = class java.lang.String[5]
      sys_paths = class java.lang.String[1]
      assertionLock = class com.ibm.ws.classloading.internal.GatewayClassLoader@3db5f86a
      defaultAssertionStatus = false
      packageAssertionStatus = null
      classAssertionStatus = null
    parallelLockMap = class java.util.concurrent.ConcurrentHashMap@fb52d0e
      serialVersionUID = 7249069246763182397
      MAXIMUM_CAPACITY = 1073741824
      DEFAULT_CAPACITY = 16
      MAX_ARRAY_SIZE = 2147483639
      DEFAULT_CONCURRENCY_LEVEL = 16
      LOAD_FACTOR = 0.75
      TREEIFY_THRESHOLD = 8
      UNTREEIFY_THRESHOLD = 6
      MIN_TREEIFY_CAPACITY = 64
      MIN_TRANSFER_STRIDE = 16
      RESIZE_STAMP_BITS = 16
      MAX_RESIZERS = 65535
      RESIZE_STAMP_SHIFT = 16
      MOVED = -1
      TREEBIN = -2
      RESERVED = -3
      HASH_BITS = 2147483647
      NCPU = 12
      serialPersistentFields = class java.io.ObjectStreamField[3]
      table = class java.util.concurrent.ConcurrentHashMap$Node[32]
      nextTable = null
      baseCount = 14
      sizeCtl = 24
      transferIndex = 0
      cellsBusy = 0
      counterCells = null
      keySet = null
      values = null
      entrySet = null
      U = class sun.misc.Unsafe@42f59a05
      SIZECTL = 20
      TRANSFERINDEX = 32
      BASECOUNT = 24
      CELLSBUSY = 36
      CELLVALUE = 144
      ABASE = 16
      ASHIFT = 2
      keySet = null
      values = null
    package2certs = class java.util.concurrent.ConcurrentHashMap@445101e4
      serialVersionUID = 7249069246763182397
      MAXIMUM_CAPACITY = 1073741824
      DEFAULT_CAPACITY = 16
      MAX_ARRAY_SIZE = 2147483639
      DEFAULT_CONCURRENCY_LEVEL = 16
      LOAD_FACTOR = 0.75
      TREEIFY_THRESHOLD = 8
      UNTREEIFY_THRESHOLD = 6
      MIN_TREEIFY_CAPACITY = 64
      MIN_TRANSFER_STRIDE = 16
      RESIZE_STAMP_BITS = 16
      MAX_RESIZERS = 65535
      RESIZE_STAMP_SHIFT = 16
      MOVED = -1
      TREEBIN = -2
      RESERVED = -3
      HASH_BITS = 2147483647
      NCPU = 12
      serialPersistentFields = class java.io.ObjectStreamField[3]
      table = null
      nextTable = null
      baseCount = 0
      sizeCtl = 0
      transferIndex = 0
      cellsBusy = 0
      counterCells = null
      keySet = null
      values = null
      entrySet = null
      U = class sun.misc.Unsafe@42f59a05
      SIZECTL = 20
      TRANSFERINDEX = 32
      BASECOUNT = 24
      CELLSBUSY = 36
      CELLVALUE = 144
      ABASE = 16
      ASHIFT = 2
      keySet = null
      values = null
    nocerts = class java.security.cert.Certificate[0]
    classes = class java.util.Vector@333cc957
      elementData = class java.lang.Object[10]
      elementCount = 0
      capacityIncrement = 0
      serialVersionUID = -2767605614048989439
      MAX_ARRAY_SIZE = 2147483639
      modCount = 0
      MAX_ARRAY_SIZE = 2147483639
    defaultDomain = class java.security.ProtectionDomain@610e1163
      codesource = class java.security.CodeSource@42ed4d35
      classloader = class com.ibm.ws.classloading.internal.ThreadContextClassLoader@7d5c26d8
      principals = interface java.security.Principal[0]
      permissions = null
      hasAllPerm = false
      staticPermissions = false
      key = class java.security.ProtectionDomain$Key@1b1efa89
      debug = null
    packages = class java.util.HashMap@47f59d11
      serialVersionUID = 362498820763181265
      DEFAULT_INITIAL_CAPACITY = 16
      MAXIMUM_CAPACITY = 1073741824
      DEFAULT_LOAD_FACTOR = 0.75
      TREEIFY_THRESHOLD = 8
      UNTREEIFY_THRESHOLD = 6
      MIN_TREEIFY_CAPACITY = 64
      table = null
      entrySet = null
      size = 0
      modCount = 0
      threshold = 0
      loadFactor = 0.75
      keySet = null
      values = null
    scl = class sun.misc.Launcher$AppClassLoader@4e0e2f2a
      ucp = class sun.misc.URLClassPath@8bf0e9f
      $assertionsDisabled = true
      ucp = class sun.misc.URLClassPath@8bf0e9f
      acc = class java.security.AccessControlContext@6f2ced5c
      closeables = class java.util.WeakHashMap@3ebc8f07
      initialized = true
      pdcache = class java.util.HashMap@3a658d5d
      debug = null
      parent = class sun.misc.Launcher$ExtClassLoader@4a5ea778
      parallelLockMap = class java.util.concurrent.ConcurrentHashMap@4290e562
      package2certs = class java.util.concurrent.ConcurrentHashMap@188e8e80
      nocerts = class java.security.cert.Certificate[0]
      classes = class java.util.Vector@e17e7a9
      defaultDomain = class java.security.ProtectionDomain@31cdf474
      packages = class java.util.HashMap@7433bcda
      scl = class sun.misc.Launcher$AppClassLoader@4e0e2f2a
      sclSet = true
      loadedLibraryNames = class java.util.Vector@b67ea2a
      systemNativeLibraries = class java.util.Vector@5ec4fc60
      nativeLibraries = class java.util.Vector@18a5c652
      nativeLibraryContext = class java.util.Stack@24a67a3c
      usr_paths = class java.lang.String[5]
      sys_paths = class java.lang.String[1]
      assertionLock = class java.lang.Object@29be4040
      defaultAssertionStatus = false
      packageAssertionStatus = null
      classAssertionStatus = null
    sclSet = true
    loadedLibraryNames = class java.util.Vector@b67ea2a
      elementData = class java.lang.Object[10]
      elementCount = 5
      capacityIncrement = 0
      serialVersionUID = -2767605614048989439
      MAX_ARRAY_SIZE = 2147483639
      modCount = 5
      MAX_ARRAY_SIZE = 2147483639
    systemNativeLibraries = class java.util.Vector@5ec4fc60
      elementData = class java.lang.Object[10]
      elementCount = 5
      capacityIncrement = 0
      serialVersionUID = -2767605614048989439
      MAX_ARRAY_SIZE = 2147483639
      modCount = 5
      MAX_ARRAY_SIZE = 2147483639
    nativeLibraries = class java.util.Vector@4f507bd2
      elementData = class java.lang.Object[10]
      elementCount = 0
      capacityIncrement = 0
      serialVersionUID = -2767605614048989439
      MAX_ARRAY_SIZE = 2147483639
      modCount = 0
      MAX_ARRAY_SIZE = 2147483639
    nativeLibraryContext = class java.util.Stack@24a67a3c
      serialVersionUID = 1224463164541339165
      elementData = class java.lang.Object[10]
      elementCount = 0
      capacityIncrement = 0
      serialVersionUID = -2767605614048989439
      MAX_ARRAY_SIZE = 2147483639
      modCount = 10
      MAX_ARRAY_SIZE = 2147483639
    usr_paths = class java.lang.String[5]
      String[0] = "/usr/java/packages/lib/amd64"
      String[1] = "/usr/lib64"
      String[2] = "/lib64"
      String[3] = "/lib"
      String[4] = "/usr/lib"
    sys_paths = class java.lang.String[1]
      String[0] = "/home/sseighma/.sdkman/candidates/java/8.0.265-open/jre/lib/amd64"
    assertionLock = class java.lang.Object@253853b6
    defaultAssertionStatus = false
    packageAssertionStatus = null
    classAssertionStatus = null
  evtSource = class com.ibm.ws.webcontainer.webapp.WebAppEventSource@6a85168a
    _invocationListeners = class com.ibm.ws.webcontainer.util.EventListeners@686a86ba
      EMPTY_LISTENERS = interface java.util.EventListener[0]
      logger = class com.ibm.ws.logging.internal.WsLogger@54cbce92
      CLASS_NAME = "com.ibm.ws.webcontainer.util.EventListeners"
      listeners = interface java.util.EventListener[0]
    _servletListeners = class com.ibm.ws.webcontainer.util.EventListeners@70da1b89
      EMPTY_LISTENERS = interface java.util.EventListener[0]
      logger = class com.ibm.ws.logging.internal.WsLogger@54cbce92
      CLASS_NAME = "com.ibm.ws.webcontainer.util.EventListeners"
      listeners = interface java.util.EventListener[0]
    _errorListeners = class com.ibm.ws.webcontainer.util.EventListeners@8b2151b
      EMPTY_LISTENERS = interface java.util.EventListener[0]
      logger = class com.ibm.ws.logging.internal.WsLogger@54cbce92
      CLASS_NAME = "com.ibm.ws.webcontainer.util.EventListeners"
      listeners = interface java.util.EventListener[0]
    _applicationListeners = class com.ibm.ws.webcontainer.util.EventListeners@67132f0e
      EMPTY_LISTENERS = interface java.util.EventListener[0]
      logger = class com.ibm.ws.logging.internal.WsLogger@54cbce92
      CLASS_NAME = "com.ibm.ws.webcontainer.util.EventListeners"
      listeners = interface java.util.EventListener[0]
    _filterInvocationListeners = class com.ibm.ws.webcontainer.util.EventListeners@5bf02a00
      EMPTY_LISTENERS = interface java.util.EventListener[0]
      logger = class com.ibm.ws.logging.internal.WsLogger@54cbce92
      CLASS_NAME = "com.ibm.ws.webcontainer.util.EventListeners"
      listeners = interface java.util.EventListener[0]
    _filterListeners = class com.ibm.ws.webcontainer.util.EventListeners@7b5664a4
      EMPTY_LISTENERS = interface java.util.EventListener[0]
      logger = class com.ibm.ws.logging.internal.WsLogger@54cbce92
      CLASS_NAME = "com.ibm.ws.webcontainer.util.EventListeners"
      listeners = interface java.util.EventListener[0]
    _filterErrorListeners = class com.ibm.ws.webcontainer.util.EventListeners@63d4bc18
      EMPTY_LISTENERS = interface java.util.EventListener[0]
      logger = class com.ibm.ws.logging.internal.WsLogger@54cbce92
      CLASS_NAME = "com.ibm.ws.webcontainer.util.EventListeners"
      listeners = interface java.util.EventListener[0]
  event = class com.ibm.websphere.servlet.event.ServletEvent@4c3ec93f
    serialVersionUID = 3906650803920713522
    _servletName = "jersey"
    _servletClassName = "com.sun.jersey.spi.container.servlet.ServletContainer"
    $$$tc$$$ = class com.ibm.websphere.ras.TraceComponent@436befe2
      strings[0] = "TraceComponent[com.ibm.websphere.servlet.event.ServletEvent,class com.ibm.websphere.servlet.event.ServletEvent,[],null,null]"
    serialVersionUID = 3546927969739289392
    _context = class com.ibm.ws.webcontainer40.facade.ServletContextFacade40@2ca5c6ba
      context = class com.ibm.ws.webcontainer40.osgi.webapp.WebApp40@11004eaa
    _servletNames = class com.ibm.ws.webcontainer.util.EmptyEnumeration@1f548dba
      serialVersionUID = 3546642126931963953
      _instance = class com.ibm.ws.webcontainer.util.EmptyEnumeration@1f548dba
    $$$tc$$$ = class com.ibm.websphere.ras.TraceComponent@78d6645
      strings[0] = "TraceComponent[com.ibm.websphere.servlet.event.ApplicationEvent,class com.ibm.websphere.servlet.event.ApplicationEvent,[],null,null]"
    serialVersionUID = 5516075349620653480
    source = class com.ibm.ws.webcontainer.osgi.servlet.ServletWrapper@14819377
  unavailableMessage = null
  unavailableUntil = -1
  isSTM = false
  internalServlet = false
  webAppInvocationCollaborators = null
  platformHelper = class com.ibm.ws.webcontainer.PlatformHelper@5fd8bb0c
  webAppNameSpaceCollab = class com.ibm.ws.webcontainer.osgi.collaborator.WebAppNameSpaceCollaboratorImpl@1a88622c
    cmdai = class com.ibm.ws.threadContext.ComponentMetaDataAccessorImpl@5dabbf6
      tc = class com.ibm.websphere.ras.TraceComponent@3b5f84cf
      cmdai = class com.ibm.ws.threadContext.ComponentMetaDataAccessorImpl@5dabbf6
      threadContext = class com.ibm.ws.threadContext.ThreadContextImpl@3554fbd2
      defaultCMD = null
  txCollab = class com.ibm.ws.webcontainer.collaborator.WebAppTransactionCollaborator@587b16b1
    logger = class com.ibm.ws.logging.internal.WsLogger@750f0139
      ivCachedResourceBundleName = null
      ivCachedResourceBundle = null
      ivComponent = null
      ivOrganization = null
      ivProduct = null
      ivMinimumLocalizationLevelIntValue = 625
      ivTC = class com.ibm.websphere.ras.TraceComponent@3d9fe643
      loggerRegistrationComponent = class java.lang.ThreadLocal@42f9e8e3
      emptyHandlers = class java.util.logging.Handler[0]
      offValue = 2147483647
      SYSTEM_LOGGER_RB_NAME = "sun.util.logging.resources.logging"
      SYSTEM_BUNDLE = class java.util.logging.Logger$LoggerBundle@16179bba
      NO_RESOURCE_BUNDLE = class java.util.logging.Logger$LoggerBundle@72561a26
      manager = class com.ibm.ws.kernel.boot.logging.WsLogManager@7f655a7f
      name = "com.ibm.ws.webcontainer.collaborator"
      handlers = class java.util.concurrent.CopyOnWriteArrayList@144b0d8b
      loggerBundle = class java.util.logging.Logger$LoggerBundle@149a0e27
      useParentHandlers = true
      filter = null
      anonymous = false
      catalog = class com.ibm.ws.webcontainer.resources.Messages@1df85457
      catalogName = "com.ibm.ws.webcontainer.resources.Messages"
      catalogLocale = class java.util.Locale@489b4335
      treeLock = class java.lang.Object@5637251d
      parent = class com.ibm.ws.logging.internal.WsLogger@66af15f5
      kids = null
      levelObject = class java.util.logging.Level@392abf9b
      levelValue = 800
      callersClassLoaderRef = class java.lang.ref.WeakReference@603aa6cd
      isSystemLogger = false
      GLOBAL_LOGGER_NAME = "global"
      global = class java.util.logging.Logger@44ca06c7
      $assertionsDisabled = true
    CLASS_NAME = "com.ibm.ws.webcontainer.collaborator.WebAppTransactionCollaborator"
  suppressServletExceptionLogging = false
  throwExceptionEnum = class java.util.RegularEnumSet@62364bb0
    serialVersionUID = 3411599620347842686
    elements = 256
    elementType = class java.lang.Class@1d6ed762
      ANNOTATION = 8192
      ENUM = 16384
      SYNTHETIC = 4096
      cachedConstructor = null
      newInstanceCallerCache = null
      name = "com.ibm.wsspi.webcontainer.collaborator.CollaboratorInvocationEnum"
      allPermDomain = class java.security.ProtectionDomain@5f86f4bc
      useCaches = true
      reflectionData = class java.lang.ref.SoftReference@27034df2
      classRedefinedCount = 0
      genericInfo = null
      serialVersionUID = 3206093459760846163
      serialPersistentFields = class java.io.ObjectStreamField[0]
      reflectionFactory = class sun.reflect.ReflectionFactory@6c8d39d4
      initted = true
      enumConstants = class com.ibm.wsspi.webcontainer.collaborator.CollaboratorInvocationEnum[9]
      enumConstantDirectory = null
      annotationData = null
      annotationType = null
      classValueMap = null
    universe = class com.ibm.wsspi.webcontainer.collaborator.CollaboratorInvocationEnum[9]
      CollaboratorInvocationEnum[0] = class com.ibm.wsspi.webcontainer.collaborator.CollaboratorInvocationEnum@28840ac7
      CollaboratorInvocationEnum[1] = class com.ibm.wsspi.webcontainer.collaborator.CollaboratorInvocationEnum@700acd03
      CollaboratorInvocationEnum[2] = class com.ibm.wsspi.webcontainer.collaborator.CollaboratorInvocationEnum@145e62c8
      CollaboratorInvocationEnum[3] = class com.ibm.wsspi.webcontainer.collaborator.CollaboratorInvocationEnum@19022f8a
      CollaboratorInvocationEnum[4] = class com.ibm.wsspi.webcontainer.collaborator.CollaboratorInvocationEnum@1158cc5f
      CollaboratorInvocationEnum[5] = class com.ibm.wsspi.webcontainer.collaborator.CollaboratorInvocationEnum@379c69a2
      CollaboratorInvocationEnum[6] = class com.ibm.wsspi.webcontainer.collaborator.CollaboratorInvocationEnum@50b305bb
      CollaboratorInvocationEnum[7] = class com.ibm.wsspi.webcontainer.collaborator.CollaboratorInvocationEnum@58c50e58
      CollaboratorInvocationEnum[8] = class com.ibm.wsspi.webcontainer.collaborator.CollaboratorInvocationEnum@fa80b2b
    ZERO_LENGTH_ENUM_ARRAY = class java.lang.Enum[0]
    MAX_ARRAY_SIZE = 2147483639
  discernUnavailableServlet = false
  reInitServletonInitUnavailableException = true
  destroyServletonServiceUnavailableException = false
  servlet23 = true
  PARAMS_HEAD_TRACE = class java.lang.Class[2]
    Class[0] = class java.lang.Class@78ec1896
      ANNOTATION = 8192
      ENUM = 16384
      SYNTHETIC = 4096
      cachedConstructor = null
      newInstanceCallerCache = null
      name = null
      allPermDomain = class java.security.ProtectionDomain@5f86f4bc
      useCaches = true
      reflectionData = null
      classRedefinedCount = 0
      genericInfo = null
      serialVersionUID = 3206093459760846163
      serialPersistentFields = class java.io.ObjectStreamField[0]
      reflectionFactory = class sun.reflect.ReflectionFactory@6c8d39d4
      initted = true
      enumConstants = null
      enumConstantDirectory = null
      annotationData = null
      annotationType = null
      classValueMap = null
    Class[1] = class java.lang.Class@5ed4d899
      ANNOTATION = 8192
      ENUM = 16384
      SYNTHETIC = 4096
      cachedConstructor = null
      newInstanceCallerCache = null
      name = null
      allPermDomain = class java.security.ProtectionDomain@5f86f4bc
      useCaches = true
      reflectionData = null
      classRedefinedCount = 0
      genericInfo = null
      serialVersionUID = 3206093459760846163
      serialPersistentFields = class java.io.ObjectStreamField[0]
      reflectionFactory = class sun.reflect.ReflectionFactory@6c8d39d4
      initted = true
      enumConstants = null
      enumConstantDirectory = null
      annotationData = null
      annotationType = null
      classValueMap = null
  defaultHeadMethodInUse = false
  defaultTraceMethodInUse = false
  checkedForDefaultMethods = null
  defaultTraceRequestBehavior = false
  defaultHeadRequestBehavior = false
  useOriginalRequestState = false
  warningStatusSet = false
  LSTRING_FILE = "javax.servlet.LocalStrings"
  lStrings = class java.util.PropertyResourceBundle@216c181a
    lookup = class java.util.HashMap@36ee19a0
      serialVersionUID = 362498820763181265
      DEFAULT_INITIAL_CAPACITY = 16
      MAXIMUM_CAPACITY = 1073741824
      DEFAULT_LOAD_FACTOR = 0.75
      TREEIFY_THRESHOLD = 8
      UNTREEIFY_THRESHOLD = 6
      MIN_TREEIFY_CAPACITY = 64
      table = class java.util.HashMap$Node[8]
      entrySet = null
      size = 4
      modCount = 4
      threshold = 6
      loadFactor = 0.75
      keySet = null
      values = null
    INITIAL_CACHE_SIZE = 32
    NONEXISTENT_BUNDLE = class java.util.ResourceBundle$1@5fca2451
      INITIAL_CACHE_SIZE = 32
      NONEXISTENT_BUNDLE = class java.util.ResourceBundle$1@5fca2451
      cacheList = class java.util.concurrent.ConcurrentHashMap@2079e0bd
      referenceQueue = class java.lang.ref.ReferenceQueue@669cde0b
      parent = null
      locale = null
      name = null
      expired = false
      cacheKey = class java.util.ResourceBundle$CacheKey@1063b647
      keySet = null
      providers = null
      $assertionsDisabled = true
    cacheList = class java.util.concurrent.ConcurrentHashMap@2079e0bd
      serialVersionUID = 7249069246763182397
      MAXIMUM_CAPACITY = 1073741824
      DEFAULT_CAPACITY = 16
      MAX_ARRAY_SIZE = 2147483639
      DEFAULT_CONCURRENCY_LEVEL = 16
      LOAD_FACTOR = 0.75
      TREEIFY_THRESHOLD = 8
      UNTREEIFY_THRESHOLD = 6
      MIN_TREEIFY_CAPACITY = 64
      MIN_TRANSFER_STRIDE = 16
      RESIZE_STAMP_BITS = 16
      MAX_RESIZERS = 65535
      RESIZE_STAMP_SHIFT = 16
      MOVED = -1
      TREEBIN = -2
      RESERVED = -3
      HASH_BITS = 2147483647
      NCPU = 12
      serialPersistentFields = class java.io.ObjectStreamField[3]
      table = class java.util.concurrent.ConcurrentHashMap$Node[128]
      nextTable = null
      baseCount = 59
      sizeCtl = 96
      transferIndex = 0
      cellsBusy = 0
      counterCells = null
      keySet = null
      values = null
      entrySet = null
      U = class sun.misc.Unsafe@42f59a05
      SIZECTL = 20
      TRANSFERINDEX = 32
      BASECOUNT = 24
      CELLSBUSY = 36
      CELLVALUE = 144
      ABASE = 16
      ASHIFT = 2
      keySet = null
      values = null
    referenceQueue = class java.lang.ref.ReferenceQueue@669cde0b
      NULL = class java.lang.ref.ReferenceQueue$Null@6d91a225
      ENQUEUED = class java.lang.ref.ReferenceQueue$Null@46b51a27
      lock = class java.lang.ref.ReferenceQueue$Lock@58ef4a91
      head = null
      queueLength = 0
      $assertionsDisabled = true
    parent = null
    locale = class java.util.Locale@3a9c119b
      LOCALECACHE = class java.util.Locale$Cache@1c211c8f
      ENGLISH = class java.util.Locale@489b4335
      FRENCH = class java.util.Locale@3f58096
      GERMAN = class java.util.Locale@2e92172e
      ITALIAN = class java.util.Locale@1a0b1124
      JAPANESE = class java.util.Locale@edaa38e
      KOREAN = class java.util.Locale@218473f3
      CHINESE = class java.util.Locale@1f913b8a
      SIMPLIFIED_CHINESE = class java.util.Locale@5dd18b6d
      TRADITIONAL_CHINESE = class java.util.Locale@64c858a
      FRANCE = class java.util.Locale@455655b
      GERMANY = class java.util.Locale@128e5330
      ITALY = class java.util.Locale@435538ef
      JAPAN = class java.util.Locale@21d785da
      KOREA = class java.util.Locale@e875306
      CHINA = class java.util.Locale@5dd18b6d
      PRC = class java.util.Locale@5dd18b6d
      TAIWAN = class java.util.Locale@64c858a
      UK = class java.util.Locale@6ef08635
      US = class java.util.Locale@4884944
      CANADA = class java.util.Locale@196ce55a
      CANADA_FRENCH = class java.util.Locale@2dc79a12
      ROOT = class java.util.Locale@3a9c119b
      PRIVATE_USE_EXTENSION = x
      UNICODE_LOCALE_EXTENSION = u
      serialVersionUID = 9149081749638150636
      DISPLAY_LANGUAGE = 0
      DISPLAY_COUNTRY = 1
      DISPLAY_VARIANT = 2
      DISPLAY_SCRIPT = 3
      baseLocale = class sun.util.locale.BaseLocale@476c60b1
      localeExtensions = null
      hashCodeValue = 0
      defaultLocale = class java.util.Locale@489b4335
      defaultDisplayLocale = null
      defaultFormatLocale = class java.util.Locale@489b4335
      languageTag = null
      serialPersistentFields = class java.io.ObjectStreamField[6]
      isoLanguages = null
      isoCountries = null
      $assertionsDisabled = true
    name = "javax.servlet.LocalStrings"
    expired = false
    cacheKey = class java.util.ResourceBundle$CacheKey@347a4235
      name = "javax.servlet.LocalStrings"
      locale = class java.util.Locale@3a9c119b
      loaderRef = class java.util.ResourceBundle$LoaderReference@5d3edabb
      format = "java.properties"
      loadTime = 0
      expirationTime = -2
      cause = null
      hashCodeCache = -245166336
    keySet = null
    providers = null
    $assertionsDisabled = true
  config = null

