------Start of DE processing------ = [12/23/20 15:49:55:873 EST]
Exception = java.lang.ArrayIndexOutOfBoundsException
Source = com.ibm.ws.webcontainer.servlet.ServletWrapper.init
probeid = 181
Stack Dump = java.lang.ArrayIndexOutOfBoundsException: 883
	at org.objectweb.asm.ClassReader.readClass(Unknown Source)
	at org.objectweb.asm.ClassReader.accept(Unknown Source)
	at org.objectweb.asm.ClassReader.accept(Unknown Source)
	at com.sun.jersey.spi.scanning.AnnotationScannerListener.onProcess(AnnotationScannerListener.java:136)
	at com.sun.jersey.core.spi.scanning.uri.FileSchemeScanner$1.f(FileSchemeScanner.java:86)
	at com.sun.jersey.core.util.Closing.f(Closing.java:71)
	at com.sun.jersey.core.spi.scanning.uri.FileSchemeScanner.scanDirectory(FileSchemeScanner.java:83)
	at com.sun.jersey.core.spi.scanning.uri.FileSchemeScanner.scan(FileSchemeScanner.java:71)
	at com.sun.jersey.core.spi.scanning.PackageNamesScanner.scan(PackageNamesScanner.java:225)
	at com.sun.jersey.core.spi.scanning.PackageNamesScanner.scan(PackageNamesScanner.java:141)
	at com.sun.jersey.api.core.ScanningResourceConfig.init(ScanningResourceConfig.java:80)
	at com.sun.jersey.api.core.PackagesResourceConfig.init(PackagesResourceConfig.java:104)
	at com.sun.jersey.api.core.PackagesResourceConfig.<init>(PackagesResourceConfig.java:78)
	at com.sun.jersey.api.core.PackagesResourceConfig.<init>(PackagesResourceConfig.java:89)
	at com.sun.jersey.spi.container.servlet.WebComponent.createResourceConfig(WebComponent.java:696)
	at com.sun.jersey.spi.container.servlet.WebComponent.createResourceConfig(WebComponent.java:674)
	at com.sun.jersey.spi.container.servlet.WebComponent.init(WebComponent.java:203)
	at com.sun.jersey.spi.container.servlet.ServletContainer.init(ServletContainer.java:374)
	at com.sun.jersey.spi.container.servlet.ServletContainer.init(ServletContainer.java:557)
	at javax.servlet.GenericServlet.init(GenericServlet.java:244)
	at com.ibm.ws.webcontainer.servlet.ServletWrapper.init(ServletWrapper.java:291)
	at com.ibm.ws.webcontainer.servlet.ServletWrapper.loadOnStartupCheck(ServletWrapper.java:1373)
	at com.ibm.ws.webcontainer.webapp.WebApp.doLoadOnStartupActions(WebApp.java:1201)
	at com.ibm.ws.webcontainer.webapp.WebApp.commonInitializationFinally(WebApp.java:1169)
	at com.ibm.ws.webcontainer.webapp.WebApp.initialize(WebApp.java:1067)
	at com.ibm.ws.webcontainer.webapp.WebApp.initialize(WebApp.java:6683)
	at com.ibm.ws.webcontainer.osgi.DynamicVirtualHost.startWebApp(DynamicVirtualHost.java:470)
	at com.ibm.ws.webcontainer.osgi.DynamicVirtualHost.startWebApplication(DynamicVirtualHost.java:465)
	at com.ibm.ws.webcontainer.osgi.WebContainer.startWebApplication(WebContainer.java:1179)
	at com.ibm.ws.webcontainer.osgi.WebContainer.access$100(WebContainer.java:110)
	at com.ibm.ws.webcontainer.osgi.WebContainer$3.run(WebContainer.java:976)
	at com.ibm.ws.threading.internal.ExecutorServiceImpl$RunnableWrapper.run(ExecutorServiceImpl.java:239)
	at java.util.concurrent.Executors$RunnableAdapter.call(Executors.java:511)
	at java.util.concurrent.FutureTask.run(FutureTask.java:266)
	at java.util.concurrent.ThreadPoolExecutor.runWorker(ThreadPoolExecutor.java:1149)
	at java.util.concurrent.ThreadPoolExecutor$Worker.run(ThreadPoolExecutor.java:624)
	at java.lang.Thread.run(Thread.java:748)

Dump of callerThis
Object type = com.ibm.ws.webcontainer.osgi.servlet.ServletWrapper
  serialVersionUID = 1
  _mo = class com.ibm.ws.managedobject.internal.ManagedObjectImpl@72c8e629
    object = "<sensitive com.sun.jersey.spi.container.servlet.ServletContainer@22f9eaf2>"
    serialVersionUID = 316670419635262281
    $$$tc$$$ = class com.ibm.websphere.ras.TraceComponent@757aad5f
      strings[0] = "TraceComponent[com.ibm.ws.managedobject.internal.ManagedObjectImpl,class com.ibm.ws.managedobject.internal.ManagedObjectImpl,[],null,null]"
  serialVersionUID = -4479626085298397598
  notifyInvocationListeners = false
  UNINITIALIZED_STATE = -1
  AVAILABLE_STATE = 0
  UNAVAILABLE_STATE = 1
  UNAVAILABLE_PERMANENTLY_STATE = 2
  collabHelper = class com.ibm.ws.webcontainer.osgi.collaborator.CollaboratorHelperImpl@4721e67a
    webAppInvCollabs = class java.util.Collections$UnmodifiableSet@33348410
      serialVersionUID = -9215047833775013803
      serialVersionUID = 1820017752578914078
      c = class java.util.concurrent.CopyOnWriteArraySet@77fb8c17
    securityDomainForApp = null
    logger = class com.ibm.ws.logging.internal.WsLogger@1826820a
    staticDefaultSecurityCollaborator = class com.ibm.ws.webcontainer.collaborator.WebAppSecurityCollaborator@1f2e66ae
    logger = class com.ibm.ws.logging.internal.WsLogger@17615320
      ivCachedResourceBundleName = null
      ivCachedResourceBundle = null
      ivComponent = null
      ivOrganization = null
      ivProduct = null
      ivMinimumLocalizationLevelIntValue = 625
      ivTC = class com.ibm.websphere.ras.TraceComponent@68ab67cf
      loggerRegistrationComponent = class java.lang.ThreadLocal@69254ed7
      emptyHandlers = class java.util.logging.Handler[0]
      offValue = 2147483647
      SYSTEM_LOGGER_RB_NAME = "sun.util.logging.resources.logging"
      SYSTEM_BUNDLE = class java.util.logging.Logger$LoggerBundle@19ad800d
      NO_RESOURCE_BUNDLE = class java.util.logging.Logger$LoggerBundle@507f7853
      manager = class com.ibm.ws.kernel.boot.logging.WsLogManager@13efc77d
      name = "com.ibm.wsspi.webcontainer.collaborator"
      handlers = class java.util.concurrent.CopyOnWriteArrayList@362f842d
      loggerBundle = class java.util.logging.Logger$LoggerBundle@6754f1f0
      useParentHandlers = true
      filter = null
      anonymous = false
      catalog = class com.ibm.ws.webcontainer.resources.Messages@84f34bb
      catalogName = "com.ibm.ws.webcontainer.resources.Messages"
      catalogLocale = class java.util.Locale@65f6dee0
      treeLock = class java.lang.Object@3a3a439a
      parent = class java.util.logging.Logger@734385a
      kids = null
      levelObject = class java.util.logging.Level@237b9f50
      levelValue = 800
      callersClassLoaderRef = class java.lang.ref.WeakReference@12035f5b
      isSystemLogger = false
      GLOBAL_LOGGER_NAME = "global"
      global = class java.util.logging.Logger@18e7ff0d
      $assertionsDisabled = true
    CLASS_NAME = "com.ibm.wsspi.webcontainer.collaborator.CollaboratorHelper"
    webApp = class com.ibm.ws.webcontainer40.osgi.webapp.WebApp40@625d8cad
    securityCollaborator = class com.ibm.ws.webcontainer.collaborator.WebAppSecurityCollaborator@1f2e66ae
    nameSpaceCollaborator = class com.ibm.ws.webcontainer.osgi.collaborator.WebAppNameSpaceCollaboratorImpl@58143593
    transactionCollaborator = class com.ibm.ws.webcontainer.collaborator.WebAppTransactionCollaborator@ab9f30c
    connectionCollaborator = class com.ibm.ws.webcontainer.collaborator.ConnectionCollaborator@e251d8
    allCollabEnum = class java.util.RegularEnumSet@6c955c7c
      serialVersionUID = 3411599620347842686
      elements = 511
      elementType = class java.lang.Class@686be56e
      universe = class com.ibm.wsspi.webcontainer.collaborator.CollaboratorInvocationEnum[9]
      ZERO_LENGTH_ENUM_ARRAY = class java.lang.Enum[0]
      MAX_ARRAY_SIZE = 2147483639
    servlet_23_or_greater = true
    DEFER_SERVLET_REQUEST_LISTENER_DESTROY_ON_ERROR = false
  nServicing = class java.util.concurrent.atomic.AtomicInteger@60d6733e
    serialVersionUID = 6214790243416807050
    unsafe = class sun.misc.Unsafe@4ed4d848
      theUnsafe = class sun.misc.Unsafe@4ed4d848
      INVALID_FIELD_OFFSET = -1
      ARRAY_BOOLEAN_BASE_OFFSET = 16
      ARRAY_BYTE_BASE_OFFSET = 16
      ARRAY_SHORT_BASE_OFFSET = 16
      ARRAY_CHAR_BASE_OFFSET = 16
      ARRAY_INT_BASE_OFFSET = 16
      ARRAY_LONG_BASE_OFFSET = 16
      ARRAY_FLOAT_BASE_OFFSET = 16
      ARRAY_DOUBLE_BASE_OFFSET = 16
      ARRAY_OBJECT_BASE_OFFSET = 16
      ARRAY_BOOLEAN_INDEX_SCALE = 1
      ARRAY_BYTE_INDEX_SCALE = 1
      ARRAY_SHORT_INDEX_SCALE = 2
      ARRAY_CHAR_INDEX_SCALE = 2
      ARRAY_INT_INDEX_SCALE = 4
      ARRAY_LONG_INDEX_SCALE = 8
      ARRAY_FLOAT_INDEX_SCALE = 4
      ARRAY_DOUBLE_INDEX_SCALE = 8
      ARRAY_OBJECT_INDEX_SCALE = 4
      ADDRESS_SIZE = 8
    valueOffset = 12
    value = 0
    serialVersionUID = -8742448824652078965
  lastAccessTime = 1608756595720
  state = -1
  logger = class com.ibm.ws.logging.internal.WsLogger@6694de1a
    ivCachedResourceBundleName = null
    ivCachedResourceBundle = null
    ivComponent = null
    ivOrganization = null
    ivProduct = null
    ivMinimumLocalizationLevelIntValue = 625
    ivTC = class com.ibm.websphere.ras.TraceComponent@2de9c97b
      strings[0] = "TraceComponent[com.ibm.ws.webcontainer.servlet,class com.ibm.wsspi.webcontainer.logging.LoggerFactory$1,[com.ibm.ws.webcontainer.servlet],null,null]"
    loggerRegistrationComponent = class java.lang.ThreadLocal@69254ed7
      threadLocalHashCode = 661548054
      nextHashCode = class java.util.concurrent.atomic.AtomicInteger@47d93de4
      HASH_INCREMENT = 1640531527
    emptyHandlers = class java.util.logging.Handler[0]
    offValue = 2147483647
    SYSTEM_LOGGER_RB_NAME = "sun.util.logging.resources.logging"
    SYSTEM_BUNDLE = class java.util.logging.Logger$LoggerBundle@19ad800d
      resourceBundleName = "sun.util.logging.resources.logging"
      userBundle = null
    NO_RESOURCE_BUNDLE = class java.util.logging.Logger$LoggerBundle@507f7853
      resourceBundleName = null
      userBundle = null
    manager = class com.ibm.ws.kernel.boot.logging.WsLogManager@13efc77d
      CONFIGURE_BY_SERVER_PROPERTY_NAME = "java.util.logging.configureByServer"
      CONFIGURE_BY_LOGGING_PROPERTIES_FILE = "java.util.logging.configureByLoggingPropertiesFile"
      configureByServer = true
      configureByLoggingProperties = false
      wsLogger = class java.lang.reflect.Constructor@278b8369
      resetEnabled = true
      svBinaryLoggingEnable = false
      manager = class com.ibm.ws.kernel.boot.logging.WsLogManager@13efc77d
      props = class java.util.Properties@103795af
      defaultLevel = class java.util.logging.Level@237b9f50
      listenerMap = class java.util.HashMap@43666a8c
      systemContext = class java.util.logging.LogManager$SystemLoggerContext@388d2942
      userContext = class java.util.logging.LogManager$LoggerContext@337714eb
      rootLogger = class java.util.logging.LogManager$RootLogger@1f4175c7
      readPrimordialConfiguration = true
      initializedGlobalHandlers = true
      deathImminent = false
      initializedCalled = true
      initializationDone = true
      contextsMap = null
      loggerRefQueue = class java.lang.ref.ReferenceQueue@6f834ea9
      MAX_ITERATIONS = 400
      controlPermission = class java.util.logging.LoggingPermission@3e95ad22
      loggingMXBean = null
      LOGGING_MXBEAN_NAME = "java.util.logging:type=Logging"
      $assertionsDisabled = true
    name = "com.ibm.ws.webcontainer.servlet"
    handlers = class java.util.concurrent.CopyOnWriteArrayList@56012256
      serialVersionUID = 8673264195747942595
      lock = class java.util.concurrent.locks.ReentrantLock@63564f9a
      array = class java.lang.Object[0]
      UNSAFE = class sun.misc.Unsafe@4ed4d848
      lockOffset = 12
    loggerBundle = class java.util.logging.Logger$LoggerBundle@23d97d73
      resourceBundleName = "com.ibm.ws.webcontainer.resources.Messages"
      userBundle = null
    useParentHandlers = true
    filter = null
    anonymous = false
    catalog = class com.ibm.ws.webcontainer.resources.Messages@84f34bb
      resources = class [Ljava.lang.Object;[338]
      lookup = class java.util.HashMap@117c4459
      INITIAL_CACHE_SIZE = 32
      NONEXISTENT_BUNDLE = class java.util.ResourceBundle$1@30ffba28
      cacheList = class java.util.concurrent.ConcurrentHashMap@64e806db
      referenceQueue = class java.lang.ref.ReferenceQueue@241c639
      parent = null
      locale = class java.util.Locale@186ebbea
      name = "com.ibm.ws.webcontainer.resources.Messages"
      expired = false
      cacheKey = class java.util.ResourceBundle$CacheKey@5ec1e4cb
      keySet = null
      providers = null
      $assertionsDisabled = true
    catalogName = "com.ibm.ws.webcontainer.resources.Messages"
    catalogLocale = class java.util.Locale@65f6dee0
      LOCALECACHE = class java.util.Locale$Cache@4e9565c6
      ENGLISH = class java.util.Locale@65f6dee0
      FRENCH = class java.util.Locale@16f85f20
      GERMAN = class java.util.Locale@273b8e24
      ITALIAN = class java.util.Locale@4c0a64fc
      JAPANESE = class java.util.Locale@295483ee
      KOREAN = class java.util.Locale@7d81c8bb
      CHINESE = class java.util.Locale@6b02381
      SIMPLIFIED_CHINESE = class java.util.Locale@19828a2f
      TRADITIONAL_CHINESE = class java.util.Locale@14c43102
      FRANCE = class java.util.Locale@6773e731
      GERMANY = class java.util.Locale@60586c75
      ITALY = class java.util.Locale@6d8651a3
      JAPAN = class java.util.Locale@58ff2130
      KOREA = class java.util.Locale@204d1f71
      CHINA = class java.util.Locale@19828a2f
      PRC = class java.util.Locale@19828a2f
      TAIWAN = class java.util.Locale@14c43102
      UK = class java.util.Locale@355e4c9
      US = class java.util.Locale@5c81a649
      CANADA = class java.util.Locale@7d56ea48
      CANADA_FRENCH = class java.util.Locale@35a8d404
      ROOT = class java.util.Locale@186ebbea
      PRIVATE_USE_EXTENSION = x
      UNICODE_LOCALE_EXTENSION = u
      serialVersionUID = 9149081749638150636
      DISPLAY_LANGUAGE = 0
      DISPLAY_COUNTRY = 1
      DISPLAY_VARIANT = 2
      DISPLAY_SCRIPT = 3
      baseLocale = class sun.util.locale.BaseLocale@19771dd4
      localeExtensions = null
      hashCodeValue = 96552631
      defaultLocale = class java.util.Locale@65f6dee0
      defaultDisplayLocale = null
      defaultFormatLocale = class java.util.Locale@65f6dee0
      languageTag = "en"
      serialPersistentFields = class java.io.ObjectStreamField[6]
      isoLanguages = null
      isoCountries = null
      $assertionsDisabled = true
    treeLock = class java.lang.Object@3a3a439a
    parent = class com.ibm.ws.logging.internal.WsLogger@5260934b
      ivCachedResourceBundleName = "com.ibm.ws.webcontainer.resources.Messages"
      ivCachedResourceBundle = class com.ibm.ws.webcontainer.resources.Messages@84f34bb
      ivComponent = null
      ivOrganization = null
      ivProduct = null
      ivMinimumLocalizationLevelIntValue = 625
      ivTC = class com.ibm.websphere.ras.TraceComponent@255a8bc8
      loggerRegistrationComponent = class java.lang.ThreadLocal@69254ed7
      emptyHandlers = class java.util.logging.Handler[0]
      offValue = 2147483647
      SYSTEM_LOGGER_RB_NAME = "sun.util.logging.resources.logging"
      SYSTEM_BUNDLE = class java.util.logging.Logger$LoggerBundle@19ad800d
      NO_RESOURCE_BUNDLE = class java.util.logging.Logger$LoggerBundle@507f7853
      manager = class com.ibm.ws.kernel.boot.logging.WsLogManager@13efc77d
      name = "com.ibm.ws.webcontainer"
      handlers = class java.util.concurrent.CopyOnWriteArrayList@7f788e07
      loggerBundle = class java.util.logging.Logger$LoggerBundle@52fe52b2
      useParentHandlers = true
      filter = null
      anonymous = false
      catalog = class com.ibm.ws.webcontainer.resources.Messages@84f34bb
      catalogName = "com.ibm.ws.webcontainer.resources.Messages"
      catalogLocale = class java.util.Locale@65f6dee0
      treeLock = class java.lang.Object@3a3a439a
      parent = class java.util.logging.Logger@734385a
      kids = class java.util.ArrayList@7ce5b5ec
      levelObject = class java.util.logging.Level@237b9f50
      levelValue = 800
      callersClassLoaderRef = class java.lang.ref.WeakReference@475604c1
      isSystemLogger = false
      GLOBAL_LOGGER_NAME = "global"
      global = class java.util.logging.Logger@18e7ff0d
      $assertionsDisabled = true
    kids = null
    levelObject = class java.util.logging.Level@237b9f50
      defaultBundle = "sun.util.logging.resources.logging"
      name = "INFO"
      value = 800
      resourceBundleName = "sun.util.logging.resources.logging"
      localizedLevelName = "INFO"
      cachedLocale = class java.util.Locale@65f6dee0
      OFF = class java.util.logging.Level@41cdb70a
      SEVERE = class java.util.logging.Level@10d6300a
      WARNING = class java.util.logging.Level@67d15edd
      INFO = class java.util.logging.Level@237b9f50
      CONFIG = class java.util.logging.Level@6d6c9811
      FINE = class java.util.logging.Level@41b51751
      FINER = class java.util.logging.Level@60c2290d
      FINEST = class java.util.logging.Level@d88b47e
      ALL = class java.util.logging.Level@4ad09ce
      serialVersionUID = -8176160795706313070
    levelValue = 800
    callersClassLoaderRef = class java.lang.ref.WeakReference@70295401
      referent = class org.eclipse.osgi.internal.loader.EquinoxClassLoader@40ae1461
      queue = class java.lang.ref.ReferenceQueue$Null@7ce52f58
      next = null
      discovered = null
      lock = class java.lang.ref.Reference$Lock@57558fe7
      pending = null
    isSystemLogger = false
    GLOBAL_LOGGER_NAME = "global"
    global = class java.util.logging.Logger@18e7ff0d
      emptyHandlers = class java.util.logging.Handler[0]
      offValue = 2147483647
      SYSTEM_LOGGER_RB_NAME = "sun.util.logging.resources.logging"
      SYSTEM_BUNDLE = class java.util.logging.Logger$LoggerBundle@19ad800d
      NO_RESOURCE_BUNDLE = class java.util.logging.Logger$LoggerBundle@507f7853
      manager = class com.ibm.ws.kernel.boot.logging.WsLogManager@13efc77d
      name = "global"
      handlers = class java.util.concurrent.CopyOnWriteArrayList@5e0b2c93
      loggerBundle = class java.util.logging.Logger$LoggerBundle@507f7853
      useParentHandlers = true
      filter = null
      anonymous = false
      catalog = null
      catalogName = null
      catalogLocale = null
      treeLock = class java.lang.Object@3a3a439a
      parent = class java.util.logging.Logger@734385a
      kids = null
      levelObject = null
      levelValue = 800
      callersClassLoaderRef = null
      isSystemLogger = true
      GLOBAL_LOGGER_NAME = "global"
      global = class java.util.logging.Logger@18e7ff0d
      $assertionsDisabled = true
    $assertionsDisabled = true
  CLASS_NAME = "com.ibm.ws.webcontainer.servlet.ServletWrapper"
  nls = class com.ibm.ejs.ras.TraceNLS@791b7d47
    resolver = class com.ibm.ws.logging.internal.TraceNLSResolver@6d92f843
      tc = class com.ibm.websphere.ras.TraceComponent@1e81f4dc
      DEBUG_TRACE_NLS_PROPERTY = "com.ibm.ejs.ras.debugTraceNLSResolver"
      debugTraceNLSResolver = false
      makeNoise = false
      nullKey = "null"
      svNullBundleName = "Resource Bundle name is null, key = {0}"
      svBundleNotLoaded = "Unable to load ResourceBundle {0}"
      svNullKeyMessage = "Null key passed while using ResourceBundle {0}"
      svMalformedMessage = "No message text associated with key {0} in bundle {1}"
    finder = null
    ivBundleName = "com.ibm.ws.webcontainer.resources.Messages"
    caller = class java.lang.Class@726dbfb0
      ANNOTATION = 8192
      ENUM = 16384
      SYNTHETIC = 4096
      cachedConstructor = null
      newInstanceCallerCache = null
      name = null
      allPermDomain = class java.security.ProtectionDomain@49fb6089
      useCaches = true
      reflectionData = class java.lang.ref.SoftReference@5e6d8f99
      classRedefinedCount = 0
      genericInfo = null
      serialVersionUID = 3206093459760846163
      serialPersistentFields = class java.io.ObjectStreamField[0]
      reflectionFactory = class sun.reflect.ReflectionFactory@6688947b
      initted = true
      enumConstants = null
      enumConstantDirectory = null
      annotationData = class java.lang.Class$AnnotationData@36a96e0b
      annotationType = null
      classValueMap = null
  servletConfig = class com.ibm.ws.webcontainer.servlet.ServletConfig@31c15628
    logger = class com.ibm.ws.logging.internal.WsLogger@6694de1a
    CLASS_NAME = "com.ibm.ws.webcontainer.servlet.ServletConfig"
    nls = class com.ibm.ejs.ras.TraceNLS@413197c4
      resolver = class com.ibm.ws.logging.internal.TraceNLSResolver@6d92f843
      finder = null
      ivBundleName = "com.ibm.ws.webcontainer.resources.Messages"
      caller = class java.lang.Class@6787aa87
    liberty_nls = class com.ibm.ejs.ras.TraceNLS@7bf04f78
      resolver = class com.ibm.ws.logging.internal.TraceNLSResolver@6d92f843
      finder = null
      ivBundleName = "com.ibm.ws.webcontainer.resources.LShimMessages"
      caller = class java.lang.Class@6787aa87
    enabled = true
    servletName = "jersey"
    className = "com.sun.jersey.spi.container.servlet.ServletContainer"
    mappings = class java.util.ArrayList@596eff71
      serialVersionUID = 8683452581122892189
      DEFAULT_CAPACITY = 10
      EMPTY_ELEMENTDATA = class java.lang.Object[0]
      DEFAULTCAPACITY_EMPTY_ELEMENTDATA = class java.lang.Object[0]
      elementData = class java.lang.Object[10]
      size = 1
      MAX_ARRAY_SIZE = 2147483639
      modCount = 1
      MAX_ARRAY_SIZE = 2147483639
    startUpWeight = 1
    DEFAULT_STARTUP = -1
    isCachingEnabled = true
    isStatisticsEnabled = true
    isInternal = false
    metaData = class com.ibm.ws.webcontainer.osgi.metadata.WebComponentMetaDataImpl@367b549
      j2eeName = class com.ibm.ws.container.service.metadata.internal.J2EENameImpl@7a1f8a9
      webModuleMetaData = class com.ibm.ws.webcontainer.osgi.metadata.WebModuleMetaDataImpl@5a846271
      mBeanServiceReg = null
      tc = class com.ibm.websphere.ras.TraceComponent@61913b9
      NUM_STATIC_SLOTS = 4
      ID_UNINITIALIZED = -1
      id = 2
      metaDataInterface = class java.lang.Class@172e54a8
      staticSlots = class java.lang.Object[4]
      dynamicSlots = null
    singleThreadModelServlet = false
    isJsp = false
    webAppConfig = class com.ibm.ws.webcontainer.osgi.webapp.WebAppConfiguration@4ea59d56
      webModuleMetaData = class com.ibm.ws.webcontainer.osgi.metadata.WebModuleMetaDataImpl@5a846271
      webComponentMetaData = class com.ibm.ws.webcontainer.osgi.metadata.WebComponentMetaDataImpl@1c1983f3
      dVirtualHost = class com.ibm.ws.webcontainer.osgi.DynamicVirtualHost@257df0ae
      orderedLibPaths = class java.util.Collections$UnmodifiableRandomAccessList@2ff0a7ac
      bundleHeaders = null
      cdiEnabled = false
      CLASS_NAME = "com.ibm.ws.webcontainer.webapp.WebAppConfiguration"
      logger = class com.ibm.ws.logging.internal.WsLogger@7c18bef2
      tc = class com.ibm.websphere.ras.TraceComponent@32603399
      nls = class com.ibm.ejs.ras.TraceNLS@4cebf247
      version = 24
      contextRoot = "/LibertyProject"
      isDefaultContextRootUsed = false
      sessionTimeout = 0
      moduleSessionTimeoutSet = false
      moduleSessionTrackingModeSet = false
      sessionCookieConfig = class com.ibm.ws.session.SessionCookieConfigImpl@376ad563
      hasProgrammaticCookieConfig = false
      sessionDefaultTrackingModeSet = class java.util.RegularEnumSet@67bcde66
      sessionManagerConfig = class com.ibm.ws.session.SessionManagerConfig@728aa96e
      displayName = "GraalVM Enterprise and Weblogic demo"
      description = null
      reloadInterval = 0
      distributable = false
      denyUncoveredHttpMethods = false
      reloadingEnabled = false
      serveServletsByClassnameEnabled = null
      defaultErrorPage = null
      additionalClassPath = null
      fileServingEnabled = null
      directoryBrowsingEnabled = null
      autoRequestEncoding = false
      autoResponseEncoding = false
      autoLoadFilters = false
      requestListeners = null
      requestAttributeListeners = null
      sessionListeners = null
      localeMap = null
      moduleName = "GraalVMJAXRSDemo"
      j2eeModuleName = "GraalVMJAXRSDemo.war"
      moduleId = null
      isSyncToThreadEnabled = false
      encodeDispatchedRequestURI = false
      isSystemApp = false
      ardEnabled = false
      ardDispatchType = null
      listeners = class java.util.ArrayList@61e014b2
      welcomeFileList = class java.util.ArrayList@c01420
      servletMappings = class java.util.HashMap@10ea5b0
      lastIndexBeforeDeclaredFilters = 0
      filterMappings = class java.util.ArrayList@26e8bd26
      servletInfo = class java.util.concurrent.ConcurrentHashMap@47cc78cd
      filterInfo = class java.util.HashMap@472d0500
      mimeMappings = class java.util.HashMap@337a1b70
      mimeFilters = null
      isMimeFilteringEnabled = false
      theWebGroup = null
      jspAttributes = class java.util.HashMap@501881b4
      fileServingAttributes = class java.util.HashMap@7436816a
      invokerAttributes = class java.util.HashMap@5b9c9fe9
      contextParams = class java.util.HashMap@385eae71
      virtualHost = "default_host"
      exceptionErrorPages = class java.util.HashMap@2c5f9def
      codeErrorPages = class java.util.HashMap@6c2274df
      tagLibList = null
      precompileJsps = false
      webApp = class com.ibm.ws.webcontainer40.osgi.webapp.WebApp40@625d8cad
      virtualHostList = class java.util.Collections$EmptyList@53fecd65
      appStartupWeight = 0
      moduleStartupWeight = 0
      metaDataComplete = true
      classesToScan = class java.util.ArrayList@1e1edc4d
      uriFilterMappingInfos = null
      servletFilterMappingInfos = null
      dynamicServletRegistrationMap = null
      applicationName = "GraalVMJAXRSDemo"
      libBinPathList = null
      webXmlDefinedListeners = class java.util.HashSet@4e7e8a84
      allRefs = class java.util.EnumMap@31859b18
      allRefBindings = class java.util.EnumMap@1435fda8
      envEntryValues = class java.util.HashMap@7c21a7d7
      resourceRefConfigList = null
      disallowAllFileServingProp = null
      disallowServeServletsByClassnameProp = null
      disableStaticMappingCache = false
      jspCachedLocations = null
      primedSTSHeader = "NoValue"
      enablemultireadofpostdata = false
      requestEncoding = null
      responseEncoding = null
      NULLSERVLETNAME = "com.ibm.ws.webcontainer.NullServletName"
      _id = "WebAppGeneratedId1"
      _attributes = null
      serialVersionUID = 7511545662945734886
      $$$tc$$$ = class com.ibm.websphere.ras.TraceComponent@37912584
    servletWrapper = class com.ibm.ws.webcontainer.osgi.servlet.ServletWrapper@fcfd173
    servletClass = null
    servlet = null
    addedToLoadOnStartup = true
    previousWeight = null
    multipartConfig = null
    multipartConfigBaseLocation = null
    runAsRole = null
    servletSecurityElement = null
    declareRolesAnnotation = null
    logger = class com.ibm.ws.logging.internal.WsLogger@6694de1a
    CLASS_NAME = "com.ibm.ws.webcontainer.servlet.TargetConfig"
    initParams = class java.util.HashMap@19ec7499
      serialVersionUID = 362498820763181265
      DEFAULT_INITIAL_CAPACITY = 16
      MAXIMUM_CAPACITY = 1073741824
      DEFAULT_LOAD_FACTOR = 0.75
      TREEIFY_THRESHOLD = 8
      UNTREEIFY_THRESHOLD = 6
      MIN_TREEIFY_CAPACITY = 64
      table = class java.util.HashMap$Node[16]
      entrySet = null
      size = 1
      modCount = 1
      threshold = 12
      loadFactor = 0.75
      keySet = class java.util.HashMap$KeySet@1596b125
      values = null
    fileName = null
    displayName = null
    name = "jersey"
    description = null
    smallIcon = null
    largeIcon = null
    context = class com.ibm.ws.webcontainer40.facade.ServletContextFacade40@2d223a91
    className = null
    asyncSupported = false
    _id = "ServletGeneratedId1"
    _attributes = null
    serialVersionUID = 7511545662945734886
    $$$tc$$$ = class com.ibm.websphere.ras.TraceComponent@37912584
      strings[0] = "TraceComponent[com.ibm.ws.container.BaseConfiguration,class com.ibm.ws.container.BaseConfiguration,[],null,null]"
  context = class com.ibm.ws.webcontainer40.osgi.webapp.WebApp40@625d8cad
    tc = class com.ibm.websphere.ras.TraceComponent@f856b4c
      strings[0] = "TraceComponent[com.ibm.ws.webcontainer40.osgi.webapp.WebApp40,class com.ibm.ws.webcontainer40.osgi.webapp.WebApp40,[webcontainer],com.ibm.ws.webcontainer31.resources.Messages,null]"
    servlet40NLS = class com.ibm.ejs.ras.TraceNLS@31b55a17
      resolver = class com.ibm.ws.logging.internal.TraceNLSResolver@6d92f843
      finder = null
      ivBundleName = "com.ibm.ws.webcontainer40.resources.Messages"
      caller = class java.lang.Class@4e4bcd91
    CLASS_NAME = "com.ibm.ws.webcontainer40.osgi.webapp.WebApp40"
    defaultSessionTimeout = 30
    tc = class com.ibm.websphere.ras.TraceComponent@54be3117
      strings[0] = "TraceComponent[com.ibm.ws.webcontainer31.osgi.webapp.WebApp31,class com.ibm.ws.webcontainer31.osgi.webapp.WebApp31,[webcontainer],com.ibm.ws.webcontainer31.resources.Messages,null]"
    CLASS_NAME = "com.ibm.ws.webcontainer31.osgi.webapp.WebApp31"
    servlet31NLS = class com.ibm.ejs.ras.TraceNLS@2777f7b1
      resolver = class com.ibm.ws.logging.internal.TraceNLSResolver@6d92f843
      finder = null
      ivBundleName = "com.ibm.ws.webcontainer31.resources.Messages"
      caller = class java.lang.Class@3c8967d5
    validListenerClasses = class java.lang.Class[7]
      Class[0] = class java.lang.Class@646e2c86
      Class[1] = class java.lang.Class@23e904c
      Class[2] = class java.lang.Class@937b273
      Class[3] = class java.lang.Class@1fc0559b
      Class[4] = class java.lang.Class@a5f40f9
      Class[5] = class java.lang.Class@7c951d0e
      Class[6] = class java.lang.Class@48858cc5
    wsocServHandler = null
    tc = class com.ibm.websphere.ras.TraceComponent@4eb69ba6
      strings[0] = "TraceComponent[com.ibm.ws.webcontainer.osgi.webapp.WebApp,class com.ibm.ws.webcontainer.osgi.webapp.WebApp,[webcontainer],com.ibm.ws.webcontainer.resources.LShimMessages,null]"
    CLASS_NAME = "com.ibm.ws.webcontainer.osgi.webapp.WebApp"
    metaDataService = class com.ibm.ws.container.service.metadata.internal.MetaDataServiceImpl@3323beea
      applicationMetaDataManager = class com.ibm.ws.container.service.metadata.internal.ApplicationMetaDataManager@6a88439e
      moduleMetaDataManager = class com.ibm.ws.container.service.metadata.internal.ModuleMetaDataManager@6e608643
      componentMetaDataManager = class com.ibm.ws.container.service.metadata.internal.ComponentMetaDataManager@f3dfb7b
      methodMetaDataManager = class com.ibm.ws.container.service.metadata.internal.MethodMetaDataManager@67f579f6
      appModuleNameToModuleContainer = class java.util.concurrent.ConcurrentHashMap@4f494225
      jeeNameToComponentMetaData = class java.util.concurrent.ConcurrentHashMap@25719711
      deferredMetaDataFactories = class com.ibm.wsspi.kernel.service.utils.ConcurrentServiceReferenceSet@457746e7
      deferredMetaDataInitializers = class com.ibm.wsspi.kernel.service.utils.ConcurrentServiceReferenceMap@901bd76
      serialVersionUID = -2494605732980966097
      $$$tc$$$ = class com.ibm.websphere.ras.TraceComponent@7cefb89a
    namespacePopulated = false
    referenceContext = class com.ibm.ws.injectionengine.osgi.internal.OSGiReferenceContextImpl@4fb5903d
      scopeData = class com.ibm.ws.injectionengine.osgi.internal.OSGiInjectionScopeData@33beb524
      serialVersionUID = 521511923892134915
      $$$tc$$$ = class com.ibm.websphere.ras.TraceComponent@63f2d3b7
      CLASS_NAME = "com.ibm.ws.injectionengine.ReferenceContextImpl"
      tc = class com.ibm.websphere.ras.TraceComponent@40a6f513
      ivInjectionEngine = class com.ibm.ws.injectionengine.osgi.internal.OSGiInjectionEngineImpl@5366be4f
      ivProviders = class java.util.ArrayList@54e4ebc4
      ivComponentJavaContext = null
      ivComponentNameSpace = null
      ivJavaColonCompEnvMap = class java.util.LinkedHashMap@7715026d
      ivEjbContext10 = class java.util.Properties@632e1565
      ivResourceRefConfigList = null
      isAlreadyProcessed = true
      ivProcessFailure = null
      ivInjectionTargetMap = class java.util.concurrent.ConcurrentHashMap@55c4b89
      svInjTarMapCacheSize = 256
      ivDeclaredInjectionTargets = class java.util.HashMap@76952a2d
      ivProcessedInjectionClasses = class java.util.HashSet@294c58f8
      svInjClassMapCacheSize = 512
      ivProcessedInjectionBindings = class java.util.ArrayList@3adae589
      ivAnyProcessDynamic = false
      ivCheckAppConfig = false
    j2eeNameFactory = class com.ibm.ws.container.service.metadata.internal.J2EENameFactoryImpl@2b710d40
      serialVersionUID = 3486344295038028821
      $$$tc$$$ = class com.ibm.websphere.ras.TraceComponent@6a83de20
    moduleLoader = class com.ibm.ws.classloading.internal.AppClassLoader@ae38d49
      tc = class com.ibm.websphere.ras.TraceComponent@32f8af26
      disableSharedClassesCache = false
      PARENT_FIRST_SEARCH_ORDER = class java.util.Collections$UnmodifiableRandomAccessList@6a4cf0e1
      packagesDefined = class java.util.Collections$SetFromMap@632e6bf9
      CLASS_LOADING_TRACE_PREFIX = "com.ibm.ws.class.load."
      DEFAULT_PACKAGE = "default.package"
      perPackageClassLoadingTraceComponents = class java.util.concurrent.ConcurrentHashMap@4d6715b4
      config = class com.ibm.ws.classloading.internal.ClassLoaderConfigurationImpl@1e90f507
      privateLibraries = null
      delegateLoaders = class com.ibm.ws.classloading.internal.util.CompositeIterable@1356c5cc
      nativeLibraryFiles = class java.util.ArrayList@33715fc
      transformers = class java.util.ArrayList@76086a9b
      apiAccess = class com.ibm.ws.classloading.internal.GatewayClassLoader@188983b6
      generator = class com.ibm.ws.classloading.internal.ClassGeneratorManager@6fa98190
      protectionDomains = class java.util.concurrent.ConcurrentHashMap@4a74510c
      parent = class com.ibm.ws.classloading.internal.GatewayClassLoader@188983b6
      hook = null
      serialVersionUID = 8734164900246230615
      tc = class com.ibm.websphere.ras.TraceComponent@47f49300
      smartClassPath = class com.ibm.ws.classloading.internal.ContainerClassLoader$SmartClassPathImpl@7157254b
      nativeLibraryContainers = class java.util.ArrayList@44bec548
      redefiner = class com.ibm.ws.classloading.internal.util.ClassRedefiner@6738794e
      jarProtocol = "wsjar:"
      mapCreationQueue = class java.util.concurrent.Executors$FinalizableDelegatedExecutorService@faca894
      serialVersionUID = 6399598832433768509
      serialVersionUID = 1837293532091806117
      $$$tc$$$ = class com.ibm.websphere.ras.TraceComponent@81cedc7
      serialVersionUID = -4586727107834513475
      $$$tc$$$ = class com.ibm.websphere.ras.TraceComponent@b46291f
      serialVersionUID = -7709588811276454856
      $$$tc$$$ = class com.ibm.websphere.ras.TraceComponent@b0aabb1
      initialized = true
      pdcache = class java.util.HashMap@4719b957
      debug = null
      parent = class com.ibm.ws.classloading.internal.GatewayClassLoader@188983b6
      parallelLockMap = class java.util.concurrent.ConcurrentHashMap@75bfa079
      package2certs = class java.util.concurrent.ConcurrentHashMap@51695589
      nocerts = class java.security.cert.Certificate[0]
      classes = class java.util.Vector@3b6bbf38
      defaultDomain = class java.security.ProtectionDomain@31327a03
      packages = class java.util.HashMap@3906a834
      scl = class sun.misc.Launcher$AppClassLoader@4e0e2f2a
      sclSet = true
      loadedLibraryNames = class java.util.Vector@378f34a2
      systemNativeLibraries = class java.util.Vector@247e782f
      nativeLibraries = class java.util.Vector@22d86780
      nativeLibraryContext = class java.util.Stack@7f23df1f
      usr_paths = class java.lang.String[5]
      sys_paths = class java.lang.String[1]
      assertionLock = class java.lang.Object@44ac9e9c
      defaultAssertionStatus = false
      packageAssertionStatus = null
      classAssertionStatus = null
    webAppConfig = class com.ibm.ws.webcontainer.osgi.webapp.WebAppConfiguration@4ea59d56
    extensionProcessingDisabled = false
    managedObjectService = class com.ibm.ws.managedobject.internal.ManagedObjectServiceImpl@197ca063
      serialVersionUID = -5207896281925798415
      $$$tc$$$ = class com.ibm.websphere.ras.TraceComponent@3f9a3abd
    internalServletMetaData = interface com.ibm.wsspi.webcontainer.metadata.WebComponentMetaData[2]
      WebComponentMetaData[0] = null
      WebComponentMetaData[1] = null
    loginProcessor = null
    logoutProcessor = null
    collabHelper = class com.ibm.ws.webcontainer.osgi.collaborator.CollaboratorHelperImpl@4721e67a
    envObject = class com.ibm.ws.util.WSThreadLocal@22de0278
      tc = class com.ibm.ejs.ras.TraceComponent@7b56cec
      count = 4
      index = 1
      SUSPECTED_MISUSAGE_THRESHOLD = 200
      threadLocalHashCode = 631722340
      nextHashCode = class java.util.concurrent.atomic.AtomicInteger@47d93de4
      HASH_INCREMENT = 1640531527
    orderedLibPaths = class java.util.Collections$UnmodifiableRandomAccessList@2ff0a7ac
      serialVersionUID = -2542308836966382001
      serialVersionUID = -283967356065247728
      list = class java.util.ArrayList@7d29c643
      serialVersionUID = 1820017752578914078
      c = class java.util.ArrayList@7d29c643
    perm = class com.ibm.websphere.security.WebSphereRuntimePermission@38c0da2d
      serialVersionUID = -3306242789188168337
      $$$tc$$$ = class com.ibm.websphere.ras.TraceComponent@e532412
      serialVersionUID = 6279438298436773498
      wildcard = false
      path = "accessServletContext"
      exitVM = false
      serialVersionUID = -5636570222231596674
      name = "accessServletContext"
    WELCOME_FILE_LIST = "com.ibm.ws.webcontainer.config.WelcomeFileList"
    DIR_BROWSING_MAPPING = "__dirBrowsing__1608756595493"
    FILTER_PROXY_MAPPING = "/__filterProxy__1608756595493"
    logger = class com.ibm.ws.logging.internal.WsLogger@7c18bef2
      ivCachedResourceBundleName = null
      ivCachedResourceBundle = null
      ivComponent = null
      ivOrganization = null
      ivProduct = null
      ivMinimumLocalizationLevelIntValue = 625
      ivTC = class com.ibm.websphere.ras.TraceComponent@877493c
      loggerRegistrationComponent = class java.lang.ThreadLocal@69254ed7
      emptyHandlers = class java.util.logging.Handler[0]
      offValue = 2147483647
      SYSTEM_LOGGER_RB_NAME = "sun.util.logging.resources.logging"
      SYSTEM_BUNDLE = class java.util.logging.Logger$LoggerBundle@19ad800d
      NO_RESOURCE_BUNDLE = class java.util.logging.Logger$LoggerBundle@507f7853
      manager = class com.ibm.ws.kernel.boot.logging.WsLogManager@13efc77d
      name = "com.ibm.ws.webcontainer.webapp"
      handlers = class java.util.concurrent.CopyOnWriteArrayList@2ac1c17d
      loggerBundle = class java.util.logging.Logger$LoggerBundle@2dfac077
      useParentHandlers = true
      filter = null
      anonymous = false
      catalog = class com.ibm.ws.webcontainer.resources.Messages@84f34bb
      catalogName = "com.ibm.ws.webcontainer.resources.Messages"
      catalogLocale = class java.util.Locale@65f6dee0
      treeLock = class java.lang.Object@3a3a439a
      parent = class com.ibm.ws.logging.internal.WsLogger@5260934b
      kids = null
      levelObject = class java.util.logging.Level@237b9f50
      levelValue = 800
      callersClassLoaderRef = class java.lang.ref.WeakReference@7fde5f4e
      isSystemLogger = false
      GLOBAL_LOGGER_NAME = "global"
      global = class java.util.logging.Logger@18e7ff0d
      $assertionsDisabled = true
    CLASS_NAME = "com.ibm.ws.webcontainer.webapp.WebApp"
    loader = class com.ibm.ws.classloading.internal.ThreadContextClassLoader@3f41e572
    facade = class com.ibm.ws.webcontainer40.facade.ServletContextFacade40@2d223a91
    features = class java.util.ArrayList@2e87becb
      serialVersionUID = 8683452581122892189
      DEFAULT_CAPACITY = 10
      EMPTY_ELEMENTDATA = class java.lang.Object[0]
      DEFAULTCAPACITY_EMPTY_ELEMENTDATA = class java.lang.Object[0]
      elementData = class java.lang.Object[0]
      size = 0
      MAX_ARRAY_SIZE = 2147483639
      modCount = 0
      MAX_ARRAY_SIZE = 2147483639
    applicationName = "GraalVMJAXRSDemo"
    config = class com.ibm.ws.webcontainer.osgi.webapp.WebAppConfiguration@4ea59d56
    securityEnabledForApp = null
    webExtensionProcessor = class com.ibm.ws.webcontainer.osgi.extension.WebExtensionProcessor@4e0b170
      webApp = class com.ibm.ws.webcontainer40.osgi.webapp.WebApp40@625d8cad
      extensionContext = class com.ibm.ws.webcontainer40.osgi.webapp.WebApp40@625d8cad
    production = true
    isServlet23 = true
    contextPath = "/LibertyProject"
    internalServletList = class [Ljava.lang.String;[2]
      String[][0] = class java.lang.String[2]
      String[][1] = class java.lang.String[2]
    BY_NAME_ONLY = "/_1608756595494_/"
    filterManager = null
    documentRoot = null
    SERVLET_API_VERSION = "Servlet 2.5"
    disableServletAuditLogging = -1
    serverInfo = "IBM WebSphere Liberty/20.0.0.12"
    sessionCtx = class com.ibm.ws.webcontainer31.session.impl.HttpSessionContext31Impl@319c4e6
      methodClassName = "HttpSessionContextImpl"
      _smc = class com.ibm.ws.session.SessionManagerConfig@728aa96e
      sessionStoreService = null
      _sap = class com.ibm.ws.session.SessionApplicationParameters@633d80a2
      _coreHttpSessionManager = class com.ibm.ws.session.SessionManager@6da1c911
      _coreHttpAppSessionManager = null
      _sam = class com.ibm.ws.webcontainer.session.impl.SessionAffinityManagerImpl@3d65beef
      isSIPApplication = false
      sessionAttributeListener = false
      sessionListener = false
      mHttpSessionAttributeListeners = class java.util.ArrayList@272f47a9
      mHttpSessionListeners = class java.util.ArrayList@2818eb7e
      mHttpSessionIdListeners = class java.util.ArrayList@4b12462d
      mHttpSessionAttributeListenersJ2eeNames = class java.util.ArrayList@5b900b66
      mHttpSessionListenersJ2eeNames = class java.util.ArrayList@6df0db2
      mHttpSessionIdListenersJ2eeNames = class java.util.ArrayList@6973450c
      mLocalHost = null
      _refCount = 1
      currentThreadSacHashtable = null
      methodClassName = "SessionContext"
      ANONYMOUS_USER = "anonymous"
      wasHttpSessionObserver = class com.ibm.ws.session.WasHttpSessionObserver@30094521
      wasHttpSessionAttributeObserver = null
      _invalidator = class com.ibm.ws.session.SessionInvalidatorWithThreadPool@6b99b37d
      _storer = class com.ibm.ws.session.EOSSessionStorer@15559121
      wasHttpAppSessionObserver = null
      mHttpAppSessionListeners = null
      cmvcInfo = "CMVC Version 1.9 6/24/07 11:12:24"
      _loggedVersion = true
      CREATE_CORE_SESSION_MANAGER = 0
      GET_REQUESTED_SESSION_ID = 1
      GET_IHTTP_SESSION = 2
      SESSION_PRE_INVOKE = 3
      SESSION_POST_INVOKE = 4
      STOP = 5
      STOP_LISTENERS = 6
      IS_VALID = 7
      ENCODE_URL = 8
      SHOULD_ENCODE_URL = 9
      IS_PROTOCOL_SWITCH = 10
      GET_LOCAL_HOST = 11
      ADD_HTTP_SESSION_ATTRIBUTE_LISTENER = 12
      ADD_HTTP_SESSION_LISTENER = 13
      GET_SESSION_AFFINITY_CONTEXT = 14
      CHECK_SECURITY = 15
      INVALIDATE = 16
      CHECK_SESSSIONID_IS_RIGHT_LENGTH = 17
      LOCK_SESSION = 18
      UNLOCK_SESSION = 19
      ADD_HTTP_SESSION_ID_LISTENER = 20
      methodNames = class java.lang.String[21]
    eventSource = class com.ibm.ws.webcontainer.webapp.WebAppEventSource@aa4aaf
    nls = class com.ibm.ejs.ras.TraceNLS@107b43a8
      resolver = class com.ibm.ws.logging.internal.TraceNLSResolver@6d92f843
      finder = null
      ivBundleName = "com.ibm.ws.webcontainer.resources.Messages"
      caller = class java.lang.Class@4d612fa8
    liberty_nls = class com.ibm.ejs.ras.TraceNLS@11910be6
      resolver = class com.ibm.ws.logging.internal.TraceNLSResolver@6d92f843
      finder = null
      ivBundleName = "com.ibm.ws.webcontainer.resources.LShimMessages"
      caller = class java.lang.Class@4d612fa8
    error_nls = class com.ibm.ejs.ras.TraceNLS@538fcf3d
      resolver = class com.ibm.ws.logging.internal.TraceNLSResolver@6d92f843
      finder = null
      ivBundleName = "com.ibm.ws.webcontainer.resources.ErrorPage"
      caller = class java.lang.Class@4d612fa8
    sessionListeners = class java.util.ArrayList@1efc0f5e
      serialVersionUID = 8683452581122892189
      DEFAULT_CAPACITY = 10
      EMPTY_ELEMENTDATA = class java.lang.Object[0]
      DEFAULTCAPACITY_EMPTY_ELEMENTDATA = class java.lang.Object[0]
      elementData = class java.lang.Object[0]
      size = 0
      MAX_ARRAY_SIZE = 2147483639
      modCount = 1
      MAX_ARRAY_SIZE = 2147483639
    sessionIdListeners = class java.util.ArrayList@54d0692a
      serialVersionUID = 8683452581122892189
      DEFAULT_CAPACITY = 10
      EMPTY_ELEMENTDATA = class java.lang.Object[0]
      DEFAULTCAPACITY_EMPTY_ELEMENTDATA = class java.lang.Object[0]
      elementData = class java.lang.Object[0]
      size = 0
      MAX_ARRAY_SIZE = 2147483639
      modCount = 0
      MAX_ARRAY_SIZE = 2147483639
    sessionAttrListeners = class java.util.ArrayList@4d87966d
      serialVersionUID = 8683452581122892189
      DEFAULT_CAPACITY = 10
      EMPTY_ELEMENTDATA = class java.lang.Object[0]
      DEFAULTCAPACITY_EMPTY_ELEMENTDATA = class java.lang.Object[0]
      elementData = class java.lang.Object[0]
      size = 0
      MAX_ARRAY_SIZE = 2147483639
      modCount = 1
      MAX_ARRAY_SIZE = 2147483639
    addedSessionListeners = class java.util.ArrayList@605c5ec7
      serialVersionUID = 8683452581122892189
      DEFAULT_CAPACITY = 10
      EMPTY_ELEMENTDATA = class java.lang.Object[0]
      DEFAULTCAPACITY_EMPTY_ELEMENTDATA = class java.lang.Object[0]
      elementData = class java.lang.Object[0]
      size = 0
      MAX_ARRAY_SIZE = 2147483639
      modCount = 0
      MAX_ARRAY_SIZE = 2147483639
    addedSessionAttrListeners = class java.util.ArrayList@1e243b6d
      serialVersionUID = 8683452581122892189
      DEFAULT_CAPACITY = 10
      EMPTY_ELEMENTDATA = class java.lang.Object[0]
      DEFAULTCAPACITY_EMPTY_ELEMENTDATA = class java.lang.Object[0]
      elementData = class java.lang.Object[0]
      size = 0
      MAX_ARRAY_SIZE = 2147483639
      modCount = 0
      MAX_ARRAY_SIZE = 2147483639
    servletContextListeners = class java.util.ArrayList@496a98ba
      serialVersionUID = 8683452581122892189
      DEFAULT_CAPACITY = 10
      EMPTY_ELEMENTDATA = class java.lang.Object[0]
      DEFAULTCAPACITY_EMPTY_ELEMENTDATA = class java.lang.Object[0]
      elementData = class java.lang.Object[0]
      size = 0
      MAX_ARRAY_SIZE = 2147483639
      modCount = 1
      MAX_ARRAY_SIZE = 2147483639
    servletContextLAttrListeners = class java.util.ArrayList@38af4b04
      serialVersionUID = 8683452581122892189
      DEFAULT_CAPACITY = 10
      EMPTY_ELEMENTDATA = class java.lang.Object[0]
      DEFAULTCAPACITY_EMPTY_ELEMENTDATA = class java.lang.Object[0]
      elementData = class java.lang.Object[0]
      size = 0
      MAX_ARRAY_SIZE = 2147483639
      modCount = 1
      MAX_ARRAY_SIZE = 2147483639
    servletRequestListeners = class java.util.ArrayList@3a0780b0
      serialVersionUID = 8683452581122892189
      DEFAULT_CAPACITY = 10
      EMPTY_ELEMENTDATA = class java.lang.Object[0]
      DEFAULTCAPACITY_EMPTY_ELEMENTDATA = class java.lang.Object[0]
      elementData = class java.lang.Object[0]
      size = 0
      MAX_ARRAY_SIZE = 2147483639
      modCount = 1
      MAX_ARRAY_SIZE = 2147483639
    servletRequestLAttrListeners = class java.util.ArrayList@5c72bce
      serialVersionUID = 8683452581122892189
      DEFAULT_CAPACITY = 10
      EMPTY_ELEMENTDATA = class java.lang.Object[0]
      DEFAULTCAPACITY_EMPTY_ELEMENTDATA = class java.lang.Object[0]
      elementData = class java.lang.Object[0]
      size = 0
      MAX_ARRAY_SIZE = 2147483639
      modCount = 1
      MAX_ARRAY_SIZE = 2147483639
    prependSlashToResource = false
    destroyed = false
    webAppNameSpaceCollab = class com.ibm.ws.webcontainer.osgi.collaborator.WebAppNameSpaceCollaboratorImpl@58143593
    txCollab = class com.ibm.ws.webcontainer.collaborator.WebAppTransactionCollaborator@ab9f30c
    sessionActivationListeners = class java.util.ArrayList@18f5cc84
      serialVersionUID = 8683452581122892189
      DEFAULT_CAPACITY = 10
      EMPTY_ELEMENTDATA = class java.lang.Object[0]
      DEFAULTCAPACITY_EMPTY_ELEMENTDATA = class java.lang.Object[0]
      elementData = class java.lang.Object[0]
      size = 0
      MAX_ARRAY_SIZE = 2147483639
      modCount = 1
      MAX_ARRAY_SIZE = 2147483639
    sessionBindingListeners = class java.util.ArrayList@5a4043f5
      serialVersionUID = 8683452581122892189
      DEFAULT_CAPACITY = 10
      EMPTY_ELEMENTDATA = class java.lang.Object[0]
      DEFAULTCAPACITY_EMPTY_ELEMENTDATA = class java.lang.Object[0]
      elementData = class java.lang.Object[0]
      size = 0
      MAX_ARRAY_SIZE = 2147483639
      modCount = 1
      MAX_ARRAY_SIZE = 2147483639
    scratchdir = null
    jspClassLoaderLimit = 0
    jspClassLoaderExclusionList = null
    jspClassLoadersMap = null
    jspClassLoaderLimitTrackIF = false
    defaultExtProc = null
    directoryBrowsingServlet = null
    cdiContexts = class java.util.concurrent.ConcurrentHashMap@5c445a0d
      serialVersionUID = 7249069246763182397
      MAXIMUM_CAPACITY = 1073741824
      DEFAULT_CAPACITY = 16
      MAX_ARRAY_SIZE = 2147483639
      DEFAULT_CONCURRENCY_LEVEL = 16
      LOAD_FACTOR = 0.75
      TREEIFY_THRESHOLD = 8
      UNTREEIFY_THRESHOLD = 6
      MIN_TREEIFY_CAPACITY = 64
      MIN_TRANSFER_STRIDE = 16
      RESIZE_STAMP_BITS = 16
      MAX_RESIZERS = 65535
      RESIZE_STAMP_SHIFT = 16
      MOVED = -1
      TREEBIN = -2
      RESERVED = -3
      HASH_BITS = 2147483647
      NCPU = 12
      serialPersistentFields = class java.io.ObjectStreamField[3]
      table = null
      nextTable = null
      baseCount = 0
      sizeCtl = 0
      transferIndex = 0
      cellsBusy = 0
      counterCells = null
      keySet = null
      values = null
      entrySet = null
      U = class sun.misc.Unsafe@4ed4d848
      SIZECTL = 20
      TRANSFERINDEX = 32
      BASECOUNT = 24
      CELLSBUSY = 36
      CELLVALUE = 144
      ABASE = 16
      ASHIFT = 2
      keySet = null
      values = null
    moduleConfig = class com.ibm.ws.webcontainer.osgi.container.DeployedModule@60e18310
      tc = class com.ibm.websphere.ras.TraceComponent@241ad745
      loader = class com.ibm.ws.classloading.internal.ThreadContextClassLoader@3f41e572
      webApp = class com.ibm.ws.webcontainer40.osgi.webapp.WebApp40@625d8cad
      webAppConfig = class com.ibm.ws.webcontainer.osgi.webapp.WebAppConfiguration@4ea59d56
      contextRootAdded = class com.ibm.ws.threading.internal.NonCancelableResultFuture@6f7d7164
      properContextRoot = "/LibertyProject"
      mappingContextRoot = "/LibertyProject/*"
      initTaskCount = class java.util.concurrent.atomic.AtomicInteger@1b1e77a
      initTasksDoneListener = class com.ibm.ws.webcontainer.osgi.WebContainer$2@59ac7532
      serialVersionUID = -2104814060051592457
      $$$tc$$$ = class com.ibm.websphere.ras.TraceComponent@4c25355f
    extensionFactories = class java.util.ArrayList@5646e264
      serialVersionUID = 8683452581122892189
      DEFAULT_CAPACITY = 10
      EMPTY_ELEMENTDATA = class java.lang.Object[0]
      DEFAULTCAPACITY_EMPTY_ELEMENTDATA = class java.lang.Object[0]
      elementData = class java.lang.Object[10]
      size = 1
      MAX_ARRAY_SIZE = 2147483639
      modCount = 1
      MAX_ARRAY_SIZE = 2147483639
    initialized = false
    lock = class com.ibm.ws.webcontainer.webapp.WebApp$1@ec14cb2
      this$0 = class com.ibm.ws.webcontainer40.osgi.webapp.WebApp40@625d8cad
    afterServletContextCreated = false
    redirectContextRoot = false
    errorExceptionTypeFirst = false
    initFilterBeforeServletInit = false
    SET_400_SC_ON_TOO_MANY_PARENT_DIRS = false
    sortedServletConfigs = class java.util.ArrayList@70abeb55
      serialVersionUID = 8683452581122892189
      DEFAULT_CAPACITY = 10
      EMPTY_ELEMENTDATA = class java.lang.Object[0]
      DEFAULTCAPACITY_EMPTY_ELEMENTDATA = class java.lang.Object[0]
      elementData = class java.lang.Object[10]
      size = 1
      MAX_ARRAY_SIZE = 2147483639
      modCount = 1
      MAX_ARRAY_SIZE = 2147483639
    effectiveMajorVersion = 2
    effectiveMinorVersion = 4
    canAddServletContextListener = true
    withinContextInitOfProgAddListener = false
    lastProgAddListenerInitialized = null
    webInfLibClassloader = null
    metaInfCache = class com.ibm.ws.webcontainer.webapp.WebApp$2@1cbe0f53
      this$0 = class com.ibm.ws.webcontainer40.osgi.webapp.WebApp40@625d8cad
      serialVersionUID = 3801124242820219131
      head = null
      tail = null
      accessOrder = true
      serialVersionUID = 362498820763181265
      DEFAULT_INITIAL_CAPACITY = 16
      MAXIMUM_CAPACITY = 1073741824
      DEFAULT_LOAD_FACTOR = 0.75
      TREEIFY_THRESHOLD = 8
      UNTREEIFY_THRESHOLD = 6
      MIN_TREEIFY_CAPACITY = 64
      table = null
      entrySet = null
      size = 0
      modCount = 0
      threshold = 32
      loadFactor = 1.0
      keySet = null
      values = null
    useMetaInfCache = true
    SUN_CONFIGURE_LISTENER_CLASSNAME = "com.sun.faces.config.ConfigureListener"
    MYFACES_LIFECYCLE_LISTENER_CLASSNAME = "org.apache.myfaces.webapp.StartupServletContextListener"
    JSF_IMPL_ENABLED_PARAM = "com.ibm.ws.jsf.JSF_IMPL_ENABLED"
    JSF_IMPL_ENABLED_CUSTOM = "Custom"
    JSF_IMPL_ENABLED_NONE = "None"
    staticDocRoot = class com.ibm.ws.webcontainer.util.DocumentRootUtils@7d0a9b62
      logger = class com.ibm.ws.logging.internal.WsLogger@821cb4b
      CLASS_NAME = "com.ibm.ws.webcontainer.util.DocumentRootUtils"
      useContentLength = false
      matchedFile = null
      matchedZipFile = null
      matchedEntry = null
      matchedURL = null
      edrRoot = null
      pfedrRoot = null
      ctxt = class com.ibm.ws.webcontainer40.osgi.webapp.WebApp40@625d8cad
      baseDir = null
      edr = null
      pfedr = null
      metaInfRes = null
      searchpfEDR = true
      searchEDR = true
      searchMetaInfRes = true
      matchFromEDR = false
      matchFromMetaInfRes = false
      matchIsADirectory = false
      appConfig = class com.ibm.ws.webcontainer.osgi.webapp.WebAppConfiguration@4ea59d56
      attributeType = "staticFile"
      STATIC_FILE = "staticFile"
      JSP = "jsp"
      PFEDR = "preFragmentExtendedDocumentRoot"
      EDR = "extendedDocumentRoot"
    jspDocRoot = class com.ibm.ws.webcontainer.util.DocumentRootUtils@79aafcad
      logger = class com.ibm.ws.logging.internal.WsLogger@821cb4b
      CLASS_NAME = "com.ibm.ws.webcontainer.util.DocumentRootUtils"
      useContentLength = false
      matchedFile = null
      matchedZipFile = null
      matchedEntry = null
      matchedURL = null
      edrRoot = null
      pfedrRoot = null
      ctxt = class com.ibm.ws.webcontainer40.osgi.webapp.WebApp40@625d8cad
      baseDir = null
      edr = null
      pfedr = null
      metaInfRes = null
      searchpfEDR = true
      searchEDR = true
      searchMetaInfRes = true
      matchFromEDR = false
      matchFromMetaInfRes = false
      matchIsADirectory = false
      appConfig = class com.ibm.ws.webcontainer.osgi.webapp.WebAppConfiguration@4ea59d56
      attributeType = "jsp"
      STATIC_FILE = "staticFile"
      JSP = "jsp"
      PFEDR = "preFragmentExtendedDocumentRoot"
      EDR = "extendedDocumentRoot"
    container = class com.ibm.ws.adaptable.module.internal.AdaptableContainerImpl@3f9bacc8
      root = class com.ibm.ws.adaptable.module.internal.AdaptableContainerImpl@3f9bacc8
      rootOverlay = class com.ibm.ws.artifact.overlay.internal.DirectoryBasedOverlayContainerImpl@7f03cd6c
      factoryHolder = class com.ibm.ws.adaptable.module.internal.AdaptableModuleFactoryImpl@71f5aad4
      delegate = class com.ibm.ws.artifact.overlay.internal.DirectoryBasedOverlayContainerImpl@7f03cd6c
      notifier = class com.ibm.ws.adaptable.module.internal.NotifierImpl@1572e38b
      serialVersionUID = -5950528200509051684
      $$$tc$$$ = class com.ibm.websphere.ras.TraceComponent@188101f5
    metaInfResourceFinder = class com.ibm.ws.webcontainer.util.MetaInfResourceFinder@56f4518e
      jarResourceContainers = class java.util.ArrayList@7e028c8f
      container = class com.ibm.ws.adaptable.module.internal.AdaptableContainerImpl@3f9bacc8
    postConstructMethods = class com.ibm.ws.webcontainer.webapp.WebApp$AnnotatedMethods@3adc0894
      annotationClass = class java.lang.Class@6f68180e
      noOpClassNames = class java.util.HashSet@2c04f0c8
      annotatedMethodNames = class java.util.concurrent.ConcurrentHashMap@6c9f4fc9
      EMPTY_METHODS = class java.lang.reflect.Method[0]
    preDestroyMethods = class com.ibm.ws.webcontainer.webapp.WebApp$AnnotatedMethods@13a44526
      annotationClass = class java.lang.Class@3276b2f3
      noOpClassNames = class java.util.HashSet@18763380
      annotatedMethodNames = class java.util.concurrent.ConcurrentHashMap@6c9cad45
      EMPTY_METHODS = class java.lang.reflect.Method[0]
    OBJ_EMPTY = class java.lang.Object[0]
    CLASS_EMPTY = class java.lang.Class[0]
    DEFAULT_JSP_EXTENSIONS = class java.util.ArrayList@3d459c6b
      serialVersionUID = 8683452581122892189
      DEFAULT_CAPACITY = 10
      EMPTY_ELEMENTDATA = class java.lang.Object[0]
      DEFAULTCAPACITY_EMPTY_ELEMENTDATA = class java.lang.Object[0]
      elementData = class java.lang.Object[10]
      size = 4
      MAX_ARRAY_SIZE = 2147483639
      modCount = 4
      MAX_ARRAY_SIZE = 2147483639
    DEFER_SERVLET_REQUEST_LISTENER_DESTROY_ON_ERROR = false
    DO_ACCEPT_PARTIAL = true
    DO_NOT_ACCEPT_PARTIAL = false
    DO_ACCEPT_EXCLUDED = true
    DO_NOT_ACCEPT_EXCLUDED = false
    commands = class java.util.ArrayList@130beb69
      serialVersionUID = 8683452581122892189
      DEFAULT_CAPACITY = 10
      EMPTY_ELEMENTDATA = class java.lang.Object[0]
      DEFAULTCAPACITY_EMPTY_ELEMENTDATA = class java.lang.Object[0]
      elementData = class java.lang.Object[3]
      size = 0
      MAX_ARRAY_SIZE = 2147483639
      modCount = 0
      MAX_ARRAY_SIZE = 2147483639
    requestMapper = class com.ibm.wsspi.webcontainer.util.URIMapper@22b7115b
      matcher = class com.ibm.wsspi.webcontainer40.util.URIMatcher40@27daed44
    parent = class com.ibm.ws.webcontainer.osgi.webapp.WebGroup@338077a2
      tc = class com.ibm.websphere.ras.TraceComponent@3eed66cf
      logger = class com.ibm.ws.logging.internal.WsLogger@7c18bef2
      CLASS_NAME = "com.ibm.ws.webcontainer.webapp.WebGroup"
      sessUrlRewritePrefix = ";jsessionid="
      qMark = "?"
      config = class com.ibm.ws.webcontainer.osgi.webapp.WebGroupConfiguration@6f567841
      webApp = class com.ibm.ws.webcontainer40.osgi.webapp.WebApp40@625d8cad
      commands = class java.util.ArrayList@1e472d85
      requestMapper = null
      parent = class com.ibm.ws.webcontainer.osgi.DynamicVirtualHost@257df0ae
      name = "/LibertyProject/*"
      isAlive = true
      subElements = class java.util.HashMap@f5cdefc
      attributes = null
      config = null
      serialVersionUID = -8271459000149267764
      $$$tc$$$ = class com.ibm.websphere.ras.TraceComponent@5b35c95c
    name = "GraalVMJAXRSDemo"
    isAlive = true
    subElements = null
    attributes = class java.util.concurrent.ConcurrentHashMap@78c16c5d
      serialVersionUID = 7249069246763182397
      MAXIMUM_CAPACITY = 1073741824
      DEFAULT_CAPACITY = 16
      MAX_ARRAY_SIZE = 2147483639
      DEFAULT_CONCURRENCY_LEVEL = 16
      LOAD_FACTOR = 0.75
      TREEIFY_THRESHOLD = 8
      UNTREEIFY_THRESHOLD = 6
      MIN_TREEIFY_CAPACITY = 64
      MIN_TRANSFER_STRIDE = 16
      RESIZE_STAMP_BITS = 16
      MAX_RESIZERS = 65535
      RESIZE_STAMP_SHIFT = 16
      MOVED = -1
      TREEBIN = -2
      RESERVED = -3
      HASH_BITS = 2147483647
      NCPU = 12
      serialPersistentFields = class java.io.ObjectStreamField[3]
      table = class java.util.concurrent.ConcurrentHashMap$Node[16]
      nextTable = null
      baseCount = 9
      sizeCtl = 12
      transferIndex = 0
      cellsBusy = 0
      counterCells = null
      keySet = null
      values = null
      entrySet = null
      U = class sun.misc.Unsafe@4ed4d848
      SIZECTL = 20
      TRANSFERINDEX = 32
      BASECOUNT = 24
      CELLSBUSY = 36
      CELLVALUE = 144
      ABASE = 16
      ASHIFT = 2
      keySet = null
      values = null
    config = null
    serialVersionUID = -8271459000149267764
    $$$tc$$$ = class com.ibm.websphere.ras.TraceComponent@5b35c95c
      strings[0] = "TraceComponent[com.ibm.ws.container.AbstractContainer,class com.ibm.ws.container.AbstractContainer,[],null,null]"
  target = class com.sun.jersey.spi.container.servlet.ServletContainer@22f9eaf2
    GLASSFISH_DEFAULT_ERROR_PAGE_RESPONSE = "org.glassfish.web.isDefaultErrorPageEnabled"
    APPLICATION_CONFIG_CLASS = "javax.ws.rs.Application"
    RESOURCE_CONFIG_CLASS = "com.sun.jersey.config.property.resourceConfigClass"
    JSP_TEMPLATES_BASE_PATH = "com.sun.jersey.config.property.JSPTemplatesBasePath"
    PROPERTY_WEB_PAGE_CONTENT_REGEX = "com.sun.jersey.config.property.WebPageContentRegex"
    FEATURE_FILTER_FORWARD_ON_404 = "com.sun.jersey.config.feature.FilterForwardOn404"
    PROPERTY_FILTER_CONTEXT_PATH = "com.sun.jersey.config.feature.FilterContextPath"
    webComponent = class com.sun.jersey.spi.container.servlet.ServletContainer$InternalWebComponent@45323198
      this$0 = class com.sun.jersey.spi.container.servlet.ServletContainer@22f9eaf2
      APPLICATION_CONFIG_CLASS = "javax.ws.rs.Application"
      RESOURCE_CONFIG_CLASS = "com.sun.jersey.config.property.resourceConfigClass"
      JSP_TEMPLATES_BASE_PATH = "com.sun.jersey.config.property.JSPTemplatesBasePath"
      LOGGER = class com.ibm.ws.logging.internal.WsLogger@6794fb0a
      requestInvoker = class com.sun.jersey.server.impl.ThreadLocalInvoker@6ec2df49
      responseInvoker = class com.sun.jersey.server.impl.ThreadLocalInvoker@324bb44e
      config = class com.sun.jersey.spi.container.servlet.WebServletConfig@3d869dac
      resourceConfig = null
      useSetStatusOn404 = false
      application = null
    filterConfig = null
    staticContentPattern = null
    forwardOn404 = false
    app = null
    filterContextPath = null
    METHOD_DELETE = "DELETE"
    METHOD_HEAD = "HEAD"
    METHOD_GET = "GET"
    METHOD_OPTIONS = "OPTIONS"
    METHOD_POST = "POST"
    METHOD_PUT = "PUT"
    METHOD_TRACE = "TRACE"
    HEADER_IFMODSINCE = "If-Modified-Since"
    HEADER_LASTMOD = "Last-Modified"
    LSTRING_FILE = "javax.servlet.http.LocalStrings"
    lStrings = class java.util.PropertyResourceBundle@4e6d5563
      lookup = class java.util.HashMap@7c849632
      INITIAL_CACHE_SIZE = 32
      NONEXISTENT_BUNDLE = class java.util.ResourceBundle$1@30ffba28
      cacheList = class java.util.concurrent.ConcurrentHashMap@64e806db
      referenceQueue = class java.lang.ref.ReferenceQueue@241c639
      parent = null
      locale = class java.util.Locale@186ebbea
      name = "javax.servlet.http.LocalStrings"
      expired = false
      cacheKey = class java.util.ResourceBundle$CacheKey@7af9717a
      keySet = null
      providers = null
      $assertionsDisabled = true
    LSTRING_FILE = "javax.servlet.LocalStrings"
    lStrings = class java.util.PropertyResourceBundle@4b2ffaef
    config = class com.ibm.ws.webcontainer.servlet.ServletConfig@31c15628
  cacheWrappers = null
  targetLoader = class com.ibm.ws.classloading.internal.ThreadContextClassLoader@3f41e572
    tc = class com.ibm.websphere.ras.TraceComponent@5d2b5756
      strings[0] = "TraceComponent[com.ibm.ws.classloading.internal.ThreadContextClassLoader,class com.ibm.ws.classloading.internal.ThreadContextClassLoader,[ClassLoadingService],com.ibm.ws.classloading.internal.resources.ClassLoadingServiceMessages,null]"
    bundle = class java.util.concurrent.atomic.AtomicReference@a26b7e6
      serialVersionUID = -1848883965231344442
      unsafe = class sun.misc.Unsafe@4ed4d848
      valueOffset = 12
      value = class org.eclipse.osgi.internal.framework.EquinoxBundle@5fa453e9
    key = "WebModule:GraalVMJAXRSDemo#GraalVMJAXRSDemo.war"
    refCount = class java.util.concurrent.atomic.AtomicInteger@7976817b
      serialVersionUID = 6214790243416807050
      unsafe = class sun.misc.Unsafe@4ed4d848
      valueOffset = 12
      value = 2
      serialVersionUID = -8742448824652078965
    appLoader = class com.ibm.ws.classloading.internal.AppClassLoader@ae38d49
    clSvc = class com.ibm.ws.classloading.internal.ClassLoadingServiceImpl@2f78e9bd
      tc = class com.ibm.websphere.ras.TraceComponent@e405ac5
      leakDetectionMap = class java.util.HashMap@14b7c421
      appClassLoaders = class java.util.Collections$SetFromMap@7bbac4
      TCCL_LOCK_WAIT = 15000
      REFERENCE_GENERATORS = "generators"
      bundleContext = class org.eclipse.osgi.internal.framework.BundleContextImpl@4bf2e3f1
      aclStore = class com.ibm.ws.classloading.internal.util.CanonicalStore@75686f88
      tcclStore = class com.ibm.ws.classloading.internal.util.CanonicalStore@3b43777
      tcclStoreLock = class java.util.concurrent.locks.ReentrantLock@29087dec
      digraph = class org.eclipse.equinox.internal.region.StandardRegionDigraph@74f85f93
      redefiner = class com.ibm.ws.classloading.internal.util.ClassRedefiner@6738794e
      listener = class com.ibm.ws.classloading.internal.ClassLoadingServiceImpl$1@42da7aab
      classloaders = class java.util.Collections$SynchronizedMap@60f7e208
      resourceProviders = class com.ibm.ws.classloading.internal.CompositeResourceProvider@afa04e7
      rememberedBundles = class java.util.concurrent.ConcurrentHashMap@3cc8c6ec
      collectedBundles = class java.lang.ref.ReferenceQueue@2dd6ecfc
      generatorRefs = class com.ibm.wsspi.kernel.service.utils.ConcurrentServiceReferenceSet@726eacec
      generatorManager = class com.ibm.ws.classloading.internal.ClassGeneratorManager@6fa98190
      appExtLibs = class java.util.concurrent.CopyOnWriteArrayList@2869437a
      globalConfig = class com.ibm.ws.classloading.configuration.GlobalClassloadingConfiguration@52ec0f3d
      metaInfServicesProviders = class java.util.concurrent.ConcurrentHashMap@48c7a890
      metaInfServicesRefs = class com.ibm.wsspi.kernel.service.utils.ConcurrentServiceReferenceMap@4fc964a8
      protectionDomainMap = class java.util.HashMap@2d598cb8
      metadataIdentifierService = class com.ibm.ws.container.service.metadata.internal.MetaDataServiceImpl@3323beea
      globalSharedLibrary = class java.util.concurrent.atomic.AtomicReference@1f7eebc9
      serialVersionUID = 4365026902615131286
    serialVersionUID = 846416563800781557
    tc = class com.ibm.websphere.ras.TraceComponent@1141e2af
      strings[0] = "TraceComponent[com.ibm.ws.classloading.internal.UnifiedClassLoader,class com.ibm.ws.classloading.internal.UnifiedClassLoader,[ClassLoadingService],com.ibm.ws.classloading.internal.resources.ClassLoadingServiceMessages,null]"
    followOnClassLoaders = class java.util.ArrayList@2395ac2d
      serialVersionUID = 8683452581122892189
      DEFAULT_CAPACITY = 10
      EMPTY_ELEMENTDATA = class java.lang.Object[0]
      DEFAULTCAPACITY_EMPTY_ELEMENTDATA = class java.lang.Object[0]
      elementData = class java.lang.Object[10]
      size = 1
      MAX_ARRAY_SIZE = 2147483639
      modCount = 1
      MAX_ARRAY_SIZE = 2147483639
    serialVersionUID = 8829649920524275888
    serialVersionUID = -4586727107834513475
    $$$tc$$$ = class com.ibm.websphere.ras.TraceComponent@b46291f
      strings[0] = "TraceComponent[com.ibm.ws.classloading.internal.LibertyLoader,class com.ibm.ws.classloading.internal.LibertyLoader,[ClassLoadingService],com.ibm.ws.classloading.internal.resources.ClassLoadingServiceMessages,null]"
    serialVersionUID = -7709588811276454856
    $$$tc$$$ = class com.ibm.websphere.ras.TraceComponent@b0aabb1
      strings[0] = "TraceComponent[com.ibm.ws.classloading.LibertyClassLoader,class com.ibm.ws.classloading.LibertyClassLoader,[ClassLoadingService],com.ibm.ws.classloading.internal.resources.ClassLoadingServiceMessages,null]"
    initialized = true
    pdcache = class java.util.HashMap@1cb3a63e
      serialVersionUID = 362498820763181265
      DEFAULT_INITIAL_CAPACITY = 16
      MAXIMUM_CAPACITY = 1073741824
      DEFAULT_LOAD_FACTOR = 0.75
      TREEIFY_THRESHOLD = 8
      UNTREEIFY_THRESHOLD = 6
      MIN_TREEIFY_CAPACITY = 64
      table = null
      entrySet = null
      size = 0
      modCount = 0
      threshold = 16
      loadFactor = 0.75
      keySet = null
      values = null
    debug = null
    parent = class com.ibm.ws.classloading.internal.GatewayClassLoader@1a6534bb
      config = class com.ibm.ws.classloading.internal.GatewayConfigurationImpl@719e317b
      wiringMonitor = class com.ibm.ws.classloading.internal.GatewayClassLoader$1@30415209
      bundle = class org.eclipse.osgi.internal.framework.EquinoxBundle@5fa453e9
      wiring = class org.eclipse.osgi.container.ModuleWiring@26202df
      bundleLoader = class org.eclipse.osgi.internal.loader.EquinoxClassLoader@7fc6edae
      resourceProviders = class com.ibm.ws.classloading.internal.CompositeResourceProvider@afa04e7
      serialVersionUID = -4256474098847905153
      $$$tc$$$ = class com.ibm.websphere.ras.TraceComponent@46b24aa1
      parent = class sun.misc.Launcher$AppClassLoader@4e0e2f2a
      parallelLockMap = null
      package2certs = class java.util.Hashtable@7f531ec4
      nocerts = class java.security.cert.Certificate[0]
      classes = class java.util.Vector@45b8ca3d
      defaultDomain = class java.security.ProtectionDomain@57de5caf
      packages = class java.util.HashMap@1f3d7067
      scl = class sun.misc.Launcher$AppClassLoader@4e0e2f2a
      sclSet = true
      loadedLibraryNames = class java.util.Vector@378f34a2
      systemNativeLibraries = class java.util.Vector@247e782f
      nativeLibraries = class java.util.Vector@78fff87a
      nativeLibraryContext = class java.util.Stack@7f23df1f
      usr_paths = class java.lang.String[5]
      sys_paths = class java.lang.String[1]
      assertionLock = class com.ibm.ws.classloading.internal.GatewayClassLoader@1a6534bb
      defaultAssertionStatus = false
      packageAssertionStatus = null
      classAssertionStatus = null
    parallelLockMap = class java.util.concurrent.ConcurrentHashMap@5103818a
      serialVersionUID = 7249069246763182397
      MAXIMUM_CAPACITY = 1073741824
      DEFAULT_CAPACITY = 16
      MAX_ARRAY_SIZE = 2147483639
      DEFAULT_CONCURRENCY_LEVEL = 16
      LOAD_FACTOR = 0.75
      TREEIFY_THRESHOLD = 8
      UNTREEIFY_THRESHOLD = 6
      MIN_TREEIFY_CAPACITY = 64
      MIN_TRANSFER_STRIDE = 16
      RESIZE_STAMP_BITS = 16
      MAX_RESIZERS = 65535
      RESIZE_STAMP_SHIFT = 16
      MOVED = -1
      TREEBIN = -2
      RESERVED = -3
      HASH_BITS = 2147483647
      NCPU = 12
      serialPersistentFields = class java.io.ObjectStreamField[3]
      table = class java.util.concurrent.ConcurrentHashMap$Node[32]
      nextTable = null
      baseCount = 14
      sizeCtl = 24
      transferIndex = 0
      cellsBusy = 0
      counterCells = null
      keySet = null
      values = null
      entrySet = null
      U = class sun.misc.Unsafe@4ed4d848
      SIZECTL = 20
      TRANSFERINDEX = 32
      BASECOUNT = 24
      CELLSBUSY = 36
      CELLVALUE = 144
      ABASE = 16
      ASHIFT = 2
      keySet = null
      values = null
    package2certs = class java.util.concurrent.ConcurrentHashMap@39deaf16
      serialVersionUID = 7249069246763182397
      MAXIMUM_CAPACITY = 1073741824
      DEFAULT_CAPACITY = 16
      MAX_ARRAY_SIZE = 2147483639
      DEFAULT_CONCURRENCY_LEVEL = 16
      LOAD_FACTOR = 0.75
      TREEIFY_THRESHOLD = 8
      UNTREEIFY_THRESHOLD = 6
      MIN_TREEIFY_CAPACITY = 64
      MIN_TRANSFER_STRIDE = 16
      RESIZE_STAMP_BITS = 16
      MAX_RESIZERS = 65535
      RESIZE_STAMP_SHIFT = 16
      MOVED = -1
      TREEBIN = -2
      RESERVED = -3
      HASH_BITS = 2147483647
      NCPU = 12
      serialPersistentFields = class java.io.ObjectStreamField[3]
      table = null
      nextTable = null
      baseCount = 0
      sizeCtl = 0
      transferIndex = 0
      cellsBusy = 0
      counterCells = null
      keySet = null
      values = null
      entrySet = null
      U = class sun.misc.Unsafe@4ed4d848
      SIZECTL = 20
      TRANSFERINDEX = 32
      BASECOUNT = 24
      CELLSBUSY = 36
      CELLVALUE = 144
      ABASE = 16
      ASHIFT = 2
      keySet = null
      values = null
    nocerts = class java.security.cert.Certificate[0]
    classes = class java.util.Vector@372498c4
      elementData = class java.lang.Object[10]
      elementCount = 0
      capacityIncrement = 0
      serialVersionUID = -2767605614048989439
      MAX_ARRAY_SIZE = 2147483639
      modCount = 0
      MAX_ARRAY_SIZE = 2147483639
    defaultDomain = class java.security.ProtectionDomain@36274a48
      codesource = class java.security.CodeSource@3e495156
      classloader = class com.ibm.ws.classloading.internal.ThreadContextClassLoader@3f41e572
      principals = interface java.security.Principal[0]
      permissions = null
      hasAllPerm = false
      staticPermissions = false
      key = class java.security.ProtectionDomain$Key@1438718
      debug = null
    packages = class java.util.HashMap@7be582d7
      serialVersionUID = 362498820763181265
      DEFAULT_INITIAL_CAPACITY = 16
      MAXIMUM_CAPACITY = 1073741824
      DEFAULT_LOAD_FACTOR = 0.75
      TREEIFY_THRESHOLD = 8
      UNTREEIFY_THRESHOLD = 6
      MIN_TREEIFY_CAPACITY = 64
      table = null
      entrySet = null
      size = 0
      modCount = 0
      threshold = 0
      loadFactor = 0.75
      keySet = null
      values = null
    scl = class sun.misc.Launcher$AppClassLoader@4e0e2f2a
      ucp = class sun.misc.URLClassPath@11d223d5
      $assertionsDisabled = true
      ucp = class sun.misc.URLClassPath@11d223d5
      acc = class java.security.AccessControlContext@4d1ad5de
      closeables = class java.util.WeakHashMap@6a96e2fd
      initialized = true
      pdcache = class java.util.HashMap@3547a6d
      debug = null
      parent = class sun.misc.Launcher$ExtClassLoader@3983d59
      parallelLockMap = class java.util.concurrent.ConcurrentHashMap@1837acd1
      package2certs = class java.util.concurrent.ConcurrentHashMap@456b2420
      nocerts = class java.security.cert.Certificate[0]
      classes = class java.util.Vector@654ca9f2
      defaultDomain = class java.security.ProtectionDomain@27fc22f7
      packages = class java.util.HashMap@20843fd
      scl = class sun.misc.Launcher$AppClassLoader@4e0e2f2a
      sclSet = true
      loadedLibraryNames = class java.util.Vector@378f34a2
      systemNativeLibraries = class java.util.Vector@247e782f
      nativeLibraries = class java.util.Vector@1ede2db8
      nativeLibraryContext = class java.util.Stack@7f23df1f
      usr_paths = class java.lang.String[5]
      sys_paths = class java.lang.String[1]
      assertionLock = class java.lang.Object@1edd04a8
      defaultAssertionStatus = false
      packageAssertionStatus = null
      classAssertionStatus = null
    sclSet = true
    loadedLibraryNames = class java.util.Vector@378f34a2
      elementData = class java.lang.Object[10]
      elementCount = 5
      capacityIncrement = 0
      serialVersionUID = -2767605614048989439
      MAX_ARRAY_SIZE = 2147483639
      modCount = 5
      MAX_ARRAY_SIZE = 2147483639
    systemNativeLibraries = class java.util.Vector@247e782f
      elementData = class java.lang.Object[10]
      elementCount = 5
      capacityIncrement = 0
      serialVersionUID = -2767605614048989439
      MAX_ARRAY_SIZE = 2147483639
      modCount = 5
      MAX_ARRAY_SIZE = 2147483639
    nativeLibraries = class java.util.Vector@288713e2
      elementData = class java.lang.Object[10]
      elementCount = 0
      capacityIncrement = 0
      serialVersionUID = -2767605614048989439
      MAX_ARRAY_SIZE = 2147483639
      modCount = 0
      MAX_ARRAY_SIZE = 2147483639
    nativeLibraryContext = class java.util.Stack@7f23df1f
      serialVersionUID = 1224463164541339165
      elementData = class java.lang.Object[10]
      elementCount = 0
      capacityIncrement = 0
      serialVersionUID = -2767605614048989439
      MAX_ARRAY_SIZE = 2147483639
      modCount = 10
      MAX_ARRAY_SIZE = 2147483639
    usr_paths = class java.lang.String[5]
      String[0] = "/usr/java/packages/lib/amd64"
      String[1] = "/usr/lib64"
      String[2] = "/lib64"
      String[3] = "/lib"
      String[4] = "/usr/lib"
    sys_paths = class java.lang.String[1]
      String[0] = "/home/sseighma/.sdkman/candidates/java/8.0.265-open/jre/lib/amd64"
    assertionLock = class java.lang.Object@7627704e
    defaultAssertionStatus = false
    packageAssertionStatus = null
    classAssertionStatus = null
  evtSource = class com.ibm.ws.webcontainer.webapp.WebAppEventSource@aa4aaf
    _invocationListeners = class com.ibm.ws.webcontainer.util.EventListeners@4116b433
      EMPTY_LISTENERS = interface java.util.EventListener[0]
      logger = class com.ibm.ws.logging.internal.WsLogger@821cb4b
      CLASS_NAME = "com.ibm.ws.webcontainer.util.EventListeners"
      listeners = interface java.util.EventListener[0]
    _servletListeners = class com.ibm.ws.webcontainer.util.EventListeners@6b7271ba
      EMPTY_LISTENERS = interface java.util.EventListener[0]
      logger = class com.ibm.ws.logging.internal.WsLogger@821cb4b
      CLASS_NAME = "com.ibm.ws.webcontainer.util.EventListeners"
      listeners = interface java.util.EventListener[0]
    _errorListeners = class com.ibm.ws.webcontainer.util.EventListeners@6ebc56f6
      EMPTY_LISTENERS = interface java.util.EventListener[0]
      logger = class com.ibm.ws.logging.internal.WsLogger@821cb4b
      CLASS_NAME = "com.ibm.ws.webcontainer.util.EventListeners"
      listeners = interface java.util.EventListener[0]
    _applicationListeners = class com.ibm.ws.webcontainer.util.EventListeners@6c3df9ec
      EMPTY_LISTENERS = interface java.util.EventListener[0]
      logger = class com.ibm.ws.logging.internal.WsLogger@821cb4b
      CLASS_NAME = "com.ibm.ws.webcontainer.util.EventListeners"
      listeners = interface java.util.EventListener[0]
    _filterInvocationListeners = class com.ibm.ws.webcontainer.util.EventListeners@18fe7f74
      EMPTY_LISTENERS = interface java.util.EventListener[0]
      logger = class com.ibm.ws.logging.internal.WsLogger@821cb4b
      CLASS_NAME = "com.ibm.ws.webcontainer.util.EventListeners"
      listeners = interface java.util.EventListener[0]
    _filterListeners = class com.ibm.ws.webcontainer.util.EventListeners@60793270
      EMPTY_LISTENERS = interface java.util.EventListener[0]
      logger = class com.ibm.ws.logging.internal.WsLogger@821cb4b
      CLASS_NAME = "com.ibm.ws.webcontainer.util.EventListeners"
      listeners = interface java.util.EventListener[0]
    _filterErrorListeners = class com.ibm.ws.webcontainer.util.EventListeners@6c7ec36f
      EMPTY_LISTENERS = interface java.util.EventListener[0]
      logger = class com.ibm.ws.logging.internal.WsLogger@821cb4b
      CLASS_NAME = "com.ibm.ws.webcontainer.util.EventListeners"
      listeners = interface java.util.EventListener[0]
  event = class com.ibm.websphere.servlet.event.ServletEvent@3b612c84
    serialVersionUID = 3906650803920713522
    _servletName = "jersey"
    _servletClassName = "com.sun.jersey.spi.container.servlet.ServletContainer"
    $$$tc$$$ = class com.ibm.websphere.ras.TraceComponent@7c0ca798
      strings[0] = "TraceComponent[com.ibm.websphere.servlet.event.ServletEvent,class com.ibm.websphere.servlet.event.ServletEvent,[],null,null]"
    serialVersionUID = 3546927969739289392
    _context = class com.ibm.ws.webcontainer40.facade.ServletContextFacade40@2d223a91
      context = class com.ibm.ws.webcontainer40.osgi.webapp.WebApp40@625d8cad
    _servletNames = class com.ibm.ws.webcontainer.util.EmptyEnumeration@375df1e1
      serialVersionUID = 3546642126931963953
      _instance = class com.ibm.ws.webcontainer.util.EmptyEnumeration@375df1e1
    $$$tc$$$ = class com.ibm.websphere.ras.TraceComponent@1ff124b6
      strings[0] = "TraceComponent[com.ibm.websphere.servlet.event.ApplicationEvent,class com.ibm.websphere.servlet.event.ApplicationEvent,[],null,null]"
    serialVersionUID = 5516075349620653480
    source = class com.ibm.ws.webcontainer.osgi.servlet.ServletWrapper@fcfd173
  unavailableMessage = null
  unavailableUntil = -1
  isSTM = false
  internalServlet = false
  webAppInvocationCollaborators = null
  platformHelper = class com.ibm.ws.webcontainer.PlatformHelper@35d7e7a1
  webAppNameSpaceCollab = class com.ibm.ws.webcontainer.osgi.collaborator.WebAppNameSpaceCollaboratorImpl@58143593
    cmdai = class com.ibm.ws.threadContext.ComponentMetaDataAccessorImpl@165ef19b
      tc = class com.ibm.websphere.ras.TraceComponent@580be1a4
      cmdai = class com.ibm.ws.threadContext.ComponentMetaDataAccessorImpl@165ef19b
      threadContext = class com.ibm.ws.threadContext.ThreadContextImpl@2e4b0c2e
      defaultCMD = null
  txCollab = class com.ibm.ws.webcontainer.collaborator.WebAppTransactionCollaborator@ab9f30c
    logger = class com.ibm.ws.logging.internal.WsLogger@1826820a
      ivCachedResourceBundleName = null
      ivCachedResourceBundle = null
      ivComponent = null
      ivOrganization = null
      ivProduct = null
      ivMinimumLocalizationLevelIntValue = 625
      ivTC = class com.ibm.websphere.ras.TraceComponent@207dd42
      loggerRegistrationComponent = class java.lang.ThreadLocal@69254ed7
      emptyHandlers = class java.util.logging.Handler[0]
      offValue = 2147483647
      SYSTEM_LOGGER_RB_NAME = "sun.util.logging.resources.logging"
      SYSTEM_BUNDLE = class java.util.logging.Logger$LoggerBundle@19ad800d
      NO_RESOURCE_BUNDLE = class java.util.logging.Logger$LoggerBundle@507f7853
      manager = class com.ibm.ws.kernel.boot.logging.WsLogManager@13efc77d
      name = "com.ibm.ws.webcontainer.collaborator"
      handlers = class java.util.concurrent.CopyOnWriteArrayList@1cb04f70
      loggerBundle = class java.util.logging.Logger$LoggerBundle@54d323dc
      useParentHandlers = true
      filter = null
      anonymous = false
      catalog = class com.ibm.ws.webcontainer.resources.Messages@84f34bb
      catalogName = "com.ibm.ws.webcontainer.resources.Messages"
      catalogLocale = class java.util.Locale@65f6dee0
      treeLock = class java.lang.Object@3a3a439a
      parent = class com.ibm.ws.logging.internal.WsLogger@5260934b
      kids = null
      levelObject = class java.util.logging.Level@237b9f50
      levelValue = 800
      callersClassLoaderRef = class java.lang.ref.WeakReference@38dcb3f1
      isSystemLogger = false
      GLOBAL_LOGGER_NAME = "global"
      global = class java.util.logging.Logger@18e7ff0d
      $assertionsDisabled = true
    CLASS_NAME = "com.ibm.ws.webcontainer.collaborator.WebAppTransactionCollaborator"
  suppressServletExceptionLogging = false
  throwExceptionEnum = class java.util.RegularEnumSet@380efbd3
    serialVersionUID = 3411599620347842686
    elements = 256
    elementType = class java.lang.Class@686be56e
      ANNOTATION = 8192
      ENUM = 16384
      SYNTHETIC = 4096
      cachedConstructor = null
      newInstanceCallerCache = null
      name = "com.ibm.wsspi.webcontainer.collaborator.CollaboratorInvocationEnum"
      allPermDomain = class java.security.ProtectionDomain@49fb6089
      useCaches = true
      reflectionData = class java.lang.ref.SoftReference@790ebd9a
      classRedefinedCount = 0
      genericInfo = null
      serialVersionUID = 3206093459760846163
      serialPersistentFields = class java.io.ObjectStreamField[0]
      reflectionFactory = class sun.reflect.ReflectionFactory@6688947b
      initted = true
      enumConstants = class com.ibm.wsspi.webcontainer.collaborator.CollaboratorInvocationEnum[9]
      enumConstantDirectory = null
      annotationData = null
      annotationType = null
      classValueMap = null
    universe = class com.ibm.wsspi.webcontainer.collaborator.CollaboratorInvocationEnum[9]
      CollaboratorInvocationEnum[0] = class com.ibm.wsspi.webcontainer.collaborator.CollaboratorInvocationEnum@16ced6b8
      CollaboratorInvocationEnum[1] = class com.ibm.wsspi.webcontainer.collaborator.CollaboratorInvocationEnum@59a3e093
      CollaboratorInvocationEnum[2] = class com.ibm.wsspi.webcontainer.collaborator.CollaboratorInvocationEnum@46148f3b
      CollaboratorInvocationEnum[3] = class com.ibm.wsspi.webcontainer.collaborator.CollaboratorInvocationEnum@380c6d6f
      CollaboratorInvocationEnum[4] = class com.ibm.wsspi.webcontainer.collaborator.CollaboratorInvocationEnum@581717c0
      CollaboratorInvocationEnum[5] = class com.ibm.wsspi.webcontainer.collaborator.CollaboratorInvocationEnum@1e76d329
      CollaboratorInvocationEnum[6] = class com.ibm.wsspi.webcontainer.collaborator.CollaboratorInvocationEnum@7c79ea8b
      CollaboratorInvocationEnum[7] = class com.ibm.wsspi.webcontainer.collaborator.CollaboratorInvocationEnum@27c5977e
      CollaboratorInvocationEnum[8] = class com.ibm.wsspi.webcontainer.collaborator.CollaboratorInvocationEnum@470c3d51
    ZERO_LENGTH_ENUM_ARRAY = class java.lang.Enum[0]
    MAX_ARRAY_SIZE = 2147483639
  discernUnavailableServlet = false
  reInitServletonInitUnavailableException = true
  destroyServletonServiceUnavailableException = false
  servlet23 = true
  PARAMS_HEAD_TRACE = class java.lang.Class[2]
    Class[0] = class java.lang.Class@626687d7
      ANNOTATION = 8192
      ENUM = 16384
      SYNTHETIC = 4096
      cachedConstructor = null
      newInstanceCallerCache = null
      name = null
      allPermDomain = class java.security.ProtectionDomain@49fb6089
      useCaches = true
      reflectionData = null
      classRedefinedCount = 0
      genericInfo = null
      serialVersionUID = 3206093459760846163
      serialPersistentFields = class java.io.ObjectStreamField[0]
      reflectionFactory = class sun.reflect.ReflectionFactory@6688947b
      initted = true
      enumConstants = null
      enumConstantDirectory = null
      annotationData = null
      annotationType = null
      classValueMap = null
    Class[1] = class java.lang.Class@52ebd15e
      ANNOTATION = 8192
      ENUM = 16384
      SYNTHETIC = 4096
      cachedConstructor = null
      newInstanceCallerCache = null
      name = null
      allPermDomain = class java.security.ProtectionDomain@49fb6089
      useCaches = true
      reflectionData = null
      classRedefinedCount = 0
      genericInfo = null
      serialVersionUID = 3206093459760846163
      serialPersistentFields = class java.io.ObjectStreamField[0]
      reflectionFactory = class sun.reflect.ReflectionFactory@6688947b
      initted = true
      enumConstants = null
      enumConstantDirectory = null
      annotationData = null
      annotationType = null
      classValueMap = null
  defaultHeadMethodInUse = false
  defaultTraceMethodInUse = false
  checkedForDefaultMethods = null
  defaultTraceRequestBehavior = false
  defaultHeadRequestBehavior = false
  useOriginalRequestState = false
  warningStatusSet = false
  LSTRING_FILE = "javax.servlet.LocalStrings"
  lStrings = class java.util.PropertyResourceBundle@4b2ffaef
    lookup = class java.util.HashMap@41d4e37c
      serialVersionUID = 362498820763181265
      DEFAULT_INITIAL_CAPACITY = 16
      MAXIMUM_CAPACITY = 1073741824
      DEFAULT_LOAD_FACTOR = 0.75
      TREEIFY_THRESHOLD = 8
      UNTREEIFY_THRESHOLD = 6
      MIN_TREEIFY_CAPACITY = 64
      table = class java.util.HashMap$Node[8]
      entrySet = null
      size = 4
      modCount = 4
      threshold = 6
      loadFactor = 0.75
      keySet = null
      values = null
    INITIAL_CACHE_SIZE = 32
    NONEXISTENT_BUNDLE = class java.util.ResourceBundle$1@30ffba28
      INITIAL_CACHE_SIZE = 32
      NONEXISTENT_BUNDLE = class java.util.ResourceBundle$1@30ffba28
      cacheList = class java.util.concurrent.ConcurrentHashMap@64e806db
      referenceQueue = class java.lang.ref.ReferenceQueue@241c639
      parent = null
      locale = null
      name = null
      expired = false
      cacheKey = class java.util.ResourceBundle$CacheKey@5a8363b2
      keySet = null
      providers = null
      $assertionsDisabled = true
    cacheList = class java.util.concurrent.ConcurrentHashMap@64e806db
      serialVersionUID = 7249069246763182397
      MAXIMUM_CAPACITY = 1073741824
      DEFAULT_CAPACITY = 16
      MAX_ARRAY_SIZE = 2147483639
      DEFAULT_CONCURRENCY_LEVEL = 16
      LOAD_FACTOR = 0.75
      TREEIFY_THRESHOLD = 8
      UNTREEIFY_THRESHOLD = 6
      MIN_TREEIFY_CAPACITY = 64
      MIN_TRANSFER_STRIDE = 16
      RESIZE_STAMP_BITS = 16
      MAX_RESIZERS = 65535
      RESIZE_STAMP_SHIFT = 16
      MOVED = -1
      TREEBIN = -2
      RESERVED = -3
      HASH_BITS = 2147483647
      NCPU = 12
      serialPersistentFields = class java.io.ObjectStreamField[3]
      table = class java.util.concurrent.ConcurrentHashMap$Node[128]
      nextTable = null
      baseCount = 55
      sizeCtl = 96
      transferIndex = 0
      cellsBusy = 0
      counterCells = null
      keySet = null
      values = null
      entrySet = null
      U = class sun.misc.Unsafe@4ed4d848
      SIZECTL = 20
      TRANSFERINDEX = 32
      BASECOUNT = 24
      CELLSBUSY = 36
      CELLVALUE = 144
      ABASE = 16
      ASHIFT = 2
      keySet = null
      values = null
    referenceQueue = class java.lang.ref.ReferenceQueue@241c639
      NULL = class java.lang.ref.ReferenceQueue$Null@7ce52f58
      ENQUEUED = class java.lang.ref.ReferenceQueue$Null@3f8e2b5b
      lock = class java.lang.ref.ReferenceQueue$Lock@523f5f23
      head = null
      queueLength = 0
      $assertionsDisabled = true
    parent = null
    locale = class java.util.Locale@186ebbea
      LOCALECACHE = class java.util.Locale$Cache@4e9565c6
      ENGLISH = class java.util.Locale@65f6dee0
      FRENCH = class java.util.Locale@16f85f20
      GERMAN = class java.util.Locale@273b8e24
      ITALIAN = class java.util.Locale@4c0a64fc
      JAPANESE = class java.util.Locale@295483ee
      KOREAN = class java.util.Locale@7d81c8bb
      CHINESE = class java.util.Locale@6b02381
      SIMPLIFIED_CHINESE = class java.util.Locale@19828a2f
      TRADITIONAL_CHINESE = class java.util.Locale@14c43102
      FRANCE = class java.util.Locale@6773e731
      GERMANY = class java.util.Locale@60586c75
      ITALY = class java.util.Locale@6d8651a3
      JAPAN = class java.util.Locale@58ff2130
      KOREA = class java.util.Locale@204d1f71
      CHINA = class java.util.Locale@19828a2f
      PRC = class java.util.Locale@19828a2f
      TAIWAN = class java.util.Locale@14c43102
      UK = class java.util.Locale@355e4c9
      US = class java.util.Locale@5c81a649
      CANADA = class java.util.Locale@7d56ea48
      CANADA_FRENCH = class java.util.Locale@35a8d404
      ROOT = class java.util.Locale@186ebbea
      PRIVATE_USE_EXTENSION = x
      UNICODE_LOCALE_EXTENSION = u
      serialVersionUID = 9149081749638150636
      DISPLAY_LANGUAGE = 0
      DISPLAY_COUNTRY = 1
      DISPLAY_VARIANT = 2
      DISPLAY_SCRIPT = 3
      baseLocale = class sun.util.locale.BaseLocale@61022ad
      localeExtensions = null
      hashCodeValue = 0
      defaultLocale = class java.util.Locale@65f6dee0
      defaultDisplayLocale = null
      defaultFormatLocale = class java.util.Locale@65f6dee0
      languageTag = null
      serialPersistentFields = class java.io.ObjectStreamField[6]
      isoLanguages = null
      isoCountries = null
      $assertionsDisabled = true
    name = "javax.servlet.LocalStrings"
    expired = false
    cacheKey = class java.util.ResourceBundle$CacheKey@558d6c35
      name = "javax.servlet.LocalStrings"
      locale = class java.util.Locale@186ebbea
      loaderRef = class java.util.ResourceBundle$LoaderReference@2d03e0f9
      format = "java.properties"
      loadTime = 0
      expirationTime = -2
      cause = null
      hashCodeCache = -1260984819
    keySet = null
    providers = null
    $assertionsDisabled = true
  config = null

