------Start of DE processing------ = [12/23/20 15:46:33:135 EST]
Exception = java.lang.ClassNotFoundException
Source = com.ibm.ws.webcontainer.servlet.ServletWrapper.loadServlet
probeid = 208
Stack Dump = java.lang.ClassNotFoundException: org.glassfish.jersey.spi.container.servlet.ServletContainer
	at com.ibm.ws.classloading.internal.UnifiedClassLoader.findClass(UnifiedClassLoader.java:137)
	at com.ibm.ws.classloading.internal.ThreadContextClassLoader.findClass(ThreadContextClassLoader.java:141)
	at java.lang.ClassLoader.loadClass(ClassLoader.java:418)
	at com.ibm.ws.classloading.internal.UnifiedClassLoader.loadClass0(UnifiedClassLoader.java:116)
	at com.ibm.ws.classloading.internal.UnifiedClassLoader$Delegation.loadClass(UnifiedClassLoader.java:85)
	at com.ibm.ws.classloading.internal.UnifiedClassLoader.loadClass(UnifiedClassLoader.java:109)
	at com.ibm.ws.classloading.internal.ThreadContextClassLoader.loadClass(ThreadContextClassLoader.java:157)
	at java.lang.ClassLoader.loadClass(ClassLoader.java:351)
	at com.ibm.ws.webcontainer.servlet.ServletWrapper$1.run(ServletWrapper.java:1514)
	at java.security.AccessController.doPrivileged(Native Method)
	at com.ibm.ws.webcontainer.servlet.ServletWrapper.loadServlet(ServletWrapper.java:1483)
	at com.ibm.ws.webcontainer.servlet.ServletWrapper.loadOnStartupCheck(ServletWrapper.java:1361)
	at com.ibm.ws.webcontainer.webapp.WebApp.doLoadOnStartupActions(WebApp.java:1201)
	at com.ibm.ws.webcontainer.webapp.WebApp.commonInitializationFinally(WebApp.java:1169)
	at com.ibm.ws.webcontainer.webapp.WebApp.initialize(WebApp.java:1067)
	at com.ibm.ws.webcontainer.webapp.WebApp.initialize(WebApp.java:6683)
	at com.ibm.ws.webcontainer.osgi.DynamicVirtualHost.startWebApp(DynamicVirtualHost.java:470)
	at com.ibm.ws.webcontainer.osgi.DynamicVirtualHost.startWebApplication(DynamicVirtualHost.java:465)
	at com.ibm.ws.webcontainer.osgi.WebContainer.startWebApplication(WebContainer.java:1179)
	at com.ibm.ws.webcontainer.osgi.WebContainer.access$100(WebContainer.java:110)
	at com.ibm.ws.webcontainer.osgi.WebContainer$3.run(WebContainer.java:976)
	at com.ibm.ws.threading.internal.ExecutorServiceImpl$RunnableWrapper.run(ExecutorServiceImpl.java:239)
	at java.util.concurrent.Executors$RunnableAdapter.call(Executors.java:511)
	at java.util.concurrent.FutureTask.run(FutureTask.java:266)
	at java.util.concurrent.ThreadPoolExecutor.runWorker(ThreadPoolExecutor.java:1149)
	at java.util.concurrent.ThreadPoolExecutor$Worker.run(ThreadPoolExecutor.java:624)
	at java.lang.Thread.run(Thread.java:748)

Dump of callerThis
Object type = com.ibm.ws.webcontainer.servlet.ServletWrapper$1
  val$className = "org.glassfish.jersey.spi.container.servlet.ServletContainer"
  val$servletClass = null
  val$loader = class com.ibm.ws.classloading.internal.ThreadContextClassLoader@13d9fec6
    tc = class com.ibm.websphere.ras.TraceComponent@4f1ed3be
      strings[0] = "TraceComponent[com.ibm.ws.classloading.internal.ThreadContextClassLoader,class com.ibm.ws.classloading.internal.ThreadContextClassLoader,[ClassLoadingService],com.ibm.ws.classloading.internal.resources.ClassLoadingServiceMessages,null]"
    bundle = class java.util.concurrent.atomic.AtomicReference@53dd9ad6
      serialVersionUID = -1848883965231344442
      unsafe = class sun.misc.Unsafe@3cce0c68
      valueOffset = 12
      value = class org.eclipse.osgi.internal.framework.EquinoxBundle@f23f563
    key = "WebModule:GraalVMJAXRSDemo#GraalVMJAXRSDemo.war"
    refCount = class java.util.concurrent.atomic.AtomicInteger@3c874594
      serialVersionUID = 6214790243416807050
      unsafe = class sun.misc.Unsafe@3cce0c68
      valueOffset = 12
      value = 2
      serialVersionUID = -8742448824652078965
    appLoader = class com.ibm.ws.classloading.internal.AppClassLoader@7d636986
      tc = class com.ibm.websphere.ras.TraceComponent@1b0dd2eb
      disableSharedClassesCache = false
      PARENT_FIRST_SEARCH_ORDER = class java.util.Collections$UnmodifiableRandomAccessList@6cf2673f
      packagesDefined = class java.util.Collections$SetFromMap@455e7f6b
      CLASS_LOADING_TRACE_PREFIX = "com.ibm.ws.class.load."
      DEFAULT_PACKAGE = "default.package"
      perPackageClassLoadingTraceComponents = class java.util.concurrent.ConcurrentHashMap@2dec3fec
      config = class com.ibm.ws.classloading.internal.ClassLoaderConfigurationImpl@43798c70
      privateLibraries = null
      delegateLoaders = class com.ibm.ws.classloading.internal.util.CompositeIterable@3c4dd0bf
      nativeLibraryFiles = class java.util.ArrayList@ade457a
      transformers = class java.util.ArrayList@46811892
      apiAccess = class com.ibm.ws.classloading.internal.GatewayClassLoader@452bf025
      generator = class com.ibm.ws.classloading.internal.ClassGeneratorManager@4169a468
      protectionDomains = class java.util.concurrent.ConcurrentHashMap@4914163e
      parent = class com.ibm.ws.classloading.internal.GatewayClassLoader@452bf025
      hook = null
      serialVersionUID = 8734164900246230615
      tc = class com.ibm.websphere.ras.TraceComponent@56f1ad1f
      smartClassPath = class com.ibm.ws.classloading.internal.ContainerClassLoader$SmartClassPathImpl@1b0eff8b
      nativeLibraryContainers = class java.util.ArrayList@63838c05
      redefiner = class com.ibm.ws.classloading.internal.util.ClassRedefiner@5fb62bf
      jarProtocol = "wsjar:"
      mapCreationQueue = class java.util.concurrent.Executors$FinalizableDelegatedExecutorService@2d085d6f
      serialVersionUID = 6399598832433768509
      serialVersionUID = 1837293532091806117
      $$$tc$$$ = class com.ibm.websphere.ras.TraceComponent@d0ce400
      serialVersionUID = -4586727107834513475
      $$$tc$$$ = class com.ibm.websphere.ras.TraceComponent@451aa0b5
      serialVersionUID = -7709588811276454856
      $$$tc$$$ = class com.ibm.websphere.ras.TraceComponent@7b055e74
      initialized = true
      pdcache = class java.util.HashMap@44441b16
      debug = null
      parent = class com.ibm.ws.classloading.internal.GatewayClassLoader@452bf025
      parallelLockMap = class java.util.concurrent.ConcurrentHashMap@285a56b2
      package2certs = class java.util.concurrent.ConcurrentHashMap@57461418
      nocerts = class java.security.cert.Certificate[0]
      classes = class java.util.Vector@38cac8ba
      defaultDomain = class java.security.ProtectionDomain@5cb2e81e
      packages = class java.util.HashMap@26a7cafc
      scl = class sun.misc.Launcher$AppClassLoader@4e0e2f2a
      sclSet = true
      loadedLibraryNames = class java.util.Vector@2d5e625d
      systemNativeLibraries = class java.util.Vector@502f2d4c
      nativeLibraries = class java.util.Vector@41a6ece4
      nativeLibraryContext = class java.util.Stack@5d828574
      usr_paths = class java.lang.String[5]
      sys_paths = class java.lang.String[1]
      assertionLock = class java.lang.Object@2fc77372
      defaultAssertionStatus = false
      packageAssertionStatus = null
      classAssertionStatus = null
    clSvc = class com.ibm.ws.classloading.internal.ClassLoadingServiceImpl@70c6a7d7
      tc = class com.ibm.websphere.ras.TraceComponent@1bd10e36
      leakDetectionMap = class java.util.HashMap@4bc2dddd
      appClassLoaders = class java.util.Collections$SetFromMap@69dfb8c6
      TCCL_LOCK_WAIT = 15000
      REFERENCE_GENERATORS = "generators"
      bundleContext = class org.eclipse.osgi.internal.framework.BundleContextImpl@32ab7c41
      aclStore = class com.ibm.ws.classloading.internal.util.CanonicalStore@25be54d9
      tcclStore = class com.ibm.ws.classloading.internal.util.CanonicalStore@1b486fa4
      tcclStoreLock = class java.util.concurrent.locks.ReentrantLock@46396525
      digraph = class org.eclipse.equinox.internal.region.StandardRegionDigraph@52b4ecac
      redefiner = class com.ibm.ws.classloading.internal.util.ClassRedefiner@5fb62bf
      listener = class com.ibm.ws.classloading.internal.ClassLoadingServiceImpl$1@5d1618eb
      classloaders = class java.util.Collections$SynchronizedMap@500b5e21
      resourceProviders = class com.ibm.ws.classloading.internal.CompositeResourceProvider@252f1900
      rememberedBundles = class java.util.concurrent.ConcurrentHashMap@7b1f6980
      collectedBundles = class java.lang.ref.ReferenceQueue@16a3e748
      generatorRefs = class com.ibm.wsspi.kernel.service.utils.ConcurrentServiceReferenceSet@1cd359eb
      generatorManager = class com.ibm.ws.classloading.internal.ClassGeneratorManager@4169a468
      appExtLibs = class java.util.concurrent.CopyOnWriteArrayList@413a96ac
      globalConfig = class com.ibm.ws.classloading.configuration.GlobalClassloadingConfiguration@482aa064
      metaInfServicesProviders = class java.util.concurrent.ConcurrentHashMap@4eb0a48b
      metaInfServicesRefs = class com.ibm.wsspi.kernel.service.utils.ConcurrentServiceReferenceMap@42f603d1
      protectionDomainMap = class java.util.HashMap@57ec72d5
      metadataIdentifierService = class com.ibm.ws.container.service.metadata.internal.MetaDataServiceImpl@4a58c1cc
      globalSharedLibrary = class java.util.concurrent.atomic.AtomicReference@107a0f0
      serialVersionUID = 4365026902615131286
    serialVersionUID = 846416563800781557
    tc = class com.ibm.websphere.ras.TraceComponent@1c10da7e
      strings[0] = "TraceComponent[com.ibm.ws.classloading.internal.UnifiedClassLoader,class com.ibm.ws.classloading.internal.UnifiedClassLoader,[ClassLoadingService],com.ibm.ws.classloading.internal.resources.ClassLoadingServiceMessages,null]"
    followOnClassLoaders = class java.util.ArrayList@65cf00cf
      serialVersionUID = 8683452581122892189
      DEFAULT_CAPACITY = 10
      EMPTY_ELEMENTDATA = class java.lang.Object[0]
      DEFAULTCAPACITY_EMPTY_ELEMENTDATA = class java.lang.Object[0]
      elementData = class java.lang.Object[10]
      size = 1
      MAX_ARRAY_SIZE = 2147483639
      modCount = 1
      MAX_ARRAY_SIZE = 2147483639
    serialVersionUID = 8829649920524275888
    serialVersionUID = -4586727107834513475
    $$$tc$$$ = class com.ibm.websphere.ras.TraceComponent@451aa0b5
      strings[0] = "TraceComponent[com.ibm.ws.classloading.internal.LibertyLoader,class com.ibm.ws.classloading.internal.LibertyLoader,[ClassLoadingService],com.ibm.ws.classloading.internal.resources.ClassLoadingServiceMessages,null]"
    serialVersionUID = -7709588811276454856
    $$$tc$$$ = class com.ibm.websphere.ras.TraceComponent@7b055e74
      strings[0] = "TraceComponent[com.ibm.ws.classloading.LibertyClassLoader,class com.ibm.ws.classloading.LibertyClassLoader,[ClassLoadingService],com.ibm.ws.classloading.internal.resources.ClassLoadingServiceMessages,null]"
    initialized = true
    pdcache = class java.util.HashMap@5a7b3d8a
      serialVersionUID = 362498820763181265
      DEFAULT_INITIAL_CAPACITY = 16
      MAXIMUM_CAPACITY = 1073741824
      DEFAULT_LOAD_FACTOR = 0.75
      TREEIFY_THRESHOLD = 8
      UNTREEIFY_THRESHOLD = 6
      MIN_TREEIFY_CAPACITY = 64
      table = null
      entrySet = null
      size = 0
      modCount = 0
      threshold = 16
      loadFactor = 0.75
      keySet = null
      values = null
    debug = null
    parent = class com.ibm.ws.classloading.internal.GatewayClassLoader@7941f233
      config = class com.ibm.ws.classloading.internal.GatewayConfigurationImpl@3f5cd33
      wiringMonitor = class com.ibm.ws.classloading.internal.GatewayClassLoader$1@5edc1b59
      bundle = class org.eclipse.osgi.internal.framework.EquinoxBundle@f23f563
      wiring = class org.eclipse.osgi.container.ModuleWiring@58b2ee5b
      bundleLoader = class org.eclipse.osgi.internal.loader.EquinoxClassLoader@561b478d
      resourceProviders = class com.ibm.ws.classloading.internal.CompositeResourceProvider@252f1900
      serialVersionUID = -4256474098847905153
      $$$tc$$$ = class com.ibm.websphere.ras.TraceComponent@28e8f5aa
      parent = class sun.misc.Launcher$AppClassLoader@4e0e2f2a
      parallelLockMap = null
      package2certs = class java.util.Hashtable@7baa9428
      nocerts = class java.security.cert.Certificate[0]
      classes = class java.util.Vector@45925ed7
      defaultDomain = class java.security.ProtectionDomain@a9db008
      packages = class java.util.HashMap@6b6b9f9
      scl = class sun.misc.Launcher$AppClassLoader@4e0e2f2a
      sclSet = true
      loadedLibraryNames = class java.util.Vector@2d5e625d
      systemNativeLibraries = class java.util.Vector@502f2d4c
      nativeLibraries = class java.util.Vector@291266d3
      nativeLibraryContext = class java.util.Stack@5d828574
      usr_paths = class java.lang.String[5]
      sys_paths = class java.lang.String[1]
      assertionLock = class com.ibm.ws.classloading.internal.GatewayClassLoader@7941f233
      defaultAssertionStatus = false
      packageAssertionStatus = null
      classAssertionStatus = null
    parallelLockMap = class java.util.concurrent.ConcurrentHashMap@5c5678b4
      serialVersionUID = 7249069246763182397
      MAXIMUM_CAPACITY = 1073741824
      DEFAULT_CAPACITY = 16
      MAX_ARRAY_SIZE = 2147483639
      DEFAULT_CONCURRENCY_LEVEL = 16
      LOAD_FACTOR = 0.75
      TREEIFY_THRESHOLD = 8
      UNTREEIFY_THRESHOLD = 6
      MIN_TREEIFY_CAPACITY = 64
      MIN_TRANSFER_STRIDE = 16
      RESIZE_STAMP_BITS = 16
      MAX_RESIZERS = 65535
      RESIZE_STAMP_SHIFT = 16
      MOVED = -1
      TREEBIN = -2
      RESERVED = -3
      HASH_BITS = 2147483647
      NCPU = 12
      serialPersistentFields = class java.io.ObjectStreamField[3]
      table = class java.util.concurrent.ConcurrentHashMap$Node[16]
      nextTable = null
      baseCount = 1
      sizeCtl = 12
      transferIndex = 0
      cellsBusy = 0
      counterCells = null
      keySet = null
      values = null
      entrySet = null
      U = class sun.misc.Unsafe@3cce0c68
      SIZECTL = 20
      TRANSFERINDEX = 32
      BASECOUNT = 24
      CELLSBUSY = 36
      CELLVALUE = 144
      ABASE = 16
      ASHIFT = 2
      keySet = null
      values = null
    package2certs = class java.util.concurrent.ConcurrentHashMap@19eb84f6
      serialVersionUID = 7249069246763182397
      MAXIMUM_CAPACITY = 1073741824
      DEFAULT_CAPACITY = 16
      MAX_ARRAY_SIZE = 2147483639
      DEFAULT_CONCURRENCY_LEVEL = 16
      LOAD_FACTOR = 0.75
      TREEIFY_THRESHOLD = 8
      UNTREEIFY_THRESHOLD = 6
      MIN_TREEIFY_CAPACITY = 64
      MIN_TRANSFER_STRIDE = 16
      RESIZE_STAMP_BITS = 16
      MAX_RESIZERS = 65535
      RESIZE_STAMP_SHIFT = 16
      MOVED = -1
      TREEBIN = -2
      RESERVED = -3
      HASH_BITS = 2147483647
      NCPU = 12
      serialPersistentFields = class java.io.ObjectStreamField[3]
      table = null
      nextTable = null
      baseCount = 0
      sizeCtl = 0
      transferIndex = 0
      cellsBusy = 0
      counterCells = null
      keySet = null
      values = null
      entrySet = null
      U = class sun.misc.Unsafe@3cce0c68
      SIZECTL = 20
      TRANSFERINDEX = 32
      BASECOUNT = 24
      CELLSBUSY = 36
      CELLVALUE = 144
      ABASE = 16
      ASHIFT = 2
      keySet = null
      values = null
    nocerts = class java.security.cert.Certificate[0]
    classes = class java.util.Vector@4bf267c
      elementData = class java.lang.Object[10]
      elementCount = 0
      capacityIncrement = 0
      serialVersionUID = -2767605614048989439
      MAX_ARRAY_SIZE = 2147483639
      modCount = 0
      MAX_ARRAY_SIZE = 2147483639
    defaultDomain = class java.security.ProtectionDomain@7abdc0c
      codesource = class java.security.CodeSource@7c965ac5
      classloader = class com.ibm.ws.classloading.internal.ThreadContextClassLoader@13d9fec6
      principals = interface java.security.Principal[0]
      permissions = null
      hasAllPerm = false
      staticPermissions = false
      key = class java.security.ProtectionDomain$Key@a21487f
      debug = null
    packages = class java.util.HashMap@68578795
      serialVersionUID = 362498820763181265
      DEFAULT_INITIAL_CAPACITY = 16
      MAXIMUM_CAPACITY = 1073741824
      DEFAULT_LOAD_FACTOR = 0.75
      TREEIFY_THRESHOLD = 8
      UNTREEIFY_THRESHOLD = 6
      MIN_TREEIFY_CAPACITY = 64
      table = null
      entrySet = null
      size = 0
      modCount = 0
      threshold = 0
      loadFactor = 0.75
      keySet = null
      values = null
    scl = class sun.misc.Launcher$AppClassLoader@4e0e2f2a
      ucp = class sun.misc.URLClassPath@77ecb3a1
      $assertionsDisabled = true
      ucp = class sun.misc.URLClassPath@77ecb3a1
      acc = class java.security.AccessControlContext@3d29c907
      closeables = class java.util.WeakHashMap@7ee36e87
      initialized = true
      pdcache = class java.util.HashMap@70c319f1
      debug = null
      parent = class sun.misc.Launcher$ExtClassLoader@6220ddf3
      parallelLockMap = class java.util.concurrent.ConcurrentHashMap@11b25141
      package2certs = class java.util.concurrent.ConcurrentHashMap@74c092a6
      nocerts = class java.security.cert.Certificate[0]
      classes = class java.util.Vector@1ca4115e
      defaultDomain = class java.security.ProtectionDomain@788f887c
      packages = class java.util.HashMap@7b34e675
      scl = class sun.misc.Launcher$AppClassLoader@4e0e2f2a
      sclSet = true
      loadedLibraryNames = class java.util.Vector@2d5e625d
      systemNativeLibraries = class java.util.Vector@502f2d4c
      nativeLibraries = class java.util.Vector@b910e17
      nativeLibraryContext = class java.util.Stack@5d828574
      usr_paths = class java.lang.String[5]
      sys_paths = class java.lang.String[1]
      assertionLock = class java.lang.Object@3703c0da
      defaultAssertionStatus = false
      packageAssertionStatus = null
      classAssertionStatus = null
    sclSet = true
    loadedLibraryNames = class java.util.Vector@2d5e625d
      elementData = class java.lang.Object[10]
      elementCount = 5
      capacityIncrement = 0
      serialVersionUID = -2767605614048989439
      MAX_ARRAY_SIZE = 2147483639
      modCount = 5
      MAX_ARRAY_SIZE = 2147483639
    systemNativeLibraries = class java.util.Vector@502f2d4c
      elementData = class java.lang.Object[10]
      elementCount = 5
      capacityIncrement = 0
      serialVersionUID = -2767605614048989439
      MAX_ARRAY_SIZE = 2147483639
      modCount = 5
      MAX_ARRAY_SIZE = 2147483639
    nativeLibraries = class java.util.Vector@9bdc0f9
      elementData = class java.lang.Object[10]
      elementCount = 0
      capacityIncrement = 0
      serialVersionUID = -2767605614048989439
      MAX_ARRAY_SIZE = 2147483639
      modCount = 0
      MAX_ARRAY_SIZE = 2147483639
    nativeLibraryContext = class java.util.Stack@5d828574
      serialVersionUID = 1224463164541339165
      elementData = class java.lang.Object[10]
      elementCount = 0
      capacityIncrement = 0
      serialVersionUID = -2767605614048989439
      MAX_ARRAY_SIZE = 2147483639
      modCount = 10
      MAX_ARRAY_SIZE = 2147483639
    usr_paths = class java.lang.String[5]
      String[0] = "/usr/java/packages/lib/amd64"
      String[1] = "/usr/lib64"
      String[2] = "/lib64"
      String[3] = "/lib"
      String[4] = "/usr/lib"
    sys_paths = class java.lang.String[1]
      String[0] = "/home/sseighma/.sdkman/candidates/java/8.0.265-open/jre/lib/amd64"
    assertionLock = class java.lang.Object@4da1e7de
    defaultAssertionStatus = false
    packageAssertionStatus = null
    classAssertionStatus = null
  val$servletName = "jersey"
  this$0 = class com.ibm.ws.webcontainer.osgi.servlet.ServletWrapper@2f6a8d97
    serialVersionUID = 1
    _mo = null
    serialVersionUID = -4479626085298397598
    notifyInvocationListeners = false
    UNINITIALIZED_STATE = -1
    AVAILABLE_STATE = 0
    UNAVAILABLE_STATE = 1
    UNAVAILABLE_PERMANENTLY_STATE = 2
    collabHelper = class com.ibm.ws.webcontainer.osgi.collaborator.CollaboratorHelperImpl@49aa0c57
      webAppInvCollabs = class java.util.Collections$UnmodifiableSet@2e0a0545
      securityDomainForApp = null
      logger = class com.ibm.ws.logging.internal.WsLogger@2db58d25
      staticDefaultSecurityCollaborator = class com.ibm.ws.webcontainer.collaborator.WebAppSecurityCollaborator@55fa9d25
      logger = class com.ibm.ws.logging.internal.WsLogger@4fd8215a
      CLASS_NAME = "com.ibm.wsspi.webcontainer.collaborator.CollaboratorHelper"
      webApp = class com.ibm.ws.webcontainer40.osgi.webapp.WebApp40@1fbe286b
      securityCollaborator = null
      nameSpaceCollaborator = class com.ibm.ws.webcontainer.osgi.collaborator.WebAppNameSpaceCollaboratorImpl@1327cdf1
      transactionCollaborator = class com.ibm.ws.webcontainer.collaborator.WebAppTransactionCollaborator@7d34528e
      connectionCollaborator = class com.ibm.ws.webcontainer.collaborator.ConnectionCollaborator@318625c9
      allCollabEnum = class java.util.RegularEnumSet@30948569
      servlet_23_or_greater = true
      DEFER_SERVLET_REQUEST_LISTENER_DESTROY_ON_ERROR = false
    nServicing = class java.util.concurrent.atomic.AtomicInteger@f82986e
      serialVersionUID = 6214790243416807050
      unsafe = class sun.misc.Unsafe@3cce0c68
      valueOffset = 12
      value = 0
      serialVersionUID = -8742448824652078965
    lastAccessTime = 1608756393119
    state = -1
    logger = class com.ibm.ws.logging.internal.WsLogger@4fea2a83
      ivCachedResourceBundleName = null
      ivCachedResourceBundle = null
      ivComponent = null
      ivOrganization = null
      ivProduct = null
      ivMinimumLocalizationLevelIntValue = 625
      ivTC = class com.ibm.websphere.ras.TraceComponent@3ef73f22
      loggerRegistrationComponent = class java.lang.ThreadLocal@ee39317
      emptyHandlers = class java.util.logging.Handler[0]
      offValue = 2147483647
      SYSTEM_LOGGER_RB_NAME = "sun.util.logging.resources.logging"
      SYSTEM_BUNDLE = class java.util.logging.Logger$LoggerBundle@400f7aae
      NO_RESOURCE_BUNDLE = class java.util.logging.Logger$LoggerBundle@118218b3
      manager = class com.ibm.ws.kernel.boot.logging.WsLogManager@36b4abf
      name = "com.ibm.ws.webcontainer.servlet"
      handlers = class java.util.concurrent.CopyOnWriteArrayList@2ea864fe
      loggerBundle = class java.util.logging.Logger$LoggerBundle@1549b18f
      useParentHandlers = true
      filter = null
      anonymous = false
      catalog = class com.ibm.ws.webcontainer.resources.Messages@140f7415
      catalogName = "com.ibm.ws.webcontainer.resources.Messages"
      catalogLocale = class java.util.Locale@4de8fa99
      treeLock = class java.lang.Object@200af84e
      parent = class com.ibm.ws.logging.internal.WsLogger@7897e009
      kids = null
      levelObject = class java.util.logging.Level@17578cd2
      levelValue = 800
      callersClassLoaderRef = class java.lang.ref.WeakReference@1de19093
      isSystemLogger = false
      GLOBAL_LOGGER_NAME = "global"
      global = class java.util.logging.Logger@1760b425
      $assertionsDisabled = true
    CLASS_NAME = "com.ibm.ws.webcontainer.servlet.ServletWrapper"
    nls = class com.ibm.ejs.ras.TraceNLS@1db5fe34
      resolver = class com.ibm.ws.logging.internal.TraceNLSResolver@a5b761
      finder = null
      ivBundleName = "com.ibm.ws.webcontainer.resources.Messages"
      caller = class java.lang.Class@3e8d801a
    servletConfig = class com.ibm.ws.webcontainer.servlet.ServletConfig@4649161
      logger = class com.ibm.ws.logging.internal.WsLogger@4fea2a83
      CLASS_NAME = "com.ibm.ws.webcontainer.servlet.ServletConfig"
      nls = class com.ibm.ejs.ras.TraceNLS@5f03986b
      liberty_nls = class com.ibm.ejs.ras.TraceNLS@70b18e7f
      enabled = true
      servletName = "jersey"
      className = "org.glassfish.jersey.spi.container.servlet.ServletContainer"
      mappings = class java.util.ArrayList@1590dea3
      startUpWeight = 1
      DEFAULT_STARTUP = -1
      isCachingEnabled = true
      isStatisticsEnabled = true
      isInternal = false
      metaData = class com.ibm.ws.webcontainer.osgi.metadata.WebComponentMetaDataImpl@63d33913
      singleThreadModelServlet = false
      isJsp = false
      webAppConfig = class com.ibm.ws.webcontainer.osgi.webapp.WebAppConfiguration@20d035c2
      servletWrapper = class com.ibm.ws.webcontainer.osgi.servlet.ServletWrapper@2f6a8d97
      servletClass = null
      servlet = null
      addedToLoadOnStartup = true
      previousWeight = null
      multipartConfig = null
      multipartConfigBaseLocation = null
      runAsRole = null
      servletSecurityElement = null
      declareRolesAnnotation = null
      logger = class com.ibm.ws.logging.internal.WsLogger@4fea2a83
      CLASS_NAME = "com.ibm.ws.webcontainer.servlet.TargetConfig"
      initParams = class java.util.HashMap@4f182d39
      fileName = null
      displayName = null
      name = "jersey"
      description = null
      smallIcon = null
      largeIcon = null
      context = class com.ibm.ws.webcontainer40.facade.ServletContextFacade40@35f98e68
      className = null
      asyncSupported = false
      _id = "ServletGeneratedId1"
      _attributes = null
      serialVersionUID = 7511545662945734886
      $$$tc$$$ = class com.ibm.websphere.ras.TraceComponent@40099794
    context = class com.ibm.ws.webcontainer40.osgi.webapp.WebApp40@1fbe286b
      tc = class com.ibm.websphere.ras.TraceComponent@4eb1fc77
      servlet40NLS = class com.ibm.ejs.ras.TraceNLS@4b099271
      CLASS_NAME = "com.ibm.ws.webcontainer40.osgi.webapp.WebApp40"
      defaultSessionTimeout = 30
      tc = class com.ibm.websphere.ras.TraceComponent@2160a2ca
      CLASS_NAME = "com.ibm.ws.webcontainer31.osgi.webapp.WebApp31"
      servlet31NLS = class com.ibm.ejs.ras.TraceNLS@31545d73
      validListenerClasses = class java.lang.Class[7]
      wsocServHandler = null
      tc = class com.ibm.websphere.ras.TraceComponent@32061644
      CLASS_NAME = "com.ibm.ws.webcontainer.osgi.webapp.WebApp"
      metaDataService = class com.ibm.ws.container.service.metadata.internal.MetaDataServiceImpl@4a58c1cc
      namespacePopulated = false
      referenceContext = class com.ibm.ws.injectionengine.osgi.internal.OSGiReferenceContextImpl@7c194e13
      j2eeNameFactory = class com.ibm.ws.container.service.metadata.internal.J2EENameFactoryImpl@34bd84a6
      moduleLoader = class com.ibm.ws.classloading.internal.AppClassLoader@7d636986
      webAppConfig = class com.ibm.ws.webcontainer.osgi.webapp.WebAppConfiguration@20d035c2
      extensionProcessingDisabled = false
      managedObjectService = class com.ibm.ws.managedobject.internal.ManagedObjectServiceImpl@2791f887
      internalServletMetaData = interface com.ibm.wsspi.webcontainer.metadata.WebComponentMetaData[2]
      loginProcessor = null
      logoutProcessor = null
      collabHelper = class com.ibm.ws.webcontainer.osgi.collaborator.CollaboratorHelperImpl@49aa0c57
      envObject = class com.ibm.ws.util.WSThreadLocal@23e2c6c7
      orderedLibPaths = class java.util.Collections$UnmodifiableRandomAccessList@3e7a2566
      perm = class com.ibm.websphere.security.WebSphereRuntimePermission@5b087bf
      WELCOME_FILE_LIST = "com.ibm.ws.webcontainer.config.WelcomeFileList"
      DIR_BROWSING_MAPPING = "__dirBrowsing__1608756392995"
      FILTER_PROXY_MAPPING = "/__filterProxy__1608756392995"
      logger = class com.ibm.ws.logging.internal.WsLogger@776cb8e4
      CLASS_NAME = "com.ibm.ws.webcontainer.webapp.WebApp"
      loader = class com.ibm.ws.classloading.internal.ThreadContextClassLoader@13d9fec6
      facade = class com.ibm.ws.webcontainer40.facade.ServletContextFacade40@35f98e68
      features = class java.util.ArrayList@428d9c30
      applicationName = "GraalVMJAXRSDemo"
      config = class com.ibm.ws.webcontainer.osgi.webapp.WebAppConfiguration@20d035c2
      securityEnabledForApp = null
      webExtensionProcessor = class com.ibm.ws.webcontainer.osgi.extension.WebExtensionProcessor@2db3d012
      production = true
      isServlet23 = true
      contextPath = "/LibertyProject"
      internalServletList = class [Ljava.lang.String;[2]
      BY_NAME_ONLY = "/_1608756392996_/"
      filterManager = null
      documentRoot = null
      SERVLET_API_VERSION = "Servlet 2.5"
      disableServletAuditLogging = -1
      serverInfo = "IBM WebSphere Liberty/20.0.0.12"
      sessionCtx = class com.ibm.ws.webcontainer31.session.impl.HttpSessionContext31Impl@3e86119f
      eventSource = class com.ibm.ws.webcontainer.webapp.WebAppEventSource@11ea72d
      nls = class com.ibm.ejs.ras.TraceNLS@10c46663
      liberty_nls = class com.ibm.ejs.ras.TraceNLS@23441729
      error_nls = class com.ibm.ejs.ras.TraceNLS@76950022
      sessionListeners = class java.util.ArrayList@7891ed86
      sessionIdListeners = class java.util.ArrayList@4b556b89
      sessionAttrListeners = class java.util.ArrayList@482bc095
      addedSessionListeners = class java.util.ArrayList@16615da2
      addedSessionAttrListeners = class java.util.ArrayList@616b7f35
      servletContextListeners = class java.util.ArrayList@18249b2
      servletContextLAttrListeners = class java.util.ArrayList@173b0e7f
      servletRequestListeners = class java.util.ArrayList@babdd77
      servletRequestLAttrListeners = class java.util.ArrayList@318389e0
      prependSlashToResource = false
      destroyed = false
      webAppNameSpaceCollab = class com.ibm.ws.webcontainer.osgi.collaborator.WebAppNameSpaceCollaboratorImpl@1327cdf1
      txCollab = class com.ibm.ws.webcontainer.collaborator.WebAppTransactionCollaborator@7d34528e
      sessionActivationListeners = class java.util.ArrayList@225f99bb
      sessionBindingListeners = class java.util.ArrayList@6d582379
      scratchdir = null
      jspClassLoaderLimit = 0
      jspClassLoaderExclusionList = null
      jspClassLoadersMap = null
      jspClassLoaderLimitTrackIF = false
      defaultExtProc = null
      directoryBrowsingServlet = null
      cdiContexts = class java.util.concurrent.ConcurrentHashMap@38cd0bc0
      moduleConfig = class com.ibm.ws.webcontainer.osgi.container.DeployedModule@152c59b0
      extensionFactories = class java.util.ArrayList@4b6098ef
      initialized = false
      lock = class com.ibm.ws.webcontainer.webapp.WebApp$1@678f3911
      afterServletContextCreated = false
      redirectContextRoot = false
      errorExceptionTypeFirst = false
      initFilterBeforeServletInit = false
      SET_400_SC_ON_TOO_MANY_PARENT_DIRS = false
      sortedServletConfigs = class java.util.ArrayList@37ccbd2b
      effectiveMajorVersion = 2
      effectiveMinorVersion = 4
      canAddServletContextListener = true
      withinContextInitOfProgAddListener = false
      lastProgAddListenerInitialized = null
      webInfLibClassloader = null
      metaInfCache = class com.ibm.ws.webcontainer.webapp.WebApp$2@40da83bb
      useMetaInfCache = true
      SUN_CONFIGURE_LISTENER_CLASSNAME = "com.sun.faces.config.ConfigureListener"
      MYFACES_LIFECYCLE_LISTENER_CLASSNAME = "org.apache.myfaces.webapp.StartupServletContextListener"
      JSF_IMPL_ENABLED_PARAM = "com.ibm.ws.jsf.JSF_IMPL_ENABLED"
      JSF_IMPL_ENABLED_CUSTOM = "Custom"
      JSF_IMPL_ENABLED_NONE = "None"
      staticDocRoot = class com.ibm.ws.webcontainer.util.DocumentRootUtils@f32dcaf
      jspDocRoot = class com.ibm.ws.webcontainer.util.DocumentRootUtils@11eb3be9
      container = class com.ibm.ws.adaptable.module.internal.AdaptableContainerImpl@5d12e0e
      metaInfResourceFinder = class com.ibm.ws.webcontainer.util.MetaInfResourceFinder@439cf91a
      postConstructMethods = class com.ibm.ws.webcontainer.webapp.WebApp$AnnotatedMethods@574f6d89
      preDestroyMethods = class com.ibm.ws.webcontainer.webapp.WebApp$AnnotatedMethods@4e81146b
      OBJ_EMPTY = class java.lang.Object[0]
      CLASS_EMPTY = class java.lang.Class[0]
      DEFAULT_JSP_EXTENSIONS = class java.util.ArrayList@6fd5a21
      DEFER_SERVLET_REQUEST_LISTENER_DESTROY_ON_ERROR = false
      DO_ACCEPT_PARTIAL = true
      DO_NOT_ACCEPT_PARTIAL = false
      DO_ACCEPT_EXCLUDED = true
      DO_NOT_ACCEPT_EXCLUDED = false
      commands = class java.util.ArrayList@e023520
      requestMapper = class com.ibm.wsspi.webcontainer.util.URIMapper@48664ac7
      parent = class com.ibm.ws.webcontainer.osgi.webapp.WebGroup@24a62db8
      name = "GraalVMJAXRSDemo"
      isAlive = true
      subElements = null
      attributes = class java.util.concurrent.ConcurrentHashMap@706ad650
      config = null
      serialVersionUID = -8271459000149267764
      $$$tc$$$ = class com.ibm.websphere.ras.TraceComponent@1a7021f2
    target = null
    cacheWrappers = null
    targetLoader = class com.ibm.ws.classloading.internal.ThreadContextClassLoader@13d9fec6
    evtSource = class com.ibm.ws.webcontainer.webapp.WebAppEventSource@11ea72d
      _invocationListeners = class com.ibm.ws.webcontainer.util.EventListeners@19db03fc
      _servletListeners = class com.ibm.ws.webcontainer.util.EventListeners@2a11084f
      _errorListeners = class com.ibm.ws.webcontainer.util.EventListeners@100fc720
      _applicationListeners = class com.ibm.ws.webcontainer.util.EventListeners@61518b10
      _filterInvocationListeners = class com.ibm.ws.webcontainer.util.EventListeners@2054a025
      _filterListeners = class com.ibm.ws.webcontainer.util.EventListeners@2259710
      _filterErrorListeners = class com.ibm.ws.webcontainer.util.EventListeners@6cfd76b3
    event = null
    unavailableMessage = null
    unavailableUntil = -1
    isSTM = false
    internalServlet = false
    webAppInvocationCollaborators = null
    platformHelper = class com.ibm.ws.webcontainer.PlatformHelper@3368bd64
    webAppNameSpaceCollab = class com.ibm.ws.webcontainer.osgi.collaborator.WebAppNameSpaceCollaboratorImpl@1327cdf1
      cmdai = class com.ibm.ws.threadContext.ComponentMetaDataAccessorImpl@1f7eade9
    txCollab = class com.ibm.ws.webcontainer.collaborator.WebAppTransactionCollaborator@7d34528e
      logger = class com.ibm.ws.logging.internal.WsLogger@2db58d25
      CLASS_NAME = "com.ibm.ws.webcontainer.collaborator.WebAppTransactionCollaborator"
    suppressServletExceptionLogging = false
    throwExceptionEnum = class java.util.RegularEnumSet@9e7b5ca
      serialVersionUID = 3411599620347842686
      elements = 256
      elementType = class java.lang.Class@5aa65601
      universe = class com.ibm.wsspi.webcontainer.collaborator.CollaboratorInvocationEnum[9]
      ZERO_LENGTH_ENUM_ARRAY = class java.lang.Enum[0]
      MAX_ARRAY_SIZE = 2147483639
    discernUnavailableServlet = false
    reInitServletonInitUnavailableException = true
    destroyServletonServiceUnavailableException = false
    servlet23 = true
    PARAMS_HEAD_TRACE = class java.lang.Class[2]
      Class[0] = class java.lang.Class@290688d
      Class[1] = class java.lang.Class@246ef6d9
    defaultHeadMethodInUse = false
    defaultTraceMethodInUse = false
    checkedForDefaultMethods = null
    defaultTraceRequestBehavior = false
    defaultHeadRequestBehavior = false
    useOriginalRequestState = false
    warningStatusSet = false
    LSTRING_FILE = "javax.servlet.LocalStrings"
    lStrings = class java.util.PropertyResourceBundle@d8820ab
      lookup = class java.util.HashMap@12328c68
      INITIAL_CACHE_SIZE = 32
      NONEXISTENT_BUNDLE = class java.util.ResourceBundle$1@27766e38
      cacheList = class java.util.concurrent.ConcurrentHashMap@2dd0645c
      referenceQueue = class java.lang.ref.ReferenceQueue@2b87ec42
      parent = null
      locale = class java.util.Locale@59d26bb0
      name = "javax.servlet.LocalStrings"
      expired = false
      cacheKey = class java.util.ResourceBundle$CacheKey@4d41d91c
      keySet = null
      providers = null
      $assertionsDisabled = true
    config = null

