------Start of DE processing------ = [12/23/20 14:51:36:739 EST]
Exception = java.lang.ClassNotFoundException
Source = com.ibm.ws.webcontainer.servlet.ServletWrapper.loadServlet
probeid = 208
Stack Dump = java.lang.ClassNotFoundException: com.sun.jersey.spi.container.servlet.ServletContainer
	at com.ibm.ws.classloading.internal.UnifiedClassLoader.findClass(UnifiedClassLoader.java:137)
	at com.ibm.ws.classloading.internal.ThreadContextClassLoader.findClass(ThreadContextClassLoader.java:141)
	at java.lang.ClassLoader.loadClass(ClassLoader.java:418)
	at com.ibm.ws.classloading.internal.UnifiedClassLoader.loadClass0(UnifiedClassLoader.java:116)
	at com.ibm.ws.classloading.internal.UnifiedClassLoader$Delegation.loadClass(UnifiedClassLoader.java:85)
	at com.ibm.ws.classloading.internal.UnifiedClassLoader.loadClass(UnifiedClassLoader.java:109)
	at com.ibm.ws.classloading.internal.ThreadContextClassLoader.loadClass(ThreadContextClassLoader.java:157)
	at java.lang.ClassLoader.loadClass(ClassLoader.java:351)
	at com.ibm.ws.webcontainer.servlet.ServletWrapper$1.run(ServletWrapper.java:1514)
	at java.security.AccessController.doPrivileged(Native Method)
	at com.ibm.ws.webcontainer.servlet.ServletWrapper.loadServlet(ServletWrapper.java:1483)
	at com.ibm.ws.webcontainer.servlet.ServletWrapper.loadOnStartupCheck(ServletWrapper.java:1361)
	at com.ibm.ws.webcontainer.webapp.WebApp.doLoadOnStartupActions(WebApp.java:1201)
	at com.ibm.ws.webcontainer.webapp.WebApp.commonInitializationFinally(WebApp.java:1169)
	at com.ibm.ws.webcontainer.webapp.WebApp.initialize(WebApp.java:1067)
	at com.ibm.ws.webcontainer.webapp.WebApp.initialize(WebApp.java:6683)
	at com.ibm.ws.webcontainer.osgi.DynamicVirtualHost.startWebApp(DynamicVirtualHost.java:470)
	at com.ibm.ws.webcontainer.osgi.DynamicVirtualHost.startWebApplication(DynamicVirtualHost.java:465)
	at com.ibm.ws.webcontainer.osgi.WebContainer.startWebApplication(WebContainer.java:1179)
	at com.ibm.ws.webcontainer.osgi.WebContainer.access$100(WebContainer.java:110)
	at com.ibm.ws.webcontainer.osgi.WebContainer$3.run(WebContainer.java:976)
	at com.ibm.ws.threading.internal.ExecutorServiceImpl$RunnableWrapper.run(ExecutorServiceImpl.java:239)
	at java.util.concurrent.Executors$RunnableAdapter.call(Executors.java:511)
	at java.util.concurrent.FutureTask.run(FutureTask.java:266)
	at java.util.concurrent.ThreadPoolExecutor.runWorker(ThreadPoolExecutor.java:1149)
	at java.util.concurrent.ThreadPoolExecutor$Worker.run(ThreadPoolExecutor.java:624)
	at java.lang.Thread.run(Thread.java:748)

Dump of callerThis
Object type = com.ibm.ws.webcontainer.servlet.ServletWrapper$1
  val$className = "com.sun.jersey.spi.container.servlet.ServletContainer"
  val$servletClass = null
  val$loader = class com.ibm.ws.classloading.internal.ThreadContextClassLoader@45a4bf71
    tc = class com.ibm.websphere.ras.TraceComponent@27e0f6c9
      strings[0] = "TraceComponent[com.ibm.ws.classloading.internal.ThreadContextClassLoader,class com.ibm.ws.classloading.internal.ThreadContextClassLoader,[ClassLoadingService],com.ibm.ws.classloading.internal.resources.ClassLoadingServiceMessages,null]"
    bundle = class java.util.concurrent.atomic.AtomicReference@b551e1e
      serialVersionUID = -1848883965231344442
      unsafe = class sun.misc.Unsafe@3fb691d3
      valueOffset = 12
      value = class org.eclipse.osgi.internal.framework.EquinoxBundle@5af2eefd
    key = "WebModule:GraalVMJAXRSDemo#GraalVMJAXRSDemo.war"
    refCount = class java.util.concurrent.atomic.AtomicInteger@d8c6737
      serialVersionUID = 6214790243416807050
      unsafe = class sun.misc.Unsafe@3fb691d3
      valueOffset = 12
      value = 2
      serialVersionUID = -8742448824652078965
    appLoader = class com.ibm.ws.classloading.internal.AppClassLoader@455da2af
      tc = class com.ibm.websphere.ras.TraceComponent@6829900f
      disableSharedClassesCache = false
      PARENT_FIRST_SEARCH_ORDER = class java.util.Collections$UnmodifiableRandomAccessList@3d9e2154
      packagesDefined = class java.util.Collections$SetFromMap@78c88c10
      CLASS_LOADING_TRACE_PREFIX = "com.ibm.ws.class.load."
      DEFAULT_PACKAGE = "default.package"
      perPackageClassLoadingTraceComponents = class java.util.concurrent.ConcurrentHashMap@7e76a929
      config = class com.ibm.ws.classloading.internal.ClassLoaderConfigurationImpl@28ff320c
      privateLibraries = null
      delegateLoaders = class com.ibm.ws.classloading.internal.util.CompositeIterable@64a722c6
      nativeLibraryFiles = class java.util.ArrayList@58339a4e
      transformers = class java.util.ArrayList@13475f80
      apiAccess = class com.ibm.ws.classloading.internal.GatewayClassLoader@5b0f09ff
      generator = class com.ibm.ws.classloading.internal.ClassGeneratorManager@4b2612a6
      protectionDomains = class java.util.concurrent.ConcurrentHashMap@42f970b6
      parent = class com.ibm.ws.classloading.internal.GatewayClassLoader@5b0f09ff
      hook = null
      serialVersionUID = 8734164900246230615
      tc = class com.ibm.websphere.ras.TraceComponent@32135215
      smartClassPath = class com.ibm.ws.classloading.internal.ContainerClassLoader$SmartClassPathImpl@1f95db3d
      nativeLibraryContainers = class java.util.ArrayList@5b30c36b
      redefiner = class com.ibm.ws.classloading.internal.util.ClassRedefiner@3f9ce0f6
      jarProtocol = "wsjar:"
      mapCreationQueue = class java.util.concurrent.Executors$FinalizableDelegatedExecutorService@72223cd2
      serialVersionUID = 6399598832433768509
      serialVersionUID = 1837293532091806117
      $$$tc$$$ = class com.ibm.websphere.ras.TraceComponent@65d430ad
      serialVersionUID = -4586727107834513475
      $$$tc$$$ = class com.ibm.websphere.ras.TraceComponent@548a383b
      serialVersionUID = -7709588811276454856
      $$$tc$$$ = class com.ibm.websphere.ras.TraceComponent@6fba746c
      initialized = true
      pdcache = class java.util.HashMap@7bd78ee0
      debug = null
      parent = class com.ibm.ws.classloading.internal.GatewayClassLoader@5b0f09ff
      parallelLockMap = class java.util.concurrent.ConcurrentHashMap@4aaaee94
      package2certs = class java.util.concurrent.ConcurrentHashMap@17dc4731
      nocerts = class java.security.cert.Certificate[0]
      classes = class java.util.Vector@747b3db4
      defaultDomain = class java.security.ProtectionDomain@339c0d55
      packages = class java.util.HashMap@2edf8bfc
      scl = class sun.misc.Launcher$AppClassLoader@4e0e2f2a
      sclSet = true
      loadedLibraryNames = class java.util.Vector@50a093d9
      systemNativeLibraries = class java.util.Vector@40ebb98e
      nativeLibraries = class java.util.Vector@5b4fa4d9
      nativeLibraryContext = class java.util.Stack@20e14cbe
      usr_paths = class java.lang.String[5]
      sys_paths = class java.lang.String[1]
      assertionLock = class java.lang.Object@76f4a499
      defaultAssertionStatus = false
      packageAssertionStatus = null
      classAssertionStatus = null
    clSvc = class com.ibm.ws.classloading.internal.ClassLoadingServiceImpl@65ad9ee3
      tc = class com.ibm.websphere.ras.TraceComponent@762b2bde
      leakDetectionMap = class java.util.HashMap@50227456
      appClassLoaders = class java.util.Collections$SetFromMap@2413f994
      TCCL_LOCK_WAIT = 15000
      REFERENCE_GENERATORS = "generators"
      bundleContext = class org.eclipse.osgi.internal.framework.BundleContextImpl@165288c8
      aclStore = class com.ibm.ws.classloading.internal.util.CanonicalStore@5638efbe
      tcclStore = class com.ibm.ws.classloading.internal.util.CanonicalStore@566f65b9
      tcclStoreLock = class java.util.concurrent.locks.ReentrantLock@152c3be6
      digraph = class org.eclipse.equinox.internal.region.StandardRegionDigraph@2ec8bf8e
      redefiner = class com.ibm.ws.classloading.internal.util.ClassRedefiner@3f9ce0f6
      listener = class com.ibm.ws.classloading.internal.ClassLoadingServiceImpl$1@12730811
      classloaders = class java.util.Collections$SynchronizedMap@66f4e2b2
      resourceProviders = class com.ibm.ws.classloading.internal.CompositeResourceProvider@dab052d
      rememberedBundles = class java.util.concurrent.ConcurrentHashMap@55e8df3e
      collectedBundles = class java.lang.ref.ReferenceQueue@5fd16612
      generatorRefs = class com.ibm.wsspi.kernel.service.utils.ConcurrentServiceReferenceSet@1e71fe28
      generatorManager = class com.ibm.ws.classloading.internal.ClassGeneratorManager@4b2612a6
      appExtLibs = class java.util.concurrent.CopyOnWriteArrayList@582435d3
      globalConfig = class com.ibm.ws.classloading.configuration.GlobalClassloadingConfiguration@c113933
      metaInfServicesProviders = class java.util.concurrent.ConcurrentHashMap@1d000627
      metaInfServicesRefs = class com.ibm.wsspi.kernel.service.utils.ConcurrentServiceReferenceMap@66488403
      protectionDomainMap = class java.util.HashMap@1f3bafb4
      metadataIdentifierService = class com.ibm.ws.container.service.metadata.internal.MetaDataServiceImpl@3f1bcbb4
      globalSharedLibrary = class java.util.concurrent.atomic.AtomicReference@1a66c5c1
      serialVersionUID = 4365026902615131286
    serialVersionUID = 846416563800781557
    tc = class com.ibm.websphere.ras.TraceComponent@2e7030bd
      strings[0] = "TraceComponent[com.ibm.ws.classloading.internal.UnifiedClassLoader,class com.ibm.ws.classloading.internal.UnifiedClassLoader,[ClassLoadingService],com.ibm.ws.classloading.internal.resources.ClassLoadingServiceMessages,null]"
    followOnClassLoaders = class java.util.ArrayList@128cafe4
      serialVersionUID = 8683452581122892189
      DEFAULT_CAPACITY = 10
      EMPTY_ELEMENTDATA = class java.lang.Object[0]
      DEFAULTCAPACITY_EMPTY_ELEMENTDATA = class java.lang.Object[0]
      elementData = class java.lang.Object[10]
      size = 1
      MAX_ARRAY_SIZE = 2147483639
      modCount = 1
      MAX_ARRAY_SIZE = 2147483639
    serialVersionUID = 8829649920524275888
    serialVersionUID = -4586727107834513475
    $$$tc$$$ = class com.ibm.websphere.ras.TraceComponent@548a383b
      strings[0] = "TraceComponent[com.ibm.ws.classloading.internal.LibertyLoader,class com.ibm.ws.classloading.internal.LibertyLoader,[ClassLoadingService],com.ibm.ws.classloading.internal.resources.ClassLoadingServiceMessages,null]"
    serialVersionUID = -7709588811276454856
    $$$tc$$$ = class com.ibm.websphere.ras.TraceComponent@6fba746c
      strings[0] = "TraceComponent[com.ibm.ws.classloading.LibertyClassLoader,class com.ibm.ws.classloading.LibertyClassLoader,[ClassLoadingService],com.ibm.ws.classloading.internal.resources.ClassLoadingServiceMessages,null]"
    initialized = true
    pdcache = class java.util.HashMap@310af645
      serialVersionUID = 362498820763181265
      DEFAULT_INITIAL_CAPACITY = 16
      MAXIMUM_CAPACITY = 1073741824
      DEFAULT_LOAD_FACTOR = 0.75
      TREEIFY_THRESHOLD = 8
      UNTREEIFY_THRESHOLD = 6
      MIN_TREEIFY_CAPACITY = 64
      table = null
      entrySet = null
      size = 0
      modCount = 0
      threshold = 16
      loadFactor = 0.75
      keySet = null
      values = null
    debug = null
    parent = class com.ibm.ws.classloading.internal.GatewayClassLoader@3dc5a0e
      config = class com.ibm.ws.classloading.internal.GatewayConfigurationImpl@331ffa7e
      wiringMonitor = class com.ibm.ws.classloading.internal.GatewayClassLoader$1@42d566cc
      bundle = class org.eclipse.osgi.internal.framework.EquinoxBundle@5af2eefd
      wiring = class org.eclipse.osgi.container.ModuleWiring@6c60c37d
      bundleLoader = class org.eclipse.osgi.internal.loader.EquinoxClassLoader@12b2ab93
      resourceProviders = class com.ibm.ws.classloading.internal.CompositeResourceProvider@dab052d
      serialVersionUID = -4256474098847905153
      $$$tc$$$ = class com.ibm.websphere.ras.TraceComponent@5587164f
      parent = class sun.misc.Launcher$AppClassLoader@4e0e2f2a
      parallelLockMap = null
      package2certs = class java.util.Hashtable@5e326fb1
      nocerts = class java.security.cert.Certificate[0]
      classes = class java.util.Vector@37b881bd
      defaultDomain = class java.security.ProtectionDomain@5d29d71c
      packages = class java.util.HashMap@5a401119
      scl = class sun.misc.Launcher$AppClassLoader@4e0e2f2a
      sclSet = true
      loadedLibraryNames = class java.util.Vector@50a093d9
      systemNativeLibraries = class java.util.Vector@40ebb98e
      nativeLibraries = class java.util.Vector@17c2b207
      nativeLibraryContext = class java.util.Stack@20e14cbe
      usr_paths = class java.lang.String[5]
      sys_paths = class java.lang.String[1]
      assertionLock = class com.ibm.ws.classloading.internal.GatewayClassLoader@3dc5a0e
      defaultAssertionStatus = false
      packageAssertionStatus = null
      classAssertionStatus = null
    parallelLockMap = class java.util.concurrent.ConcurrentHashMap@5fd18a8c
      serialVersionUID = 7249069246763182397
      MAXIMUM_CAPACITY = 1073741824
      DEFAULT_CAPACITY = 16
      MAX_ARRAY_SIZE = 2147483639
      DEFAULT_CONCURRENCY_LEVEL = 16
      LOAD_FACTOR = 0.75
      TREEIFY_THRESHOLD = 8
      UNTREEIFY_THRESHOLD = 6
      MIN_TREEIFY_CAPACITY = 64
      MIN_TRANSFER_STRIDE = 16
      RESIZE_STAMP_BITS = 16
      MAX_RESIZERS = 65535
      RESIZE_STAMP_SHIFT = 16
      MOVED = -1
      TREEBIN = -2
      RESERVED = -3
      HASH_BITS = 2147483647
      NCPU = 12
      serialPersistentFields = class java.io.ObjectStreamField[3]
      table = class java.util.concurrent.ConcurrentHashMap$Node[16]
      nextTable = null
      baseCount = 1
      sizeCtl = 12
      transferIndex = 0
      cellsBusy = 0
      counterCells = null
      keySet = null
      values = null
      entrySet = null
      U = class sun.misc.Unsafe@3fb691d3
      SIZECTL = 20
      TRANSFERINDEX = 32
      BASECOUNT = 24
      CELLSBUSY = 36
      CELLVALUE = 144
      ABASE = 16
      ASHIFT = 2
      keySet = null
      values = null
    package2certs = class java.util.concurrent.ConcurrentHashMap@56024d13
      serialVersionUID = 7249069246763182397
      MAXIMUM_CAPACITY = 1073741824
      DEFAULT_CAPACITY = 16
      MAX_ARRAY_SIZE = 2147483639
      DEFAULT_CONCURRENCY_LEVEL = 16
      LOAD_FACTOR = 0.75
      TREEIFY_THRESHOLD = 8
      UNTREEIFY_THRESHOLD = 6
      MIN_TREEIFY_CAPACITY = 64
      MIN_TRANSFER_STRIDE = 16
      RESIZE_STAMP_BITS = 16
      MAX_RESIZERS = 65535
      RESIZE_STAMP_SHIFT = 16
      MOVED = -1
      TREEBIN = -2
      RESERVED = -3
      HASH_BITS = 2147483647
      NCPU = 12
      serialPersistentFields = class java.io.ObjectStreamField[3]
      table = null
      nextTable = null
      baseCount = 0
      sizeCtl = 0
      transferIndex = 0
      cellsBusy = 0
      counterCells = null
      keySet = null
      values = null
      entrySet = null
      U = class sun.misc.Unsafe@3fb691d3
      SIZECTL = 20
      TRANSFERINDEX = 32
      BASECOUNT = 24
      CELLSBUSY = 36
      CELLVALUE = 144
      ABASE = 16
      ASHIFT = 2
      keySet = null
      values = null
    nocerts = class java.security.cert.Certificate[0]
    classes = class java.util.Vector@21063bb8
      elementData = class java.lang.Object[10]
      elementCount = 0
      capacityIncrement = 0
      serialVersionUID = -2767605614048989439
      MAX_ARRAY_SIZE = 2147483639
      modCount = 0
      MAX_ARRAY_SIZE = 2147483639
    defaultDomain = class java.security.ProtectionDomain@47584903
      codesource = class java.security.CodeSource@40a07741
      classloader = class com.ibm.ws.classloading.internal.ThreadContextClassLoader@45a4bf71
      principals = interface java.security.Principal[0]
      permissions = null
      hasAllPerm = false
      staticPermissions = false
      key = class java.security.ProtectionDomain$Key@4217a43d
      debug = null
    packages = class java.util.HashMap@148e2e8e
      serialVersionUID = 362498820763181265
      DEFAULT_INITIAL_CAPACITY = 16
      MAXIMUM_CAPACITY = 1073741824
      DEFAULT_LOAD_FACTOR = 0.75
      TREEIFY_THRESHOLD = 8
      UNTREEIFY_THRESHOLD = 6
      MIN_TREEIFY_CAPACITY = 64
      table = null
      entrySet = null
      size = 0
      modCount = 0
      threshold = 0
      loadFactor = 0.75
      keySet = null
      values = null
    scl = class sun.misc.Launcher$AppClassLoader@4e0e2f2a
      ucp = class sun.misc.URLClassPath@76231821
      $assertionsDisabled = true
      ucp = class sun.misc.URLClassPath@76231821
      acc = class java.security.AccessControlContext@58ac9710
      closeables = class java.util.WeakHashMap@2a99a7a7
      initialized = true
      pdcache = class java.util.HashMap@677d3cc5
      debug = null
      parent = class sun.misc.Launcher$ExtClassLoader@9f1c21b
      parallelLockMap = class java.util.concurrent.ConcurrentHashMap@3559c022
      package2certs = class java.util.concurrent.ConcurrentHashMap@521aedb1
      nocerts = class java.security.cert.Certificate[0]
      classes = class java.util.Vector@5c0f6823
      defaultDomain = class java.security.ProtectionDomain@5b6988a3
      packages = class java.util.HashMap@204a0b3c
      scl = class sun.misc.Launcher$AppClassLoader@4e0e2f2a
      sclSet = true
      loadedLibraryNames = class java.util.Vector@50a093d9
      systemNativeLibraries = class java.util.Vector@40ebb98e
      nativeLibraries = class java.util.Vector@25b81de1
      nativeLibraryContext = class java.util.Stack@20e14cbe
      usr_paths = class java.lang.String[5]
      sys_paths = class java.lang.String[1]
      assertionLock = class java.lang.Object@2513705
      defaultAssertionStatus = false
      packageAssertionStatus = null
      classAssertionStatus = null
    sclSet = true
    loadedLibraryNames = class java.util.Vector@50a093d9
      elementData = class java.lang.Object[10]
      elementCount = 5
      capacityIncrement = 0
      serialVersionUID = -2767605614048989439
      MAX_ARRAY_SIZE = 2147483639
      modCount = 5
      MAX_ARRAY_SIZE = 2147483639
    systemNativeLibraries = class java.util.Vector@40ebb98e
      elementData = class java.lang.Object[10]
      elementCount = 5
      capacityIncrement = 0
      serialVersionUID = -2767605614048989439
      MAX_ARRAY_SIZE = 2147483639
      modCount = 5
      MAX_ARRAY_SIZE = 2147483639
    nativeLibraries = class java.util.Vector@457ee0c1
      elementData = class java.lang.Object[10]
      elementCount = 0
      capacityIncrement = 0
      serialVersionUID = -2767605614048989439
      MAX_ARRAY_SIZE = 2147483639
      modCount = 0
      MAX_ARRAY_SIZE = 2147483639
    nativeLibraryContext = class java.util.Stack@20e14cbe
      serialVersionUID = 1224463164541339165
      elementData = class java.lang.Object[10]
      elementCount = 0
      capacityIncrement = 0
      serialVersionUID = -2767605614048989439
      MAX_ARRAY_SIZE = 2147483639
      modCount = 10
      MAX_ARRAY_SIZE = 2147483639
    usr_paths = class java.lang.String[5]
      String[0] = "/usr/java/packages/lib/amd64"
      String[1] = "/usr/lib64"
      String[2] = "/lib64"
      String[3] = "/lib"
      String[4] = "/usr/lib"
    sys_paths = class java.lang.String[1]
      String[0] = "/home/sseighma/.sdkman/candidates/java/8.0.265-open/jre/lib/amd64"
    assertionLock = class java.lang.Object@5bfb40f9
    defaultAssertionStatus = false
    packageAssertionStatus = null
    classAssertionStatus = null
  val$servletName = "jersey"
  this$0 = class com.ibm.ws.webcontainer.osgi.servlet.ServletWrapper@443952ed
    serialVersionUID = 1
    _mo = null
    serialVersionUID = -4479626085298397598
    notifyInvocationListeners = false
    UNINITIALIZED_STATE = -1
    AVAILABLE_STATE = 0
    UNAVAILABLE_STATE = 1
    UNAVAILABLE_PERMANENTLY_STATE = 2
    collabHelper = class com.ibm.ws.webcontainer.osgi.collaborator.CollaboratorHelperImpl@70e1b26e
      webAppInvCollabs = class java.util.Collections$UnmodifiableSet@25802df2
      securityDomainForApp = null
      logger = class com.ibm.ws.logging.internal.WsLogger@678470f9
      staticDefaultSecurityCollaborator = class com.ibm.ws.webcontainer.collaborator.WebAppSecurityCollaborator@4be0e905
      logger = class com.ibm.ws.logging.internal.WsLogger@3efc4e9d
      CLASS_NAME = "com.ibm.wsspi.webcontainer.collaborator.CollaboratorHelper"
      webApp = class com.ibm.ws.webcontainer40.osgi.webapp.WebApp40@1a17929b
      securityCollaborator = null
      nameSpaceCollaborator = class com.ibm.ws.webcontainer.osgi.collaborator.WebAppNameSpaceCollaboratorImpl@1808c14f
      transactionCollaborator = class com.ibm.ws.webcontainer.collaborator.WebAppTransactionCollaborator@3e2d1b9f
      connectionCollaborator = class com.ibm.ws.webcontainer.collaborator.ConnectionCollaborator@7a3be203
      allCollabEnum = class java.util.RegularEnumSet@365f8480
      servlet_23_or_greater = true
      DEFER_SERVLET_REQUEST_LISTENER_DESTROY_ON_ERROR = false
    nServicing = class java.util.concurrent.atomic.AtomicInteger@28da212
      serialVersionUID = 6214790243416807050
      unsafe = class sun.misc.Unsafe@3fb691d3
      valueOffset = 12
      value = 0
      serialVersionUID = -8742448824652078965
    lastAccessTime = 1608753096720
    state = -1
    logger = class com.ibm.ws.logging.internal.WsLogger@20a45775
      ivCachedResourceBundleName = null
      ivCachedResourceBundle = null
      ivComponent = null
      ivOrganization = null
      ivProduct = null
      ivMinimumLocalizationLevelIntValue = 625
      ivTC = class com.ibm.websphere.ras.TraceComponent@3cc808f8
      loggerRegistrationComponent = class java.lang.ThreadLocal@4862ca5d
      emptyHandlers = class java.util.logging.Handler[0]
      offValue = 2147483647
      SYSTEM_LOGGER_RB_NAME = "sun.util.logging.resources.logging"
      SYSTEM_BUNDLE = class java.util.logging.Logger$LoggerBundle@27ddf011
      NO_RESOURCE_BUNDLE = class java.util.logging.Logger$LoggerBundle@4ff037c
      manager = class com.ibm.ws.kernel.boot.logging.WsLogManager@5a91119c
      name = "com.ibm.ws.webcontainer.servlet"
      handlers = class java.util.concurrent.CopyOnWriteArrayList@57653134
      loggerBundle = class java.util.logging.Logger$LoggerBundle@1f700eb1
      useParentHandlers = true
      filter = null
      anonymous = false
      catalog = class com.ibm.ws.webcontainer.resources.Messages@63681ac0
      catalogName = "com.ibm.ws.webcontainer.resources.Messages"
      catalogLocale = class java.util.Locale@31a7fac0
      treeLock = class java.lang.Object@4fb59151
      parent = class com.ibm.ws.logging.internal.WsLogger@50af1b90
      kids = null
      levelObject = class java.util.logging.Level@7332b55f
      levelValue = 800
      callersClassLoaderRef = class java.lang.ref.WeakReference@7dcd3003
      isSystemLogger = false
      GLOBAL_LOGGER_NAME = "global"
      global = class java.util.logging.Logger@44ed4ecd
      $assertionsDisabled = true
    CLASS_NAME = "com.ibm.ws.webcontainer.servlet.ServletWrapper"
    nls = class com.ibm.ejs.ras.TraceNLS@8ea82b6
      resolver = class com.ibm.ws.logging.internal.TraceNLSResolver@fc281e
      finder = null
      ivBundleName = "com.ibm.ws.webcontainer.resources.Messages"
      caller = class java.lang.Class@65d9a7f0
    servletConfig = class com.ibm.ws.webcontainer.servlet.ServletConfig@75e53307
      logger = class com.ibm.ws.logging.internal.WsLogger@20a45775
      CLASS_NAME = "com.ibm.ws.webcontainer.servlet.ServletConfig"
      nls = class com.ibm.ejs.ras.TraceNLS@70eb3a92
      liberty_nls = class com.ibm.ejs.ras.TraceNLS@38d747b
      enabled = true
      servletName = "jersey"
      className = "com.sun.jersey.spi.container.servlet.ServletContainer"
      mappings = class java.util.ArrayList@a1237a3
      startUpWeight = 1
      DEFAULT_STARTUP = -1
      isCachingEnabled = true
      isStatisticsEnabled = true
      isInternal = false
      metaData = class com.ibm.ws.webcontainer.osgi.metadata.WebComponentMetaDataImpl@1ff59e93
      singleThreadModelServlet = false
      isJsp = false
      webAppConfig = class com.ibm.ws.webcontainer.osgi.webapp.WebAppConfiguration@192f0dec
      servletWrapper = class com.ibm.ws.webcontainer.osgi.servlet.ServletWrapper@443952ed
      servletClass = null
      servlet = null
      addedToLoadOnStartup = true
      previousWeight = null
      multipartConfig = null
      multipartConfigBaseLocation = null
      runAsRole = null
      servletSecurityElement = null
      declareRolesAnnotation = null
      logger = class com.ibm.ws.logging.internal.WsLogger@20a45775
      CLASS_NAME = "com.ibm.ws.webcontainer.servlet.TargetConfig"
      initParams = class java.util.HashMap@5e259c4e
      fileName = null
      displayName = null
      name = "jersey"
      description = null
      smallIcon = null
      largeIcon = null
      context = class com.ibm.ws.webcontainer40.facade.ServletContextFacade40@508735a1
      className = null
      asyncSupported = false
      _id = "ServletGeneratedId1"
      _attributes = null
      serialVersionUID = 7511545662945734886
      $$$tc$$$ = class com.ibm.websphere.ras.TraceComponent@46fec31f
    context = class com.ibm.ws.webcontainer40.osgi.webapp.WebApp40@1a17929b
      tc = class com.ibm.websphere.ras.TraceComponent@2513253d
      servlet40NLS = class com.ibm.ejs.ras.TraceNLS@64a6420
      CLASS_NAME = "com.ibm.ws.webcontainer40.osgi.webapp.WebApp40"
      defaultSessionTimeout = 30
      tc = class com.ibm.websphere.ras.TraceComponent@5fcb5125
      CLASS_NAME = "com.ibm.ws.webcontainer31.osgi.webapp.WebApp31"
      servlet31NLS = class com.ibm.ejs.ras.TraceNLS@7bd113bf
      validListenerClasses = class java.lang.Class[7]
      wsocServHandler = null
      tc = class com.ibm.websphere.ras.TraceComponent@1dee8630
      CLASS_NAME = "com.ibm.ws.webcontainer.osgi.webapp.WebApp"
      metaDataService = class com.ibm.ws.container.service.metadata.internal.MetaDataServiceImpl@3f1bcbb4
      namespacePopulated = false
      referenceContext = class com.ibm.ws.injectionengine.osgi.internal.OSGiReferenceContextImpl@65199039
      j2eeNameFactory = class com.ibm.ws.container.service.metadata.internal.J2EENameFactoryImpl@4c247b03
      moduleLoader = class com.ibm.ws.classloading.internal.AppClassLoader@455da2af
      webAppConfig = class com.ibm.ws.webcontainer.osgi.webapp.WebAppConfiguration@192f0dec
      extensionProcessingDisabled = false
      managedObjectService = class com.ibm.ws.managedobject.internal.ManagedObjectServiceImpl@2ebb54b6
      internalServletMetaData = interface com.ibm.wsspi.webcontainer.metadata.WebComponentMetaData[2]
      loginProcessor = null
      logoutProcessor = null
      collabHelper = class com.ibm.ws.webcontainer.osgi.collaborator.CollaboratorHelperImpl@70e1b26e
      envObject = class com.ibm.ws.util.WSThreadLocal@725e653b
      orderedLibPaths = class java.util.Collections$UnmodifiableRandomAccessList@30e27048
      perm = class com.ibm.websphere.security.WebSphereRuntimePermission@614bdb98
      WELCOME_FILE_LIST = "com.ibm.ws.webcontainer.config.WelcomeFileList"
      DIR_BROWSING_MAPPING = "__dirBrowsing__1608753096600"
      FILTER_PROXY_MAPPING = "/__filterProxy__1608753096600"
      logger = class com.ibm.ws.logging.internal.WsLogger@51f1e519
      CLASS_NAME = "com.ibm.ws.webcontainer.webapp.WebApp"
      loader = class com.ibm.ws.classloading.internal.ThreadContextClassLoader@45a4bf71
      facade = class com.ibm.ws.webcontainer40.facade.ServletContextFacade40@508735a1
      features = class java.util.ArrayList@73447fc9
      applicationName = "GraalVMJAXRSDemo"
      config = class com.ibm.ws.webcontainer.osgi.webapp.WebAppConfiguration@192f0dec
      securityEnabledForApp = null
      webExtensionProcessor = class com.ibm.ws.webcontainer.osgi.extension.WebExtensionProcessor@4c6cfd22
      production = true
      isServlet23 = true
      contextPath = "/GraalVMJAXRSDemo"
      internalServletList = class [Ljava.lang.String;[2]
      BY_NAME_ONLY = "/_1608753096600_/"
      filterManager = null
      documentRoot = null
      SERVLET_API_VERSION = "Servlet 2.5"
      disableServletAuditLogging = -1
      serverInfo = "IBM WebSphere Liberty/20.0.0.12"
      sessionCtx = class com.ibm.ws.webcontainer31.session.impl.HttpSessionContext31Impl@7b28155a
      eventSource = class com.ibm.ws.webcontainer.webapp.WebAppEventSource@188a7153
      nls = class com.ibm.ejs.ras.TraceNLS@2bc297c1
      liberty_nls = class com.ibm.ejs.ras.TraceNLS@ecfa76
      error_nls = class com.ibm.ejs.ras.TraceNLS@4a494d38
      sessionListeners = class java.util.ArrayList@71f003ee
      sessionIdListeners = class java.util.ArrayList@4eb3ee8e
      sessionAttrListeners = class java.util.ArrayList@296b9264
      addedSessionListeners = class java.util.ArrayList@294b2afc
      addedSessionAttrListeners = class java.util.ArrayList@5855a348
      servletContextListeners = class java.util.ArrayList@943f152
      servletContextLAttrListeners = class java.util.ArrayList@7c4eaaac
      servletRequestListeners = class java.util.ArrayList@ca27313
      servletRequestLAttrListeners = class java.util.ArrayList@7918ce2c
      prependSlashToResource = false
      destroyed = false
      webAppNameSpaceCollab = class com.ibm.ws.webcontainer.osgi.collaborator.WebAppNameSpaceCollaboratorImpl@1808c14f
      txCollab = class com.ibm.ws.webcontainer.collaborator.WebAppTransactionCollaborator@3e2d1b9f
      sessionActivationListeners = class java.util.ArrayList@6f47693c
      sessionBindingListeners = class java.util.ArrayList@6655a5b2
      scratchdir = null
      jspClassLoaderLimit = 0
      jspClassLoaderExclusionList = null
      jspClassLoadersMap = null
      jspClassLoaderLimitTrackIF = false
      defaultExtProc = null
      directoryBrowsingServlet = null
      cdiContexts = class java.util.concurrent.ConcurrentHashMap@79f06880
      moduleConfig = class com.ibm.ws.webcontainer.osgi.container.DeployedModule@4626a03c
      extensionFactories = class java.util.ArrayList@12fc3f4d
      initialized = false
      lock = class com.ibm.ws.webcontainer.webapp.WebApp$1@59cf7095
      afterServletContextCreated = false
      redirectContextRoot = false
      errorExceptionTypeFirst = false
      initFilterBeforeServletInit = false
      SET_400_SC_ON_TOO_MANY_PARENT_DIRS = false
      sortedServletConfigs = class java.util.ArrayList@2381a744
      effectiveMajorVersion = 2
      effectiveMinorVersion = 4
      canAddServletContextListener = true
      withinContextInitOfProgAddListener = false
      lastProgAddListenerInitialized = null
      webInfLibClassloader = null
      metaInfCache = class com.ibm.ws.webcontainer.webapp.WebApp$2@5055d448
      useMetaInfCache = true
      SUN_CONFIGURE_LISTENER_CLASSNAME = "com.sun.faces.config.ConfigureListener"
      MYFACES_LIFECYCLE_LISTENER_CLASSNAME = "org.apache.myfaces.webapp.StartupServletContextListener"
      JSF_IMPL_ENABLED_PARAM = "com.ibm.ws.jsf.JSF_IMPL_ENABLED"
      JSF_IMPL_ENABLED_CUSTOM = "Custom"
      JSF_IMPL_ENABLED_NONE = "None"
      staticDocRoot = class com.ibm.ws.webcontainer.util.DocumentRootUtils@23a08f58
      jspDocRoot = class com.ibm.ws.webcontainer.util.DocumentRootUtils@1c90861
      container = class com.ibm.ws.adaptable.module.internal.AdaptableContainerImpl@38c5ff33
      metaInfResourceFinder = class com.ibm.ws.webcontainer.util.MetaInfResourceFinder@2fdc249b
      postConstructMethods = class com.ibm.ws.webcontainer.webapp.WebApp$AnnotatedMethods@51d542bc
      preDestroyMethods = class com.ibm.ws.webcontainer.webapp.WebApp$AnnotatedMethods@76a8cd91
      OBJ_EMPTY = class java.lang.Object[0]
      CLASS_EMPTY = class java.lang.Class[0]
      DEFAULT_JSP_EXTENSIONS = class java.util.ArrayList@3feb4925
      DEFER_SERVLET_REQUEST_LISTENER_DESTROY_ON_ERROR = false
      DO_ACCEPT_PARTIAL = true
      DO_NOT_ACCEPT_PARTIAL = false
      DO_ACCEPT_EXCLUDED = true
      DO_NOT_ACCEPT_EXCLUDED = false
      commands = class java.util.ArrayList@a66369a
      requestMapper = class com.ibm.wsspi.webcontainer.util.URIMapper@3a92b602
      parent = class com.ibm.ws.webcontainer.osgi.webapp.WebGroup@5fd57214
      name = "GraalVMJAXRSDemo"
      isAlive = true
      subElements = null
      attributes = class java.util.concurrent.ConcurrentHashMap@7fafff07
      config = null
      serialVersionUID = -8271459000149267764
      $$$tc$$$ = class com.ibm.websphere.ras.TraceComponent@42a3507
    target = null
    cacheWrappers = null
    targetLoader = class com.ibm.ws.classloading.internal.ThreadContextClassLoader@45a4bf71
    evtSource = class com.ibm.ws.webcontainer.webapp.WebAppEventSource@188a7153
      _invocationListeners = class com.ibm.ws.webcontainer.util.EventListeners@774f3b66
      _servletListeners = class com.ibm.ws.webcontainer.util.EventListeners@6c746192
      _errorListeners = class com.ibm.ws.webcontainer.util.EventListeners@92427a
      _applicationListeners = class com.ibm.ws.webcontainer.util.EventListeners@49ec495b
      _filterInvocationListeners = class com.ibm.ws.webcontainer.util.EventListeners@47f6cf0b
      _filterListeners = class com.ibm.ws.webcontainer.util.EventListeners@8414e96
      _filterErrorListeners = class com.ibm.ws.webcontainer.util.EventListeners@1ad24c76
    event = null
    unavailableMessage = null
    unavailableUntil = -1
    isSTM = false
    internalServlet = false
    webAppInvocationCollaborators = null
    platformHelper = class com.ibm.ws.webcontainer.PlatformHelper@4429afc6
    webAppNameSpaceCollab = class com.ibm.ws.webcontainer.osgi.collaborator.WebAppNameSpaceCollaboratorImpl@1808c14f
      cmdai = class com.ibm.ws.threadContext.ComponentMetaDataAccessorImpl@8237f28
    txCollab = class com.ibm.ws.webcontainer.collaborator.WebAppTransactionCollaborator@3e2d1b9f
      logger = class com.ibm.ws.logging.internal.WsLogger@678470f9
      CLASS_NAME = "com.ibm.ws.webcontainer.collaborator.WebAppTransactionCollaborator"
    suppressServletExceptionLogging = false
    throwExceptionEnum = class java.util.RegularEnumSet@75e6f5e0
      serialVersionUID = 3411599620347842686
      elements = 256
      elementType = class java.lang.Class@38282edd
      universe = class com.ibm.wsspi.webcontainer.collaborator.CollaboratorInvocationEnum[9]
      ZERO_LENGTH_ENUM_ARRAY = class java.lang.Enum[0]
      MAX_ARRAY_SIZE = 2147483639
    discernUnavailableServlet = false
    reInitServletonInitUnavailableException = true
    destroyServletonServiceUnavailableException = false
    servlet23 = true
    PARAMS_HEAD_TRACE = class java.lang.Class[2]
      Class[0] = class java.lang.Class@7703168a
      Class[1] = class java.lang.Class@514c0ddf
    defaultHeadMethodInUse = false
    defaultTraceMethodInUse = false
    checkedForDefaultMethods = null
    defaultTraceRequestBehavior = false
    defaultHeadRequestBehavior = false
    useOriginalRequestState = false
    warningStatusSet = false
    LSTRING_FILE = "javax.servlet.LocalStrings"
    lStrings = class java.util.PropertyResourceBundle@74439154
      lookup = class java.util.HashMap@7786d690
      INITIAL_CACHE_SIZE = 32
      NONEXISTENT_BUNDLE = class java.util.ResourceBundle$1@2fc4148f
      cacheList = class java.util.concurrent.ConcurrentHashMap@68e65078
      referenceQueue = class java.lang.ref.ReferenceQueue@291539a2
      parent = null
      locale = class java.util.Locale@22c72cf9
      name = "javax.servlet.LocalStrings"
      expired = false
      cacheKey = class java.util.ResourceBundle$CacheKey@2da83442
      keySet = null
      providers = null
      $assertionsDisabled = true
    config = null

