********************************************************************************
product = Open Liberty 20.0.0.12 (wlp-1.0.47.cl201220201111-0736)
wlp.install.dir = /home/sseighma/code/java/liberty/guide-rest-intro/start/target/liberty/wlp/
java.home = /home/sseighma/.sdkman/candidates/java/8.0.265-open/jre
java.version = 1.8.0_265
java.runtime = OpenJDK Runtime Environment (1.8.0_265-b01)
os = Linux (4.19.128-microsoft-standard; amd64) (en)
process = 3700@sws-ryzen
********************************************************************************
[12/23/20 16:09:45:845 EST] 00000001 com.ibm.ws.kernel.launch.internal.FrameworkManager           A CWWKE0001I: The server defaultServer has been launched.
[12/23/20 16:09:46:093 EST] 00000016 com.ibm.ws.config.xml.internal.ServerXMLConfiguration        A CWWKG0093A: Processing configuration drop-ins resource: /home/sseighma/code/java/liberty/guide-rest-intro/start/target/liberty/wlp/usr/servers/defaultServer/configDropins/overrides/liberty-plugin-variable-config.xml
[12/23/20 16:09:46:190 EST] 00000001 com.ibm.ws.kernel.launch.internal.FrameworkManager           I CWWKE0002I: The kernel started after 0.443 seconds
[12/23/20 16:09:46:198 EST] 00000021 com.ibm.ws.kernel.feature.internal.FeatureManager            I CWWKF0007I: Feature update started.
[12/23/20 16:09:46:304 EST] 00000018 g.apache.cxf.cxf.core.3.2:1.0.47.cl201220201111-0736(id=88)] I Aries Blueprint packages not available. So namespaces will not be registered
[12/23/20 16:09:46:456 EST] 00000016 com.ibm.ws.app.manager.internal.monitor.DropinMonitor        A CWWKZ0058I: Monitoring dropins for applications.
[12/23/20 16:09:46:562 EST] 00000027 com.ibm.ws.app.manager.AppMessageHelper                      I CWWKZ0018I: Starting application GraalVMJAXRSDemo.
[12/23/20 16:09:46:563 EST] 00000027 bm.ws.app.manager.war.internal.WARDeployedAppInfoFactoryImpl I CWWKZ0134I: The GraalVMJAXRSDemo application is using the loose application definition at the /home/sseighma/code/java/liberty/guide-rest-intro/start/target/liberty/wlp/usr/servers/defaultServer/apps/GraalVMJAXRSDemo.war.xml location.
[12/23/20 16:09:46:841 EST] 00000027 com.ibm.ws.session.WASSessionCore                            I SESN8501I: The session manager did not find a persistent storage location; HttpSession objects will be stored in the local application server's memory.
[12/23/20 16:09:46:846 EST] 00000027 com.ibm.ws.webcontainer.osgi.webapp.WebGroup                 I SRVE0169I: Loading Web Module: GraalVM Enterprise and Weblogic demo.
[12/23/20 16:09:46:847 EST] 00000027 com.ibm.ws.webcontainer                                      I SRVE0250I: Web Module GraalVM Enterprise and Weblogic demo has been bound to default_host.
[12/23/20 16:09:46:848 EST] 00000027 com.ibm.ws.http.internal.VirtualHostImpl                     A CWWKT0016I: Web application available (default_host): http://172.24.99.24:9080/GraalVMJAXRSDemo/
[12/23/20 16:09:46:864 EST] 0000002d com.ibm.ws.session.WASSessionCore                            I SESN0176I: A new session context will be created for application key default_host/GraalVMJAXRSDemo
[12/23/20 16:09:46:870 EST] 0000002d com.ibm.ws.util                                              I SESN0172I: The session manager is using the Java default SecureRandom implementation for session ID generation.
[12/23/20 16:09:46:874 EST] 0000002e com.ibm.ws.webcontainer.osgi.mbeans.PluginGenerator          I SRVE9103I: A configuration file for a web server plugin was automatically generated for this server at /home/sseighma/code/java/liberty/guide-rest-intro/start/target/liberty/wlp/usr/servers/defaultServer/logs/state/plugin-cfg.xml.
[12/23/20 16:09:47:005 EST] 0000002d com.ibm.ws.app.manager.AppMessageHelper                      A CWWKZ0001I: Application GraalVMJAXRSDemo started in 0.443 seconds.
[12/23/20 16:09:47:015 EST] 00000021 com.ibm.ws.tcpchannel.internal.TCPPort                       I CWWKO0219I: TCP Channel defaultHttpEndpoint has been started and is now listening for requests on host *  (IPv6) port 9080.
[12/23/20 16:09:47:017 EST] 00000021 com.ibm.ws.kernel.feature.internal.FeatureManager            A CWWKF0012I: The server installed the following features: [jaxrs-2.1, jaxrsClient-2.1, jsonp-1.1, servlet-4.0].
[12/23/20 16:09:47:018 EST] 00000021 com.ibm.ws.kernel.feature.internal.FeatureManager            I CWWKF0008I: Feature update completed in 0.827 seconds.
[12/23/20 16:09:47:018 EST] 00000021 com.ibm.ws.kernel.feature.internal.FeatureManager            A CWWKF0011I: The defaultServer server is ready to run a smarter planet. The defaultServer server started in 1.272 seconds.
[12/23/20 16:09:47:028 EST] 0000002d com.sun.jersey.api.core.PackagesResourceConfig               I Scanning for root resource and provider classes in the packages:
  com.marthen.rest
[12/23/20 16:09:47:051 EST] 0000002d com.sun.jersey.api.core.ScanningResourceConfig               I Root resource classes found:
  class com.marthen.rest.JerseyRestService
[12/23/20 16:09:47:051 EST] 0000002d com.sun.jersey.api.core.ScanningResourceConfig               I No provider classes found.
[12/23/20 16:09:47:116 EST] 0000002d com.sun.jersey.server.impl.application.WebApplicationImpl    I Initiating Jersey application, version 'Jersey: 1.19 02/11/2015 03:25 AM'
[12/23/20 16:09:47:522 EST] 0000002d com.ibm.ws.webcontainer.servlet                              I SRVE0242I: [GraalVMJAXRSDemo] [/GraalVMJAXRSDemo] [jersey]: Initialization successful.
[12/23/20 16:09:49:543 EST] 00000038 com.ibm.ws.http.internal.VirtualHostImpl                     A CWWKT0017I: Web application removed (default_host): http://172.24.99.24:9080/GraalVMJAXRSDemo/
[12/23/20 16:09:49:544 EST] 00000038 com.ibm.ws.webcontainer.servlet                              I SRVE0253I: [GraalVMJAXRSDemo] [/GraalVMJAXRSDemo] [jersey]: Destroy successful.
[12/23/20 16:09:49:551 EST] 00000038 com.ibm.ws.app.manager.AppMessageHelper                      A CWWKZ0009I: The application GraalVMJAXRSDemo has stopped successfully.
[12/23/20 16:09:49:554 EST] 00000038 com.ibm.ws.app.manager.AppMessageHelper                      I CWWKZ0018I: Starting application GraalVMJAXRSDemo.
[12/23/20 16:09:49:554 EST] 00000038 bm.ws.app.manager.war.internal.WARDeployedAppInfoFactoryImpl I CWWKZ0134I: The GraalVMJAXRSDemo application is using the loose application definition at the /home/sseighma/code/java/liberty/guide-rest-intro/start/target/liberty/wlp/usr/servers/defaultServer/apps/GraalVMJAXRSDemo.war.xml location.
[12/23/20 16:09:49:579 EST] 00000038 com.ibm.ws.webcontainer.osgi.webapp.WebGroup                 I SRVE0169I: Loading Web Module: GraalVM Enterprise and Weblogic demo.
[12/23/20 16:09:49:579 EST] 00000038 com.ibm.ws.webcontainer                                      I SRVE0250I: Web Module GraalVM Enterprise and Weblogic demo has been bound to default_host.
[12/23/20 16:09:49:579 EST] 00000038 com.ibm.ws.http.internal.VirtualHostImpl                     A CWWKT0016I: Web application available (default_host): http://172.24.99.24:9080/GraalVMJAXRSDemo/
[12/23/20 16:09:49:580 EST] 0000003f com.ibm.ws.session.WASSessionCore                            I SESN0176I: A new session context will be created for application key default_host/GraalVMJAXRSDemo
[12/23/20 16:09:49:580 EST] 0000003f com.ibm.ws.util                                              I SESN0172I: The session manager is using the Java default SecureRandom implementation for session ID generation.
[12/23/20 16:09:49:617 EST] 0000003f com.ibm.ws.app.manager.AppMessageHelper                      A CWWKZ0003I: The application GraalVMJAXRSDemo updated in 0.063 seconds.
[12/23/20 16:09:49:627 EST] 0000003f com.sun.jersey.api.core.PackagesResourceConfig               I Scanning for root resource and provider classes in the packages:
  com.marthen.rest
[12/23/20 16:09:49:643 EST] 0000003f com.sun.jersey.api.core.ScanningResourceConfig               I Root resource classes found:
  class com.marthen.rest.JerseyRestService
[12/23/20 16:09:49:643 EST] 0000003f com.sun.jersey.api.core.ScanningResourceConfig               I No provider classes found.
[12/23/20 16:09:49:649 EST] 0000003e com.ibm.ws.webcontainer.osgi.mbeans.PluginGenerator          I SRVE9103I: A configuration file for a web server plugin was automatically generated for this server at /home/sseighma/code/java/liberty/guide-rest-intro/start/target/liberty/wlp/usr/servers/defaultServer/logs/state/plugin-cfg.xml.
[12/23/20 16:09:49:667 EST] 00000038 com.ibm.ws.webcontainer.osgi.mbeans.PluginGenerator          I SRVE9103I: A configuration file for a web server plugin was automatically generated for this server at /home/sseighma/code/java/liberty/guide-rest-intro/start/target/liberty/wlp/usr/servers/defaultServer/logs/state/plugin-cfg.xml.
[12/23/20 16:09:49:687 EST] 0000003f com.sun.jersey.server.impl.application.WebApplicationImpl    I Initiating Jersey application, version 'Jersey: 1.19 02/11/2015 03:25 AM'
[12/23/20 16:09:49:980 EST] 0000003f com.ibm.ws.webcontainer.servlet                              I SRVE0242I: [GraalVMJAXRSDemo] [/GraalVMJAXRSDemo] [jersey]: Initialization successful.
[12/23/20 16:15:13:145 EST] 00000012 com.ibm.ws.kernel.launch.internal.FrameworkManager           A CWWKE0085I: The server defaultServer is stopping because the JVM is exiting.
[12/23/20 16:15:13:147 EST] 00000041 com.ibm.ws.runtime.update.internal.RuntimeUpdateManagerImpl  A CWWKE1100I: Waiting for up to 30 seconds for the server to quiesce.
[12/23/20 16:15:13:150 EST] 00000035 com.ibm.ws.tcpchannel.internal.TCPChannel                    I CWWKO0220I: TCP Channel defaultHttpEndpoint has stopped listening for requests on host *  (IPv6) port 9080.
[12/23/20 16:15:13:150 EST] 00000035 com.ibm.ws.http.internal.VirtualHostImpl                     A CWWKT0017I: Web application removed (default_host): http://172.24.99.24:9080/GraalVMJAXRSDemo/
[12/23/20 16:15:13:223 EST] 00000013 com.ibm.ws.kernel.launch.internal.ServerCommandListener      A CWWKE0055I: Server shutdown requested on Wednesday, December 23, 2020 at 4:15 PM. The server defaultServer is shutting down.
[12/23/20 16:15:14:152 EST] 00000041 com.ibm.ws.runtime.update.internal.RuntimeUpdateManagerImpl  I CWWKE1101I: Server quiesce complete.
[12/23/20 16:15:14:179 EST] 00000027 com.ibm.ws.app.manager.AppMessageHelper                      A CWWKZ0009I: The application GraalVMJAXRSDemo has stopped successfully.
[12/23/20 16:15:14:344 EST] 00000001 com.ibm.ws.kernel.launch.internal.FrameworkManager           A CWWKE0036I: The server defaultServer stopped after 5 minutes, 28.598 seconds.
